<?xml version="1.0" encoding="UTF-8"?>
<coverage generated="1752801522832" clover="3.2.0">
  <project timestamp="1752801522832" name="All files">
    <metrics statements="589" coveredstatements="541" conditionals="248" coveredconditionals="229" methods="55" coveredmethods="52" elements="892" coveredelements="822" complexity="0" loc="589" ncloc="589" packages="1" files="6" classes="6"/>
    <file name="board.js" path="/Users/longzheng/Documents/Code/JSChess/js/board.js">
      <metrics statements="193" coveredstatements="155" conditionals="76" coveredconditionals="59" methods="14" coveredmethods="13"/>
      <line num="3" count="2" type="stmt"/>
      <line num="4" count="2" type="stmt"/>
      <line num="5" count="2" type="stmt"/>
      <line num="6" count="2" type="stmt"/>
      <line num="8" count="2" type="stmt"/>
      <line num="10" count="2" type="stmt"/>
      <line num="11" count="2" type="stmt"/>
      <line num="12" count="2" type="stmt"/>
      <line num="14" count="2" type="stmt"/>
      <line num="20" count="2" type="stmt"/>
      <line num="23" count="2" type="stmt"/>
      <line num="25" count="2" type="stmt"/>
      <line num="30" count="2" type="stmt"/>
      <line num="36" count="2" type="stmt"/>
      <line num="38" count="2" type="stmt"/>
      <line num="41" count="2" type="stmt"/>
      <line num="42" count="2" type="stmt"/>
      <line num="43" count="2" type="stmt"/>
      <line num="47" count="2" type="stmt"/>
      <line num="48" count="4096" type="stmt"/>
      <line num="59" count="0" type="stmt"/>
      <line num="60" count="0" type="stmt"/>
      <line num="61" count="0" type="stmt"/>
      <line num="63" count="0" type="stmt"/>
      <line num="64" count="0" type="stmt"/>
      <line num="65" count="0" type="stmt"/>
      <line num="70" count="0" type="stmt"/>
      <line num="71" count="0" type="stmt"/>
      <line num="72" count="0" type="stmt"/>
      <line num="73" count="0" type="cond" truecount="0" falsecount="2"/>
      <line num="74" count="0" type="stmt"/>
      <line num="75" count="0" type="stmt"/>
      <line num="80" count="0" type="stmt"/>
      <line num="81" count="0" type="stmt"/>
      <line num="82" count="0" type="stmt"/>
      <line num="83" count="0" type="stmt"/>
      <line num="84" count="0" type="stmt"/>
      <line num="87" count="0" type="stmt"/>
      <line num="88" count="0" type="cond" truecount="0" falsecount="2"/>
      <line num="89" count="0" type="stmt"/>
      <line num="90" count="0" type="stmt"/>
      <line num="94" count="0" type="cond" truecount="0" falsecount="4"/>
      <line num="97" count="0" type="stmt"/>
      <line num="98" count="0" type="stmt"/>
      <line num="101" count="0" type="cond" truecount="0" falsecount="4"/>
      <line num="102" count="0" type="stmt"/>
      <line num="103" count="0" type="stmt"/>
      <line num="106" count="0" type="cond" truecount="0" falsecount="2"/>
      <line num="107" count="0" type="stmt"/>
      <line num="108" count="0" type="stmt"/>
      <line num="110" count="0" type="stmt"/>
      <line num="115" count="126" type="stmt"/>
      <line num="116" count="126" type="stmt"/>
      <line num="117" count="1008" type="stmt"/>
      <line num="118" count="1008" type="stmt"/>
      <line num="119" count="8064" type="stmt"/>
      <line num="120" count="8064" type="stmt"/>
      <line num="121" count="8064" type="stmt"/>
      <line num="123" count="1008" type="stmt"/>
      <line num="125" count="126" type="stmt"/>
      <line num="126" count="126" type="stmt"/>
      <line num="127" count="1008" type="stmt"/>
      <line num="130" count="126" type="stmt"/>
      <line num="131" count="126" type="stmt"/>
      <line num="132" count="126" type="stmt"/>
      <line num="133" count="126" type="stmt"/>
      <line num="135" count="126" type="cond" truecount="2" falsecount="0"/>
      <line num="136" count="20" type="stmt"/>
      <line num="138" count="126" type="cond" truecount="2" falsecount="0"/>
      <line num="139" count="18" type="stmt"/>
      <line num="141" count="126" type="cond" truecount="2" falsecount="0"/>
      <line num="142" count="20" type="stmt"/>
      <line num="144" count="126" type="cond" truecount="2" falsecount="0"/>
      <line num="145" count="18" type="stmt"/>
      <line num="148" count="126" type="stmt"/>
      <line num="149" count="126" type="stmt"/>
      <line num="153" count="127" type="stmt"/>
      <line num="155" count="127" type="stmt"/>
      <line num="156" count="15240" type="stmt"/>
      <line num="157" count="15240" type="cond" truecount="4" falsecount="0"/>
      <line num="158" count="666" type="stmt"/>
      <line num="161" count="127" type="cond" truecount="2" falsecount="0"/>
      <line num="162" count="64" type="stmt"/>
      <line num="164" count="127" type="cond" truecount="1" falsecount="1"/>
      <line num="165" count="0" type="stmt"/>
      <line num="167" count="127" type="stmt"/>
      <line num="168" count="127" type="stmt"/>
      <line num="172" count="127" type="stmt"/>
      <line num="173" count="1524" type="stmt"/>
      <line num="174" count="666" type="stmt"/>
      <line num="181" count="127" type="stmt"/>
      <line num="182" count="127" type="stmt"/>
      <line num="183" count="127" type="stmt"/>
      <line num="186" count="127" type="stmt"/>
      <line num="187" count="8128" type="stmt"/>
      <line num="188" count="8128" type="stmt"/>
      <line num="189" count="8128" type="cond" truecount="2" falsecount="0"/>
      <line num="190" count="666" type="stmt"/>
      <line num="191" count="666" type="stmt"/>
      <line num="192" count="666" type="stmt"/>
      <line num="193" count="666" type="stmt"/>
      <line num="196" count="127" type="stmt"/>
      <line num="201" count="127" type="stmt"/>
      <line num="208" count="127" type="stmt"/>
      <line num="209" count="8128" type="stmt"/>
      <line num="211" count="127" type="stmt"/>
      <line num="212" count="127" type="stmt"/>
      <line num="213" count="127" type="stmt"/>
      <line num="214" count="127" type="stmt"/>
      <line num="215" count="127" type="stmt"/>
      <line num="216" count="127" type="stmt"/>
      <line num="217" count="127" type="stmt"/>
      <line num="218" count="127" type="stmt"/>
      <line num="222" count="127" type="stmt"/>
      <line num="223" count="127" type="stmt"/>
      <line num="224" count="127" type="stmt"/>
      <line num="225" count="127" type="stmt"/>
      <line num="226" count="127" type="stmt"/>
      <line num="227" count="127" type="stmt"/>
      <line num="228" count="127" type="stmt"/>
      <line num="231" count="127" type="stmt"/>
      <line num="232" count="1016" type="stmt"/>
      <line num="233" count="1016" type="stmt"/>
      <line num="234" count="1924" type="stmt"/>
      <line num="235" count="1924" type="cond" truecount="1" falsecount="1"/>
      <line num="236" count="0" type="stmt"/>
      <line num="237" count="0" type="stmt"/>
      <line num="239" count="1924" type="cond" truecount="2" falsecount="0"/>
      <line num="241" count="666" type="stmt"/>
      <line num="245" count="1258" type="stmt"/>
      <line num="248" count="1016" type="stmt"/>
      <line num="251" count="127" type="cond" truecount="2" falsecount="0"/>
      <line num="253" count="127" type="stmt"/>
      <line num="254" count="170" type="stmt"/>
      <line num="255" count="170" type="cond" truecount="2" falsecount="0"/>
      <line num="256" count="90" type="stmt"/>
      <line num="257" count="90" type="stmt"/>
      <line num="259" count="80" type="stmt"/>
      <line num="261" count="127" type="cond" truecount="1" falsecount="1"/>
      <line num="262" count="0" type="stmt"/>
      <line num="263" count="0" type="stmt"/>
      <line num="264" count="0" type="stmt"/>
      <line num="265" count="0" type="stmt"/>
      <line num="267" count="127" type="stmt"/>
      <line num="268" count="127" type="stmt"/>
      <line num="269" count="127" type="stmt"/>
      <line num="277" count="438876362" type="cond" truecount="2" falsecount="0"/>
      <line num="278" count="115088884" type="cond" truecount="4" falsecount="0"/>
      <line num="279" count="223498" type="stmt"/>
      <line num="283" count="323787478" type="cond" truecount="4" falsecount="0"/>
      <line num="284" count="736979" type="stmt"/>
      <line num="289" count="437915885" type="stmt"/>
      <line num="290" count="3498080588" type="stmt"/>
      <line num="291" count="3498080588" type="cond" truecount="5" falsecount="0"/>
      <line num="293" count="1504319" type="stmt"/>
      <line num="298" count="436411566" type="stmt"/>
      <line num="299" count="1708395621" type="stmt"/>
      <line num="300" count="1708395621" type="stmt"/>
      <line num="301" count="1708395621" type="stmt"/>
      <line num="302" count="1708395621" type="stmt"/>
      <line num="303" count="4282717934" type="cond" truecount="2" falsecount="0"/>
      <line num="304" count="841475812" type="cond" truecount="4" falsecount="0"/>
      <line num="306" count="23698808" type="stmt"/>
      <line num="308" count="817777004" type="stmt"/>
      <line num="310" count="3441242122" type="stmt"/>
      <line num="311" count="3441242122" type="stmt"/>
      <line num="316" count="412712758" type="stmt"/>
      <line num="317" count="1647368930" type="stmt"/>
      <line num="318" count="1647368930" type="stmt"/>
      <line num="319" count="1647368930" type="stmt"/>
      <line num="320" count="1647368930" type="stmt"/>
      <line num="321" count="2147907444" type="cond" truecount="2" falsecount="0"/>
      <line num="322" count="513054709" type="cond" truecount="4" falsecount="0"/>
      <line num="324" count="3677439" type="stmt"/>
      <line num="326" count="509377270" type="stmt"/>
      <line num="328" count="1634852735" type="stmt"/>
      <line num="329" count="1634852735" type="stmt"/>
      <line num="334" count="409035319" type="stmt"/>
      <line num="335" count="3269571664" type="stmt"/>
      <line num="336" count="3269571664" type="cond" truecount="5" falsecount="0"/>
      <line num="338" count="854141" type="stmt"/>
      <line num="342" count="408181178" type="stmt"/>
      <line num="348" count="127" type="stmt"/>
      <line num="349" count="127" type="stmt"/>
      <line num="350" count="1016" type="stmt"/>
      <line num="351" count="1016" type="stmt"/>
      <line num="352" count="8128" type="stmt"/>
      <line num="353" count="8128" type="cond" truecount="2" falsecount="0"/>
      <line num="354" count="1500" type="stmt"/>
      <line num="357" count="6628" type="stmt"/>
      <line num="359" count="8128" type="stmt"/>
      <line num="361" count="1016" type="stmt"/>
      <line num="363" count="127" type="stmt"/>
    </file>
    <file name="defs.js" path="/Users/longzheng/Documents/Code/JSChess/js/defs.js">
      <metrics statements="96" coveredstatements="95" conditionals="2" coveredconditionals="2" methods="18" coveredmethods="17"/>
      <line num="3" count="3" type="stmt"/>
      <line num="6" count="3" type="stmt"/>
      <line num="7" count="3" type="stmt"/>
      <line num="9" count="3" type="stmt"/>
      <line num="12" count="3" type="stmt"/>
      <line num="15" count="3" type="stmt"/>
      <line num="17" count="3" type="stmt"/>
      <line num="20" count="3" type="stmt"/>
      <line num="26" count="3" type="stmt"/>
      <line num="28" count="3" type="stmt"/>
      <line num="29" count="3" type="stmt"/>
      <line num="30" count="3" type="stmt"/>
      <line num="33" count="3" type="stmt"/>
      <line num="35" count="3" type="stmt"/>
      <line num="36" count="3" type="stmt"/>
      <line num="38" count="3" type="stmt"/>
      <line num="40" count="3" type="stmt"/>
      <line num="41" count="3" type="stmt"/>
      <line num="42" count="3" type="stmt"/>
      <line num="43" count="3" type="stmt"/>
      <line num="46" count="3" type="stmt"/>
      <line num="47" count="3" type="stmt"/>
      <line num="48" count="3" type="stmt"/>
      <line num="49" count="3" type="stmt"/>
      <line num="50" count="3" type="stmt"/>
      <line num="54" count="3" type="stmt"/>
      <line num="55" count="3" type="stmt"/>
      <line num="56" count="3" type="stmt"/>
      <line num="57" count="3" type="stmt"/>
      <line num="58" count="3" type="stmt"/>
      <line num="60" count="3" type="stmt"/>
      <line num="62" count="3" type="stmt"/>
      <line num="63" count="3" type="stmt"/>
      <line num="64" count="3" type="stmt"/>
      <line num="65" count="3" type="stmt"/>
      <line num="67" count="3" type="stmt"/>
      <line num="68" count="3" type="stmt"/>
      <line num="70" count="3" type="stmt"/>
      <line num="71" count="3" type="stmt"/>
      <line num="72" count="3" type="stmt"/>
      <line num="73" count="3" type="stmt"/>
      <line num="80" count="3" type="stmt"/>
      <line num="81" count="3" type="stmt"/>
      <line num="83" count="3" type="stmt"/>
      <line num="84" count="3" type="stmt"/>
      <line num="86" count="3" type="stmt"/>
      <line num="87" count="3" type="stmt"/>
      <line num="88" count="3" type="stmt"/>
      <line num="90" count="3" type="stmt"/>
      <line num="96" count="3" type="stmt"/>
      <line num="139" count="3" type="stmt"/>
      <line num="140" count="3" type="stmt"/>
      <line num="141" count="3" type="stmt"/>
      <line num="143" count="3" type="stmt"/>
      <line num="144" count="3" type="stmt"/>
      <line num="146" count="3" type="stmt"/>
      <line num="147" count="3" type="stmt"/>
      <line num="151" count="3" type="stmt"/>
      <line num="152" count="3" type="stmt"/>
      <line num="154" count="3" type="stmt"/>
      <line num="155" count="24" type="stmt"/>
      <line num="156" count="192" type="stmt"/>
      <line num="157" count="192" type="stmt"/>
      <line num="158" count="192" type="stmt"/>
      <line num="168" count="17306" type="stmt"/>
      <line num="169" count="17306" type="stmt"/>
      <line num="170" count="17306" type="stmt"/>
      <line num="176" count="3" type="stmt"/>
      <line num="177" count="5040" type="stmt"/>
      <line num="179" count="3" type="stmt"/>
      <line num="180" count="3" type="stmt"/>
      <line num="181" count="48" type="stmt"/>
      <line num="186" count="5091" type="stmt"/>
      <line num="191" count="3" type="stmt"/>
      <line num="192" count="3" type="stmt"/>
      <line num="194" count="3" type="stmt"/>
      <line num="195" count="3" type="stmt"/>
      <line num="196" count="3" type="stmt"/>
      <line num="197" count="24" type="stmt"/>
      <line num="198" count="192" type="stmt"/>
      <line num="199" count="192" type="stmt"/>
      <line num="200" count="192" type="stmt"/>
      <line num="212" count="0" type="stmt"/>
      <line num="222" count="16256" type="stmt"/>
      <line num="229" count="3136170222" type="stmt"/>
      <line num="233" count="851351374" type="stmt"/>
      <line num="236" count="851351374" type="stmt"/>
      <line num="239" count="851349966" type="stmt"/>
      <line num="242" count="851351374" type="stmt"/>
      <line num="246" count="1838596798" type="stmt"/>
      <line num="250" count="1702699932" type="stmt"/>
      <line num="254" count="851349966" type="stmt"/>
      <line num="258" count="34456400" type="stmt"/>
      <line num="262" count="656321747" type="cond" truecount="2" falsecount="0"/>
      <line num="263" count="131204978" type="stmt"/>
      <line num="265" count="525116769" type="stmt"/>
    </file>
    <file name="io.js" path="/Users/longzheng/Documents/Code/JSChess/js/io.js">
      <metrics statements="26" coveredstatements="21" conditionals="12" coveredconditionals="12" methods="4" coveredmethods="3"/>
      <line num="3" count="2" type="stmt"/>
      <line num="7" count="666" type="stmt"/>
      <line num="12" count="1408" type="stmt"/>
      <line num="13" count="1408" type="stmt"/>
      <line num="14" count="1408" type="stmt"/>
      <line num="15" count="1408" type="stmt"/>
      <line num="16" count="1408" type="stmt"/>
      <line num="17" count="1408" type="stmt"/>
      <line num="19" count="1408" type="stmt"/>
      <line num="20" count="1408" type="stmt"/>
      <line num="22" count="1408" type="stmt"/>
      <line num="23" count="1408" type="cond" truecount="2" falsecount="0"/>
      <line num="24" count="80" type="stmt"/>
      <line num="25" count="80" type="cond" truecount="2" falsecount="0"/>
      <line num="26" count="20" type="stmt"/>
      <line num="28" count="60" type="cond" truecount="4" falsecount="0"/>
      <line num="30" count="20" type="stmt"/>
      <line num="32" count="40" type="cond" truecount="4" falsecount="0"/>
      <line num="34" count="20" type="stmt"/>
      <line num="36" count="80" type="stmt"/>
      <line num="38" count="1408" type="stmt"/>
      <line num="43" count="0" type="stmt"/>
      <line num="44" count="0" type="stmt"/>
      <line num="45" count="0" type="stmt"/>
      <line num="46" count="0" type="stmt"/>
      <line num="47" count="0" type="stmt"/>
    </file>
    <file name="makemove.js" path="/Users/longzheng/Documents/Code/JSChess/js/makemove.js">
      <metrics statements="123" coveredstatements="119" conditionals="50" coveredconditionals="48" methods="6" coveredmethods="6"/>
      <line num="3" count="1" type="stmt"/>
      <line num="7" count="55533385" type="stmt"/>
      <line num="8" count="55533385" type="stmt"/>
      <line num="9" count="55533385" type="stmt"/>
      <line num="11" count="55533385" type="stmt"/>
      <line num="12" count="55533385" type="stmt"/>
      <line num="13" count="55533385" type="stmt"/>
      <line num="15" count="55533385" type="stmt"/>
      <line num="16" count="159540508" type="cond" truecount="2" falsecount="0"/>
      <line num="17" count="55533385" type="stmt"/>
      <line num="18" count="55533385" type="stmt"/>
      <line num="22" count="55533385" type="stmt"/>
      <line num="27" count="55533385" type="stmt"/>
      <line num="28" count="55533385" type="stmt"/>
      <line num="29" count="55533385" type="stmt"/>
      <line num="30" count="55533385" type="stmt"/>
      <line num="31" count="55533385" type="stmt"/>
      <line num="35" count="863765014" type="stmt"/>
      <line num="36" count="863765014" type="stmt"/>
      <line num="37" count="863765014" type="stmt"/>
      <line num="39" count="863765014" type="stmt"/>
      <line num="40" count="863765014" type="stmt"/>
      <line num="42" count="863765014" type="stmt"/>
      <line num="43" count="1426600592" type="cond" truecount="2" falsecount="0"/>
      <line num="44" count="863765014" type="stmt"/>
      <line num="45" count="863765014" type="stmt"/>
      <line num="51" count="425674983" type="stmt"/>
      <line num="52" count="425674983" type="stmt"/>
      <line num="53" count="425674983" type="stmt"/>
      <line num="55" count="425674983" type="stmt"/>
      <line num="56" count="425674983" type="cond" truecount="2" falsecount="0"/>
      <line num="58" count="75646" type="cond" truecount="2" falsecount="0"/>
      <line num="59" count="73700" type="stmt"/>
      <line num="62" count="1946" type="stmt"/>
      <line num="65" count="425599337" type="cond" truecount="2" falsecount="0"/>
      <line num="67" count="6207524" type="cond" truecount="4" falsecount="1"/>
      <line num="69" count="2597696" type="stmt"/>
      <line num="70" count="2597696" type="stmt"/>
      <line num="72" count="288324" type="stmt"/>
      <line num="73" count="288324" type="stmt"/>
      <line num="75" count="2943800" type="stmt"/>
      <line num="76" count="2943800" type="stmt"/>
      <line num="78" count="377704" type="stmt"/>
      <line num="79" count="377704" type="stmt"/>
      <line num="81" count="0" type="stmt"/>
      <line num="82" count="0" type="stmt"/>
      <line num="86" count="425674983" type="cond" truecount="2" falsecount="0"/>
      <line num="87" count="7405506" type="stmt"/>
      <line num="89" count="425674983" type="stmt"/>
      <line num="90" count="425674983" type="stmt"/>
      <line num="91" count="425674983" type="stmt"/>
      <line num="92" count="425674983" type="stmt"/>
      <line num="93" count="425674983" type="stmt"/>
      <line num="95" count="425674983" type="stmt"/>
      <line num="96" count="425674983" type="stmt"/>
      <line num="97" count="425674983" type="stmt"/>
      <line num="98" count="425674983" type="stmt"/>
      <line num="100" count="425674983" type="stmt"/>
      <line num="101" count="425674983" type="stmt"/>
      <line num="102" count="425674983" type="cond" truecount="2" falsecount="0"/>
      <line num="103" count="46269091" type="stmt"/>
      <line num="104" count="46269091" type="stmt"/>
      <line num="106" count="425674983" type="stmt"/>
      <line num="107" count="425674983" type="stmt"/>
      <line num="109" count="425674983" type="cond" truecount="2" falsecount="0"/>
      <line num="110" count="43187641" type="stmt"/>
      <line num="111" count="43187641" type="cond" truecount="2" falsecount="0"/>
      <line num="112" count="9822694" type="cond" truecount="2" falsecount="0"/>
      <line num="113" count="9638510" type="stmt"/>
      <line num="116" count="184184" type="stmt"/>
      <line num="118" count="9822694" type="stmt"/>
      <line num="122" count="425674983" type="stmt"/>
      <line num="123" count="425674983" type="stmt"/>
      <line num="124" count="425674983" type="cond" truecount="2" falsecount="0"/>
      <line num="125" count="4594324" type="stmt"/>
      <line num="126" count="4594324" type="stmt"/>
      <line num="129" count="425674983" type="stmt"/>
      <line num="130" count="425674983" type="stmt"/>
      <line num="133" count="425674983" type="cond" truecount="2" falsecount="0"/>
      <line num="134" count="30001847" type="stmt"/>
      <line num="135" count="30001847" type="stmt"/>
      <line num="137" count="395673136" type="stmt"/>
      <line num="144" count="425674983" type="stmt"/>
      <line num="145" count="425674983" type="stmt"/>
      <line num="147" count="425674983" type="stmt"/>
      <line num="148" count="425674983" type="stmt"/>
      <line num="149" count="425674983" type="stmt"/>
      <line num="150" count="425674983" type="stmt"/>
      <line num="152" count="425674983" type="cond" truecount="2" falsecount="0"/>
      <line num="153" count="9822694" type="stmt"/>
      <line num="155" count="425674983" type="stmt"/>
      <line num="157" count="425674983" type="stmt"/>
      <line num="158" count="425674983" type="stmt"/>
      <line num="159" count="425674983" type="stmt"/>
      <line num="161" count="425674983" type="cond" truecount="2" falsecount="0"/>
      <line num="162" count="7405506" type="stmt"/>
      <line num="164" count="425674983" type="stmt"/>
      <line num="166" count="425674983" type="stmt"/>
      <line num="167" count="425674983" type="stmt"/>
      <line num="169" count="425674983" type="cond" truecount="2" falsecount="0"/>
      <line num="170" count="75646" type="cond" truecount="2" falsecount="0"/>
      <line num="171" count="73700" type="stmt"/>
      <line num="174" count="1946" type="stmt"/>
      <line num="177" count="425599337" type="cond" truecount="2" falsecount="0"/>
      <line num="178" count="6207524" type="cond" truecount="4" falsecount="1"/>
      <line num="180" count="2597696" type="stmt"/>
      <line num="181" count="2597696" type="stmt"/>
      <line num="183" count="288324" type="stmt"/>
      <line num="184" count="288324" type="stmt"/>
      <line num="186" count="2943800" type="stmt"/>
      <line num="187" count="2943800" type="stmt"/>
      <line num="189" count="377704" type="stmt"/>
      <line num="190" count="377704" type="stmt"/>
      <line num="192" count="0" type="stmt"/>
      <line num="193" count="0" type="stmt"/>
      <line num="197" count="425674983" type="stmt"/>
      <line num="198" count="425674983" type="stmt"/>
      <line num="199" count="425674983" type="cond" truecount="2" falsecount="0"/>
      <line num="200" count="46269091" type="stmt"/>
      <line num="203" count="425674983" type="stmt"/>
      <line num="204" count="425674983" type="cond" truecount="2" falsecount="0"/>
      <line num="205" count="4594324" type="stmt"/>
      <line num="206" count="4594324" type="stmt"/>
    </file>
    <file name="movegen.js" path="/Users/longzheng/Documents/Code/JSChess/js/movegen.js">
      <metrics statements="117" coveredstatements="117" conditionals="102" coveredconditionals="102" methods="10" coveredmethods="10"/>
      <line num="3" count="1" type="stmt"/>
      <line num="7" count="425674983" type="stmt"/>
      <line num="11" count="46269091" type="stmt"/>
      <line num="12" count="46269091" type="stmt"/>
      <line num="17" count="379330246" type="stmt"/>
      <line num="18" count="379330246" type="stmt"/>
      <line num="22" count="75646" type="stmt"/>
      <line num="23" count="75646" type="stmt"/>
      <line num="27" count="8874037" type="cond" truecount="2" falsecount="0"/>
      <line num="28" count="196291" type="stmt"/>
      <line num="29" count="196291" type="stmt"/>
      <line num="30" count="196291" type="stmt"/>
      <line num="31" count="196291" type="stmt"/>
      <line num="34" count="8677746" type="stmt"/>
      <line num="39" count="490791" type="cond" truecount="2" falsecount="0"/>
      <line num="40" count="197640" type="stmt"/>
      <line num="41" count="197640" type="stmt"/>
      <line num="42" count="197640" type="stmt"/>
      <line num="43" count="197640" type="stmt"/>
      <line num="46" count="293151" type="stmt"/>
      <line num="51" count="19596870" type="cond" truecount="2" falsecount="0"/>
      <line num="52" count="377135" type="stmt"/>
      <line num="53" count="377135" type="stmt"/>
      <line num="54" count="377135" type="stmt"/>
      <line num="55" count="377135" type="stmt"/>
      <line num="58" count="19219735" type="stmt"/>
      <line num="63" count="881860" type="cond" truecount="2" falsecount="0"/>
      <line num="64" count="377515" type="stmt"/>
      <line num="65" count="377515" type="stmt"/>
      <line num="66" count="377515" type="stmt"/>
      <line num="67" count="377515" type="stmt"/>
      <line num="70" count="504345" type="stmt"/>
      <line num="75" count="12734382" type="stmt"/>
      <line num="77" count="12734382" type="cond" truecount="2" falsecount="0"/>
      <line num="78" count="8498950" type="stmt"/>
      <line num="80" count="8498950" type="stmt"/>
      <line num="81" count="33956645" type="stmt"/>
      <line num="83" count="33956645" type="cond" truecount="2" falsecount="0"/>
      <line num="84" count="19596870" type="stmt"/>
      <line num="85" count="19596870" type="cond" truecount="4" falsecount="0"/>
      <line num="86" count="9638510" type="stmt"/>
      <line num="90" count="33956645" type="stmt"/>
      <line num="91" count="33956645" type="cond" truecount="4" falsecount="0"/>
      <line num="92" count="1303833" type="stmt"/>
      <line num="94" count="33956645" type="stmt"/>
      <line num="95" count="33956645" type="cond" truecount="4" falsecount="0"/>
      <line num="96" count="7570204" type="stmt"/>
      <line num="99" count="33956645" type="cond" truecount="2" falsecount="0"/>
      <line num="100" count="1402229" type="cond" truecount="2" falsecount="0"/>
      <line num="101" count="73531" type="stmt"/>
      <line num="103" count="1402229" type="cond" truecount="2" falsecount="0"/>
      <line num="104" count="169" type="stmt"/>
      <line num="109" count="8498950" type="cond" truecount="2" falsecount="0"/>
      <line num="111" count="3731253" type="cond" truecount="4" falsecount="0"/>
      <line num="113" count="3376559" type="cond" truecount="4" falsecount="0"/>
      <line num="114" count="2943800" type="stmt"/>
      <line num="118" count="8498950" type="cond" truecount="2" falsecount="0"/>
      <line num="120" count="3480067" type="cond" truecount="5" falsecount="0"/>
      <line num="124" count="2741440" type="cond" truecount="4" falsecount="0"/>
      <line num="125" count="2597696" type="stmt"/>
      <line num="131" count="4235432" type="stmt"/>
      <line num="133" count="4235432" type="stmt"/>
      <line num="134" count="1494514" type="stmt"/>
      <line num="136" count="1494514" type="cond" truecount="2" falsecount="0"/>
      <line num="137" count="881860" type="stmt"/>
      <line num="138" count="881860" type="cond" truecount="4" falsecount="0"/>
      <line num="139" count="184184" type="stmt"/>
      <line num="143" count="1494514" type="stmt"/>
      <line num="144" count="1494514" type="cond" truecount="4" falsecount="0"/>
      <line num="145" count="219589" type="stmt"/>
      <line num="147" count="1494514" type="stmt"/>
      <line num="148" count="1494514" type="cond" truecount="4" falsecount="0"/>
      <line num="149" count="271202" type="stmt"/>
      <line num="152" count="1494514" type="cond" truecount="2" falsecount="0"/>
      <line num="153" count="56660" type="cond" truecount="2" falsecount="0"/>
      <line num="154" count="162" type="stmt"/>
      <line num="156" count="56660" type="cond" truecount="2" falsecount="0"/>
      <line num="157" count="1784" type="stmt"/>
      <line num="162" count="4235432" type="cond" truecount="2" falsecount="0"/>
      <line num="164" count="465843" type="cond" truecount="4" falsecount="0"/>
      <line num="166" count="446305" type="cond" truecount="4" falsecount="0"/>
      <line num="167" count="377704" type="stmt"/>
      <line num="171" count="4235432" type="cond" truecount="2" falsecount="0"/>
      <line num="173" count="355623" type="cond" truecount="5" falsecount="0"/>
      <line num="177" count="335057" type="cond" truecount="4" falsecount="0"/>
      <line num="178" count="288324" type="stmt"/>
      <line num="184" count="12734382" type="stmt"/>
      <line num="185" count="12734382" type="stmt"/>
      <line num="186" count="12734382" type="stmt"/>
      <line num="187" count="25468764" type="stmt"/>
      <line num="188" count="22841301" type="stmt"/>
      <line num="189" count="22841301" type="stmt"/>
      <line num="190" count="182730408" type="stmt"/>
      <line num="191" count="182730408" type="stmt"/>
      <line num="192" count="182730408" type="cond" truecount="2" falsecount="0"/>
      <line num="193" count="38539158" type="stmt"/>
      <line num="195" count="144191250" type="cond" truecount="2" falsecount="0"/>
      <line num="196" count="45621203" type="cond" truecount="2" falsecount="0"/>
      <line num="197" count="14090750" type="stmt"/>
      <line num="201" count="98570047" type="stmt"/>
      <line num="205" count="25468764" type="stmt"/>
      <line num="208" count="12734382" type="stmt"/>
      <line num="209" count="12734382" type="stmt"/>
      <line num="210" count="12734382" type="stmt"/>
      <line num="211" count="38203146" type="stmt"/>
      <line num="212" count="35695178" type="stmt"/>
      <line num="213" count="35695178" type="stmt"/>
      <line num="214" count="160701600" type="stmt"/>
      <line num="215" count="160701600" type="stmt"/>
      <line num="216" count="160701600" type="stmt"/>
      <line num="217" count="319392015" type="cond" truecount="2" falsecount="0"/>
      <line num="218" count="77404714" type="cond" truecount="2" falsecount="0"/>
      <line num="219" count="21631720" type="stmt"/>
      <line num="221" count="77404714" type="stmt"/>
      <line num="223" count="241987301" type="stmt"/>
      <line num="224" count="241987301" type="stmt"/>
      <line num="228" count="38203146" type="stmt"/>
    </file>
    <file name="perft.js" path="/Users/longzheng/Documents/Code/JSChess/js/perft.js">
      <metrics statements="34" coveredstatements="34" conditionals="6" coveredconditionals="6" methods="3" coveredmethods="3"/>
      <line num="3" count="1" type="stmt"/>
      <line num="4" count="1" type="stmt"/>
      <line num="5" count="1" type="stmt"/>
      <line num="6" count="1" type="stmt"/>
      <line num="7" count="1" type="stmt"/>
      <line num="8" count="1" type="stmt"/>
      <line num="12" count="395673136" type="cond" truecount="2" falsecount="0"/>
      <line num="13" count="382938880" type="stmt"/>
      <line num="14" count="382938880" type="stmt"/>
      <line num="16" count="12734256" type="stmt"/>
      <line num="18" count="12734256" type="stmt"/>
      <line num="19" count="425673414" type="stmt"/>
      <line num="20" count="425673414" type="cond" truecount="2" falsecount="0"/>
      <line num="21" count="30001686" type="stmt"/>
      <line num="23" count="395671728" type="stmt"/>
      <line num="24" count="395671728" type="stmt"/>
      <line num="26" count="12734256" type="stmt"/>
      <line num="30" count="126" type="stmt"/>
      <line num="31" count="126" type="stmt"/>
      <line num="32" count="126" type="stmt"/>
      <line num="33" count="126" type="stmt"/>
      <line num="35" count="126" type="stmt"/>
      <line num="36" count="126" type="stmt"/>
      <line num="37" count="1569" type="stmt"/>
      <line num="38" count="1569" type="cond" truecount="2" falsecount="0"/>
      <line num="39" count="161" type="stmt"/>
      <line num="41" count="1408" type="stmt"/>
      <line num="42" count="1408" type="stmt"/>
      <line num="43" count="1408" type="stmt"/>
      <line num="44" count="1408" type="stmt"/>
      <line num="45" count="1408" type="stmt"/>
      <line num="46" count="1408" type="stmt"/>
      <line num="49" count="126" type="stmt"/>
      <line num="50" count="126" type="stmt"/>
    </file>
  </project>
</coverage>
