<?xml version="1.0" encoding="UTF-8"?>
<coverage generated="1754123609763" clover="3.2.0">
  <project timestamp="1754123609764" name="All files">
    <metrics statements="600" coveredstatements="550" conditionals="250" coveredconditionals="230" methods="49" coveredmethods="46" elements="899" coveredelements="826" complexity="0" loc="600" ncloc="600" packages="1" files="6" classes="6"/>
    <file name="board.js" path="/Users/longzheng/Documents/Code/JSChess/src/board.js">
      <metrics statements="203" coveredstatements="163" conditionals="80" coveredconditionals="62" methods="18" coveredmethods="17"/>
      <line num="33" count="2" type="stmt"/>
      <line num="35" count="2" type="stmt"/>
      <line num="37" count="2" type="stmt"/>
      <line num="39" count="2" type="stmt"/>
      <line num="40" count="2" type="stmt"/>
      <line num="42" count="2" type="stmt"/>
      <line num="44" count="2" type="stmt"/>
      <line num="45" count="2" type="stmt"/>
      <line num="46" count="2" type="stmt"/>
      <line num="48" count="2" type="stmt"/>
      <line num="54" count="2" type="stmt"/>
      <line num="57" count="2" type="stmt"/>
      <line num="59" count="2" type="stmt"/>
      <line num="64" count="2" type="stmt"/>
      <line num="70" count="2" type="stmt"/>
      <line num="72" count="2" type="stmt"/>
      <line num="75" count="2" type="stmt"/>
      <line num="76" count="2" type="stmt"/>
      <line num="77" count="2" type="stmt"/>
      <line num="80" count="0" type="stmt"/>
      <line num="81" count="0" type="stmt"/>
      <line num="82" count="0" type="stmt"/>
      <line num="84" count="0" type="stmt"/>
      <line num="85" count="0" type="stmt"/>
      <line num="86" count="0" type="stmt"/>
      <line num="91" count="0" type="stmt"/>
      <line num="92" count="0" type="stmt"/>
      <line num="93" count="0" type="stmt"/>
      <line num="94" count="0" type="cond" truecount="0" falsecount="2"/>
      <line num="95" count="0" type="stmt"/>
      <line num="96" count="0" type="stmt"/>
      <line num="101" count="0" type="stmt"/>
      <line num="102" count="0" type="stmt"/>
      <line num="103" count="0" type="stmt"/>
      <line num="104" count="0" type="stmt"/>
      <line num="105" count="0" type="stmt"/>
      <line num="108" count="0" type="stmt"/>
      <line num="109" count="0" type="cond" truecount="0" falsecount="2"/>
      <line num="110" count="0" type="stmt"/>
      <line num="111" count="0" type="stmt"/>
      <line num="115" count="0" type="cond" truecount="0" falsecount="4"/>
      <line num="118" count="0" type="stmt"/>
      <line num="119" count="0" type="stmt"/>
      <line num="122" count="0" type="cond" truecount="0" falsecount="4"/>
      <line num="123" count="0" type="stmt"/>
      <line num="124" count="0" type="stmt"/>
      <line num="127" count="0" type="cond" truecount="0" falsecount="2"/>
      <line num="128" count="0" type="stmt"/>
      <line num="129" count="0" type="stmt"/>
      <line num="131" count="0" type="stmt"/>
      <line num="136" count="126" type="stmt"/>
      <line num="137" count="126" type="stmt"/>
      <line num="138" count="1008" type="stmt"/>
      <line num="139" count="1008" type="stmt"/>
      <line num="140" count="8064" type="stmt"/>
      <line num="141" count="8064" type="stmt"/>
      <line num="142" count="8064" type="stmt"/>
      <line num="144" count="1008" type="stmt"/>
      <line num="146" count="126" type="stmt"/>
      <line num="147" count="126" type="stmt"/>
      <line num="148" count="1008" type="stmt"/>
      <line num="151" count="126" type="stmt"/>
      <line num="152" count="126" type="stmt"/>
      <line num="153" count="126" type="stmt"/>
      <line num="154" count="126" type="stmt"/>
      <line num="156" count="126" type="cond" truecount="2" falsecount="0"/>
      <line num="157" count="20" type="stmt"/>
      <line num="159" count="126" type="cond" truecount="2" falsecount="0"/>
      <line num="160" count="18" type="stmt"/>
      <line num="162" count="126" type="cond" truecount="2" falsecount="0"/>
      <line num="163" count="20" type="stmt"/>
      <line num="165" count="126" type="cond" truecount="2" falsecount="0"/>
      <line num="166" count="18" type="stmt"/>
      <line num="169" count="126" type="stmt"/>
      <line num="170" count="126" type="stmt"/>
      <line num="174" count="127" type="stmt"/>
      <line num="176" count="127" type="stmt"/>
      <line num="177" count="15240" type="stmt"/>
      <line num="178" count="15240" type="cond" truecount="4" falsecount="0"/>
      <line num="179" count="666" type="stmt"/>
      <line num="182" count="127" type="cond" truecount="2" falsecount="0"/>
      <line num="183" count="64" type="stmt"/>
      <line num="185" count="127" type="cond" truecount="1" falsecount="1"/>
      <line num="186" count="0" type="stmt"/>
      <line num="188" count="127" type="stmt"/>
      <line num="189" count="127" type="stmt"/>
      <line num="193" count="127" type="stmt"/>
      <line num="194" count="1524" type="stmt"/>
      <line num="195" count="666" type="stmt"/>
      <line num="202" count="127" type="stmt"/>
      <line num="203" count="127" type="stmt"/>
      <line num="204" count="127" type="stmt"/>
      <line num="207" count="127" type="stmt"/>
      <line num="208" count="8128" type="stmt"/>
      <line num="209" count="8128" type="stmt"/>
      <line num="210" count="8128" type="cond" truecount="2" falsecount="0"/>
      <line num="211" count="666" type="stmt"/>
      <line num="212" count="666" type="stmt"/>
      <line num="213" count="666" type="stmt"/>
      <line num="214" count="666" type="stmt"/>
      <line num="217" count="127" type="stmt"/>
      <line num="222" count="127" type="stmt"/>
      <line num="229" count="127" type="stmt"/>
      <line num="230" count="8128" type="stmt"/>
      <line num="232" count="127" type="stmt"/>
      <line num="233" count="127" type="stmt"/>
      <line num="234" count="127" type="stmt"/>
      <line num="235" count="127" type="stmt"/>
      <line num="236" count="127" type="stmt"/>
      <line num="237" count="127" type="stmt"/>
      <line num="238" count="127" type="stmt"/>
      <line num="239" count="127" type="stmt"/>
      <line num="259" count="127" type="stmt"/>
      <line num="260" count="127" type="stmt"/>
      <line num="261" count="127" type="stmt"/>
      <line num="262" count="127" type="stmt"/>
      <line num="263" count="127" type="stmt"/>
      <line num="264" count="127" type="stmt"/>
      <line num="265" count="127" type="stmt"/>
      <line num="268" count="127" type="stmt"/>
      <line num="269" count="1016" type="stmt"/>
      <line num="270" count="1016" type="stmt"/>
      <line num="271" count="1924" type="stmt"/>
      <line num="272" count="1924" type="cond" truecount="1" falsecount="1"/>
      <line num="273" count="0" type="stmt"/>
      <line num="274" count="0" type="stmt"/>
      <line num="276" count="1924" type="cond" truecount="2" falsecount="0"/>
      <line num="278" count="666" type="stmt"/>
      <line num="282" count="1258" type="stmt"/>
      <line num="285" count="1016" type="stmt"/>
      <line num="288" count="127" type="cond" truecount="2" falsecount="0"/>
      <line num="290" count="127" type="stmt"/>
      <line num="291" count="170" type="stmt"/>
      <line num="292" count="170" type="cond" truecount="1" falsecount="1"/>
      <line num="293" count="0" type="stmt"/>
      <line num="294" count="0" type="stmt"/>
      <line num="296" count="170" type="cond" truecount="2" falsecount="0"/>
      <line num="297" count="80" type="stmt"/>
      <line num="301" count="127" type="cond" truecount="1" falsecount="1"/>
      <line num="302" count="0" type="stmt"/>
      <line num="303" count="0" type="stmt"/>
      <line num="304" count="0" type="stmt"/>
      <line num="305" count="0" type="stmt"/>
      <line num="307" count="127" type="stmt"/>
      <line num="308" count="127" type="stmt"/>
      <line num="309" count="127" type="stmt"/>
      <line num="317" count="438876362" type="cond" truecount="2" falsecount="0"/>
      <line num="318" count="115088884" type="cond" truecount="4" falsecount="0"/>
      <line num="319" count="223498" type="stmt"/>
      <line num="323" count="323787478" type="cond" truecount="4" falsecount="0"/>
      <line num="324" count="736979" type="stmt"/>
      <line num="329" count="437915885" type="stmt"/>
      <line num="330" count="3498080588" type="stmt"/>
      <line num="331" count="3498080588" type="cond" truecount="5" falsecount="0"/>
      <line num="332" count="1504319" type="stmt"/>
      <line num="337" count="436411566" type="stmt"/>
      <line num="338" count="1708395621" type="stmt"/>
      <line num="339" count="1708395621" type="stmt"/>
      <line num="340" count="1708395621" type="stmt"/>
      <line num="341" count="1708395621" type="stmt"/>
      <line num="342" count="4282717934" type="cond" truecount="2" falsecount="0"/>
      <line num="343" count="841475812" type="cond" truecount="4" falsecount="0"/>
      <line num="344" count="23698808" type="stmt"/>
      <line num="346" count="817777004" type="stmt"/>
      <line num="348" count="3441242122" type="stmt"/>
      <line num="349" count="3441242122" type="stmt"/>
      <line num="354" count="412712758" type="stmt"/>
      <line num="355" count="1647368930" type="stmt"/>
      <line num="356" count="1647368930" type="stmt"/>
      <line num="357" count="1647368930" type="stmt"/>
      <line num="358" count="1647368930" type="stmt"/>
      <line num="359" count="2147907444" type="cond" truecount="2" falsecount="0"/>
      <line num="360" count="513054709" type="cond" truecount="4" falsecount="0"/>
      <line num="361" count="3677439" type="stmt"/>
      <line num="363" count="509377270" type="stmt"/>
      <line num="365" count="1634852735" type="stmt"/>
      <line num="366" count="1634852735" type="stmt"/>
      <line num="371" count="409035319" type="stmt"/>
      <line num="372" count="3269571664" type="stmt"/>
      <line num="373" count="3269571664" type="cond" truecount="5" falsecount="0"/>
      <line num="374" count="854141" type="stmt"/>
      <line num="378" count="408181178" type="stmt"/>
      <line num="384" count="127" type="stmt"/>
      <line num="385" count="127" type="stmt"/>
      <line num="386" count="1016" type="stmt"/>
      <line num="387" count="1016" type="stmt"/>
      <line num="388" count="8128" type="stmt"/>
      <line num="389" count="8128" type="cond" truecount="2" falsecount="0"/>
      <line num="390" count="1500" type="stmt"/>
      <line num="393" count="6628" type="stmt"/>
      <line num="395" count="8128" type="stmt"/>
      <line num="397" count="1016" type="stmt"/>
      <line num="399" count="127" type="stmt"/>
      <line num="403" count="2" type="stmt"/>
      <line num="404" count="4096" type="stmt"/>
      <line num="415" count="656321747" type="cond" truecount="2" falsecount="0"/>
      <line num="416" count="131204978" type="stmt"/>
      <line num="418" count="525116769" type="stmt"/>
      <line num="422" count="1838596798" type="stmt"/>
      <line num="426" count="1702699932" type="stmt"/>
      <line num="430" count="851349966" type="stmt"/>
      <line num="434" count="34456400" type="stmt"/>
      <line num="437" count="2" type="stmt"/>
    </file>
    <file name="defs.js" path="/Users/longzheng/Documents/Code/JSChess/src/defs.js">
      <metrics statements="91" coveredstatements="90" conditionals="0" coveredconditionals="0" methods="12" coveredmethods="11"/>
      <line num="1" count="3" type="stmt"/>
      <line num="4" count="3" type="stmt"/>
      <line num="5" count="3" type="stmt"/>
      <line num="7" count="3" type="stmt"/>
      <line num="9" count="3" type="stmt"/>
      <line num="12" count="3" type="stmt"/>
      <line num="14" count="3" type="stmt"/>
      <line num="17" count="3" type="stmt"/>
      <line num="23" count="3" type="stmt"/>
      <line num="25" count="3" type="stmt"/>
      <line num="26" count="3" type="stmt"/>
      <line num="27" count="3" type="stmt"/>
      <line num="28" count="3" type="stmt"/>
      <line num="29" count="3" type="stmt"/>
      <line num="31" count="3" type="stmt"/>
      <line num="32" count="3" type="stmt"/>
      <line num="33" count="3" type="stmt"/>
      <line num="35" count="3" type="stmt"/>
      <line num="37" count="3" type="stmt"/>
      <line num="38" count="3" type="stmt"/>
      <line num="39" count="3" type="stmt"/>
      <line num="40" count="3" type="stmt"/>
      <line num="43" count="3" type="stmt"/>
      <line num="44" count="3" type="stmt"/>
      <line num="45" count="3" type="stmt"/>
      <line num="46" count="3" type="stmt"/>
      <line num="47" count="3" type="stmt"/>
      <line num="51" count="3" type="stmt"/>
      <line num="52" count="3" type="stmt"/>
      <line num="53" count="3" type="stmt"/>
      <line num="54" count="3" type="stmt"/>
      <line num="55" count="3" type="stmt"/>
      <line num="57" count="3" type="stmt"/>
      <line num="59" count="3" type="stmt"/>
      <line num="60" count="3" type="stmt"/>
      <line num="61" count="3" type="stmt"/>
      <line num="62" count="3" type="stmt"/>
      <line num="64" count="3" type="stmt"/>
      <line num="65" count="3" type="stmt"/>
      <line num="67" count="3" type="stmt"/>
      <line num="68" count="3" type="stmt"/>
      <line num="69" count="3" type="stmt"/>
      <line num="70" count="3" type="stmt"/>
      <line num="77" count="3" type="stmt"/>
      <line num="80" count="3" type="stmt"/>
      <line num="81" count="3" type="stmt"/>
      <line num="84" count="3" type="stmt"/>
      <line num="85" count="3" type="stmt"/>
      <line num="87" count="3" type="stmt"/>
      <line num="89" count="3" type="stmt"/>
      <line num="95" count="3" type="stmt"/>
      <line num="113" count="4731" type="stmt"/>
      <line num="124" count="0" type="stmt"/>
      <line num="134" count="16256" type="stmt"/>
      <line num="141" count="3136170222" type="stmt"/>
      <line num="145" count="4" type="stmt"/>
      <line num="146" count="4" type="stmt"/>
      <line num="148" count="4" type="stmt"/>
      <line num="149" count="32" type="stmt"/>
      <line num="150" count="256" type="stmt"/>
      <line num="151" count="256" type="stmt"/>
      <line num="152" count="256" type="stmt"/>
      <line num="160" count="3" type="stmt"/>
      <line num="161" count="4680" type="stmt"/>
      <line num="163" count="3" type="stmt"/>
      <line num="164" count="3" type="stmt"/>
      <line num="165" count="48" type="stmt"/>
      <line num="171" count="4" type="stmt"/>
      <line num="172" count="4" type="stmt"/>
      <line num="174" count="4" type="stmt"/>
      <line num="175" count="4" type="stmt"/>
      <line num="176" count="4" type="stmt"/>
      <line num="177" count="32" type="stmt"/>
      <line num="178" count="256" type="stmt"/>
      <line num="179" count="256" type="stmt"/>
      <line num="180" count="256" type="stmt"/>
      <line num="189" count="17434" type="stmt"/>
      <line num="190" count="17434" type="stmt"/>
      <line num="191" count="17434" type="stmt"/>
      <line num="223" count="851351374" type="stmt"/>
      <line num="226" count="851351374" type="stmt"/>
      <line num="229" count="851349966" type="stmt"/>
      <line num="232" count="851351374" type="stmt"/>
      <line num="235" count="3" type="stmt"/>
      <line num="236" count="3" type="stmt"/>
      <line num="237" count="3" type="stmt"/>
      <line num="239" count="3" type="stmt"/>
      <line num="240" count="3" type="stmt"/>
      <line num="242" count="3" type="stmt"/>
      <line num="244" count="3" type="stmt"/>
      <line num="246" count="3" type="stmt"/>
    </file>
    <file name="io.js" path="/Users/longzheng/Documents/Code/JSChess/src/io.js">
      <metrics statements="28" coveredstatements="23" conditionals="12" coveredconditionals="12" methods="3" coveredmethods="2"/>
      <line num="1" count="2" type="stmt"/>
      <line num="5" count="2" type="stmt"/>
      <line num="8" count="666" type="stmt"/>
      <line num="12" count="1408" type="stmt"/>
      <line num="13" count="1408" type="stmt"/>
      <line num="14" count="1408" type="stmt"/>
      <line num="15" count="1408" type="stmt"/>
      <line num="16" count="1408" type="stmt"/>
      <line num="17" count="1408" type="stmt"/>
      <line num="19" count="1408" type="stmt"/>
      <line num="20" count="1408" type="stmt"/>
      <line num="22" count="1408" type="stmt"/>
      <line num="23" count="1408" type="cond" truecount="2" falsecount="0"/>
      <line num="24" count="80" type="stmt"/>
      <line num="25" count="80" type="cond" truecount="2" falsecount="0"/>
      <line num="26" count="20" type="stmt"/>
      <line num="28" count="60" type="cond" truecount="4" falsecount="0"/>
      <line num="30" count="20" type="stmt"/>
      <line num="32" count="40" type="cond" truecount="4" falsecount="0"/>
      <line num="34" count="20" type="stmt"/>
      <line num="36" count="80" type="stmt"/>
      <line num="38" count="1408" type="stmt"/>
      <line num="43" count="0" type="stmt"/>
      <line num="44" count="0" type="stmt"/>
      <line num="45" count="0" type="stmt"/>
      <line num="46" count="0" type="stmt"/>
      <line num="47" count="0" type="stmt"/>
      <line num="51" count="2" type="stmt"/>
    </file>
    <file name="makemove.js" path="/Users/longzheng/Documents/Code/JSChess/src/makemove.js">
      <metrics statements="125" coveredstatements="121" conditionals="50" coveredconditionals="48" methods="5" coveredmethods="5"/>
      <line num="6" count="1" type="stmt"/>
      <line num="25" count="1" type="stmt"/>
      <line num="28" count="55533385" type="stmt"/>
      <line num="29" count="55533385" type="stmt"/>
      <line num="30" count="55533385" type="stmt"/>
      <line num="32" count="55533385" type="stmt"/>
      <line num="33" count="55533385" type="stmt"/>
      <line num="34" count="55533385" type="stmt"/>
      <line num="36" count="55533385" type="stmt"/>
      <line num="37" count="159540508" type="cond" truecount="2" falsecount="0"/>
      <line num="38" count="55533385" type="stmt"/>
      <line num="39" count="55533385" type="stmt"/>
      <line num="43" count="55533385" type="stmt"/>
      <line num="47" count="55533385" type="stmt"/>
      <line num="48" count="55533385" type="stmt"/>
      <line num="49" count="55533385" type="stmt"/>
      <line num="50" count="55533385" type="stmt"/>
      <line num="51" count="55533385" type="stmt"/>
      <line num="55" count="863765014" type="stmt"/>
      <line num="56" count="863765014" type="stmt"/>
      <line num="57" count="863765014" type="stmt"/>
      <line num="59" count="863765014" type="stmt"/>
      <line num="60" count="863765014" type="stmt"/>
      <line num="62" count="863765014" type="stmt"/>
      <line num="63" count="1426600592" type="cond" truecount="2" falsecount="0"/>
      <line num="64" count="863765014" type="stmt"/>
      <line num="65" count="863765014" type="stmt"/>
      <line num="71" count="425674983" type="stmt"/>
      <line num="72" count="425674983" type="stmt"/>
      <line num="73" count="425674983" type="stmt"/>
      <line num="75" count="425674983" type="stmt"/>
      <line num="76" count="425674983" type="cond" truecount="2" falsecount="0"/>
      <line num="78" count="75646" type="cond" truecount="2" falsecount="0"/>
      <line num="79" count="73700" type="stmt"/>
      <line num="82" count="1946" type="stmt"/>
      <line num="85" count="425599337" type="cond" truecount="2" falsecount="0"/>
      <line num="87" count="6207524" type="cond" truecount="4" falsecount="1"/>
      <line num="89" count="2597696" type="stmt"/>
      <line num="90" count="2597696" type="stmt"/>
      <line num="92" count="288324" type="stmt"/>
      <line num="93" count="288324" type="stmt"/>
      <line num="95" count="2943800" type="stmt"/>
      <line num="96" count="2943800" type="stmt"/>
      <line num="98" count="377704" type="stmt"/>
      <line num="99" count="377704" type="stmt"/>
      <line num="101" count="0" type="stmt"/>
      <line num="102" count="0" type="stmt"/>
      <line num="106" count="425674983" type="cond" truecount="2" falsecount="0"/>
      <line num="107" count="7405506" type="stmt"/>
      <line num="109" count="425674983" type="stmt"/>
      <line num="110" count="425674983" type="stmt"/>
      <line num="111" count="425674983" type="stmt"/>
      <line num="112" count="425674983" type="stmt"/>
      <line num="113" count="425674983" type="stmt"/>
      <line num="115" count="425674983" type="stmt"/>
      <line num="116" count="425674983" type="stmt"/>
      <line num="117" count="425674983" type="stmt"/>
      <line num="118" count="425674983" type="stmt"/>
      <line num="120" count="425674983" type="stmt"/>
      <line num="121" count="425674983" type="stmt"/>
      <line num="122" count="425674983" type="cond" truecount="2" falsecount="0"/>
      <line num="123" count="46269091" type="stmt"/>
      <line num="124" count="46269091" type="stmt"/>
      <line num="126" count="425674983" type="stmt"/>
      <line num="127" count="425674983" type="stmt"/>
      <line num="129" count="425674983" type="cond" truecount="2" falsecount="0"/>
      <line num="130" count="43187641" type="stmt"/>
      <line num="131" count="43187641" type="cond" truecount="2" falsecount="0"/>
      <line num="132" count="9822694" type="cond" truecount="2" falsecount="0"/>
      <line num="133" count="9638510" type="stmt"/>
      <line num="136" count="184184" type="stmt"/>
      <line num="138" count="9822694" type="stmt"/>
      <line num="142" count="425674983" type="stmt"/>
      <line num="143" count="425674983" type="stmt"/>
      <line num="144" count="425674983" type="cond" truecount="2" falsecount="0"/>
      <line num="145" count="4594324" type="stmt"/>
      <line num="146" count="4594324" type="stmt"/>
      <line num="149" count="425674983" type="stmt"/>
      <line num="150" count="425674983" type="stmt"/>
      <line num="153" count="425674983" type="cond" truecount="2" falsecount="0"/>
      <line num="154" count="30001847" type="stmt"/>
      <line num="155" count="30001847" type="stmt"/>
      <line num="157" count="395673136" type="stmt"/>
      <line num="162" count="425674983" type="stmt"/>
      <line num="163" count="425674983" type="stmt"/>
      <line num="165" count="425674983" type="stmt"/>
      <line num="166" count="425674983" type="stmt"/>
      <line num="167" count="425674983" type="stmt"/>
      <line num="168" count="425674983" type="stmt"/>
      <line num="170" count="425674983" type="cond" truecount="2" falsecount="0"/>
      <line num="171" count="9822694" type="stmt"/>
      <line num="173" count="425674983" type="stmt"/>
      <line num="175" count="425674983" type="stmt"/>
      <line num="176" count="425674983" type="stmt"/>
      <line num="177" count="425674983" type="stmt"/>
      <line num="179" count="425674983" type="cond" truecount="2" falsecount="0"/>
      <line num="180" count="7405506" type="stmt"/>
      <line num="182" count="425674983" type="stmt"/>
      <line num="184" count="425674983" type="stmt"/>
      <line num="185" count="425674983" type="stmt"/>
      <line num="187" count="425674983" type="cond" truecount="2" falsecount="0"/>
      <line num="188" count="75646" type="cond" truecount="2" falsecount="0"/>
      <line num="189" count="73700" type="stmt"/>
      <line num="192" count="1946" type="stmt"/>
      <line num="195" count="425599337" type="cond" truecount="2" falsecount="0"/>
      <line num="196" count="6207524" type="cond" truecount="4" falsecount="1"/>
      <line num="198" count="2597696" type="stmt"/>
      <line num="199" count="2597696" type="stmt"/>
      <line num="201" count="288324" type="stmt"/>
      <line num="202" count="288324" type="stmt"/>
      <line num="204" count="2943800" type="stmt"/>
      <line num="205" count="2943800" type="stmt"/>
      <line num="207" count="377704" type="stmt"/>
      <line num="208" count="377704" type="stmt"/>
      <line num="210" count="0" type="stmt"/>
      <line num="211" count="0" type="stmt"/>
      <line num="215" count="425674983" type="stmt"/>
      <line num="216" count="425674983" type="stmt"/>
      <line num="217" count="425674983" type="cond" truecount="2" falsecount="0"/>
      <line num="218" count="46269091" type="stmt"/>
      <line num="221" count="425674983" type="stmt"/>
      <line num="222" count="425674983" type="cond" truecount="2" falsecount="0"/>
      <line num="223" count="4594324" type="stmt"/>
      <line num="224" count="4594324" type="cond" truecount="2" falsecount="0"/>
      <line num="228" count="1" type="stmt"/>
    </file>
    <file name="movegen.js" path="/Users/longzheng/Documents/Code/JSChess/src/movegen.js">
      <metrics statements="119" coveredstatements="119" conditionals="102" coveredconditionals="102" methods="9" coveredmethods="9"/>
      <line num="3" count="1" type="stmt"/>
      <line num="23" count="1" type="stmt"/>
      <line num="26" count="425674983" type="stmt"/>
      <line num="30" count="46269091" type="stmt"/>
      <line num="31" count="46269091" type="stmt"/>
      <line num="36" count="379330246" type="stmt"/>
      <line num="37" count="379330246" type="stmt"/>
      <line num="41" count="75646" type="stmt"/>
      <line num="42" count="75646" type="stmt"/>
      <line num="46" count="8874037" type="cond" truecount="2" falsecount="0"/>
      <line num="47" count="196291" type="stmt"/>
      <line num="48" count="196291" type="stmt"/>
      <line num="49" count="196291" type="stmt"/>
      <line num="50" count="196291" type="stmt"/>
      <line num="53" count="8677746" type="stmt"/>
      <line num="58" count="490791" type="cond" truecount="2" falsecount="0"/>
      <line num="59" count="197640" type="stmt"/>
      <line num="60" count="197640" type="stmt"/>
      <line num="61" count="197640" type="stmt"/>
      <line num="62" count="197640" type="stmt"/>
      <line num="65" count="293151" type="stmt"/>
      <line num="70" count="19596870" type="cond" truecount="2" falsecount="0"/>
      <line num="71" count="377135" type="stmt"/>
      <line num="72" count="377135" type="stmt"/>
      <line num="73" count="377135" type="stmt"/>
      <line num="74" count="377135" type="stmt"/>
      <line num="77" count="19219735" type="stmt"/>
      <line num="82" count="881860" type="cond" truecount="2" falsecount="0"/>
      <line num="83" count="377515" type="stmt"/>
      <line num="84" count="377515" type="stmt"/>
      <line num="85" count="377515" type="stmt"/>
      <line num="86" count="377515" type="stmt"/>
      <line num="89" count="504345" type="stmt"/>
      <line num="98" count="12734382" type="stmt"/>
      <line num="100" count="12734382" type="cond" truecount="2" falsecount="0"/>
      <line num="101" count="8498950" type="stmt"/>
      <line num="103" count="8498950" type="stmt"/>
      <line num="104" count="33956645" type="stmt"/>
      <line num="106" count="33956645" type="cond" truecount="2" falsecount="0"/>
      <line num="107" count="19596870" type="stmt"/>
      <line num="108" count="19596870" type="cond" truecount="4" falsecount="0"/>
      <line num="109" count="9638510" type="stmt"/>
      <line num="113" count="33956645" type="stmt"/>
      <line num="114" count="33956645" type="cond" truecount="4" falsecount="0"/>
      <line num="115" count="1303833" type="stmt"/>
      <line num="117" count="33956645" type="stmt"/>
      <line num="118" count="33956645" type="cond" truecount="4" falsecount="0"/>
      <line num="119" count="7570204" type="stmt"/>
      <line num="122" count="33956645" type="cond" truecount="2" falsecount="0"/>
      <line num="123" count="1402229" type="cond" truecount="2" falsecount="0"/>
      <line num="124" count="73531" type="stmt"/>
      <line num="126" count="1402229" type="cond" truecount="2" falsecount="0"/>
      <line num="127" count="169" type="stmt"/>
      <line num="132" count="8498950" type="cond" truecount="2" falsecount="0"/>
      <line num="134" count="3731253" type="cond" truecount="4" falsecount="0"/>
      <line num="136" count="3376559" type="cond" truecount="4" falsecount="0"/>
      <line num="137" count="2943800" type="stmt"/>
      <line num="141" count="8498950" type="cond" truecount="2" falsecount="0"/>
      <line num="143" count="3480067" type="cond" truecount="5" falsecount="0"/>
      <line num="147" count="2741440" type="cond" truecount="4" falsecount="0"/>
      <line num="148" count="2597696" type="stmt"/>
      <line num="154" count="4235432" type="stmt"/>
      <line num="156" count="4235432" type="stmt"/>
      <line num="157" count="1494514" type="stmt"/>
      <line num="159" count="1494514" type="cond" truecount="2" falsecount="0"/>
      <line num="160" count="881860" type="stmt"/>
      <line num="161" count="881860" type="cond" truecount="4" falsecount="0"/>
      <line num="162" count="184184" type="stmt"/>
      <line num="166" count="1494514" type="stmt"/>
      <line num="167" count="1494514" type="cond" truecount="4" falsecount="0"/>
      <line num="168" count="219589" type="stmt"/>
      <line num="170" count="1494514" type="stmt"/>
      <line num="171" count="1494514" type="cond" truecount="4" falsecount="0"/>
      <line num="172" count="271202" type="stmt"/>
      <line num="175" count="1494514" type="cond" truecount="2" falsecount="0"/>
      <line num="176" count="56660" type="cond" truecount="2" falsecount="0"/>
      <line num="177" count="162" type="stmt"/>
      <line num="179" count="56660" type="cond" truecount="2" falsecount="0"/>
      <line num="180" count="1784" type="stmt"/>
      <line num="185" count="4235432" type="cond" truecount="2" falsecount="0"/>
      <line num="187" count="465843" type="cond" truecount="4" falsecount="0"/>
      <line num="189" count="446305" type="cond" truecount="4" falsecount="0"/>
      <line num="190" count="377704" type="stmt"/>
      <line num="194" count="4235432" type="cond" truecount="2" falsecount="0"/>
      <line num="196" count="355623" type="cond" truecount="5" falsecount="0"/>
      <line num="200" count="335057" type="cond" truecount="4" falsecount="0"/>
      <line num="201" count="288324" type="stmt"/>
      <line num="207" count="12734382" type="stmt"/>
      <line num="208" count="12734382" type="stmt"/>
      <line num="209" count="12734382" type="stmt"/>
      <line num="210" count="25468764" type="stmt"/>
      <line num="211" count="22841301" type="stmt"/>
      <line num="212" count="22841301" type="stmt"/>
      <line num="213" count="182730408" type="stmt"/>
      <line num="214" count="182730408" type="stmt"/>
      <line num="215" count="182730408" type="cond" truecount="2" falsecount="0"/>
      <line num="216" count="38539158" type="stmt"/>
      <line num="218" count="144191250" type="cond" truecount="2" falsecount="0"/>
      <line num="219" count="45621203" type="cond" truecount="2" falsecount="0"/>
      <line num="220" count="14090750" type="stmt"/>
      <line num="224" count="98570047" type="stmt"/>
      <line num="228" count="25468764" type="stmt"/>
      <line num="231" count="12734382" type="stmt"/>
      <line num="232" count="12734382" type="stmt"/>
      <line num="233" count="12734382" type="stmt"/>
      <line num="234" count="38203146" type="stmt"/>
      <line num="235" count="35695178" type="stmt"/>
      <line num="236" count="35695178" type="stmt"/>
      <line num="237" count="160701600" type="stmt"/>
      <line num="238" count="160701600" type="stmt"/>
      <line num="239" count="160701600" type="stmt"/>
      <line num="240" count="319392015" type="cond" truecount="2" falsecount="0"/>
      <line num="241" count="77404714" type="cond" truecount="2" falsecount="0"/>
      <line num="242" count="21631720" type="stmt"/>
      <line num="244" count="77404714" type="stmt"/>
      <line num="246" count="241987301" type="stmt"/>
      <line num="247" count="241987301" type="stmt"/>
      <line num="251" count="38203146" type="stmt"/>
      <line num="255" count="1" type="stmt"/>
    </file>
    <file name="perft.js" path="/Users/longzheng/Documents/Code/JSChess/src/perft.js">
      <metrics statements="34" coveredstatements="34" conditionals="6" coveredconditionals="6" methods="2" coveredmethods="2"/>
      <line num="1" count="1" type="stmt"/>
      <line num="3" count="1" type="stmt"/>
      <line num="5" count="1" type="stmt"/>
      <line num="7" count="1" type="stmt"/>
      <line num="9" count="1" type="stmt"/>
      <line num="14" count="395673136" type="cond" truecount="2" falsecount="0"/>
      <line num="15" count="382938880" type="stmt"/>
      <line num="16" count="382938880" type="stmt"/>
      <line num="18" count="12734256" type="stmt"/>
      <line num="20" count="12734256" type="stmt"/>
      <line num="21" count="425673414" type="stmt"/>
      <line num="22" count="425673414" type="cond" truecount="2" falsecount="0"/>
      <line num="23" count="30001686" type="stmt"/>
      <line num="25" count="395671728" type="stmt"/>
      <line num="26" count="395671728" type="stmt"/>
      <line num="28" count="12734256" type="stmt"/>
      <line num="32" count="126" type="stmt"/>
      <line num="33" count="126" type="stmt"/>
      <line num="34" count="126" type="stmt"/>
      <line num="35" count="126" type="stmt"/>
      <line num="37" count="126" type="stmt"/>
      <line num="38" count="126" type="stmt"/>
      <line num="39" count="1569" type="stmt"/>
      <line num="40" count="1569" type="cond" truecount="2" falsecount="0"/>
      <line num="41" count="161" type="stmt"/>
      <line num="43" count="1408" type="stmt"/>
      <line num="44" count="1408" type="stmt"/>
      <line num="45" count="1408" type="stmt"/>
      <line num="46" count="1408" type="stmt"/>
      <line num="47" count="1408" type="stmt"/>
      <line num="48" count="1408" type="stmt"/>
      <line num="51" count="126" type="stmt"/>
      <line num="52" count="126" type="stmt"/>
      <line num="55" count="1" type="stmt"/>
    </file>
  </project>
</coverage>
