{"/Users/longzheng/Documents/Code/JSChess/src/board.js": {"path":"/Users/longzheng/Documents/Code/JSChess/src/board.js","statementMap":{"0":{"start":{"line":33,"column":21},"end":{"line":33,"column":38}},"1":{"start":{"line":35,"column":24},"end":{"line":35,"column":39}},"2":{"start":{"line":37,"column":18},"end":{"line":37,"column":20}},"3":{"start":{"line":39,"column":0},"end":{"line":39,"column":47}},"4":{"start":{"line":40,"column":0},"end":{"line":40,"column":31}},"5":{"start":{"line":42,"column":0},"end":{"line":42,"column":24}},"6":{"start":{"line":44,"column":0},"end":{"line":44,"column":21}},"7":{"start":{"line":45,"column":0},"end":{"line":45,"column":23}},"8":{"start":{"line":46,"column":0},"end":{"line":46,"column":21}},"9":{"start":{"line":48,"column":0},"end":{"line":48,"column":18}},"10":{"start":{"line":54,"column":0},"end":{"line":54,"column":24}},"11":{"start":{"line":57,"column":0},"end":{"line":57,"column":31}},"12":{"start":{"line":59,"column":0},"end":{"line":59,"column":34}},"13":{"start":{"line":64,"column":0},"end":{"line":64,"column":38}},"14":{"start":{"line":70,"column":0},"end":{"line":70,"column":41}},"15":{"start":{"line":72,"column":0},"end":{"line":72,"column":21}},"16":{"start":{"line":75,"column":0},"end":{"line":75,"column":63}},"17":{"start":{"line":76,"column":0},"end":{"line":76,"column":65}},"18":{"start":{"line":77,"column":0},"end":{"line":77,"column":47}},"19":{"start":{"line":80,"column":24},"end":{"line":80,"column":63}},"20":{"start":{"line":81,"column":4},"end":{"line":83,"column":5}},"21":{"start":{"line":81,"column":16},"end":{"line":81,"column":17}},"22":{"start":{"line":82,"column":8},"end":{"line":82,"column":29}},"23":{"start":{"line":84,"column":24},"end":{"line":84,"column":60}},"24":{"start":{"line":85,"column":4},"end":{"line":87,"column":5}},"25":{"start":{"line":85,"column":16},"end":{"line":85,"column":17}},"26":{"start":{"line":86,"column":8},"end":{"line":86,"column":29}},"27":{"start":{"line":91,"column":4},"end":{"line":99,"column":5}},"28":{"start":{"line":92,"column":8},"end":{"line":98,"column":9}},"29":{"start":{"line":92,"column":28},"end":{"line":92,"column":29}},"30":{"start":{"line":93,"column":12},"end":{"line":93,"column":76}},"31":{"start":{"line":94,"column":12},"end":{"line":97,"column":13}},"32":{"start":{"line":95,"column":16},"end":{"line":95,"column":93}},"33":{"start":{"line":96,"column":16},"end":{"line":96,"column":34}},"34":{"start":{"line":101,"column":4},"end":{"line":106,"column":5}},"35":{"start":{"line":101,"column":16},"end":{"line":101,"column":17}},"36":{"start":{"line":102,"column":8},"end":{"line":102,"column":30}},"37":{"start":{"line":103,"column":8},"end":{"line":103,"column":46}},"38":{"start":{"line":104,"column":8},"end":{"line":104,"column":36}},"39":{"start":{"line":105,"column":8},"end":{"line":105,"column":68}},"40":{"start":{"line":108,"column":4},"end":{"line":113,"column":5}},"41":{"start":{"line":109,"column":8},"end":{"line":112,"column":9}},"42":{"start":{"line":110,"column":12},"end":{"line":110,"column":57}},"43":{"start":{"line":111,"column":12},"end":{"line":111,"column":30}},"44":{"start":{"line":115,"column":4},"end":{"line":120,"column":5}},"45":{"start":{"line":118,"column":8},"end":{"line":118,"column":50}},"46":{"start":{"line":119,"column":8},"end":{"line":119,"column":26}},"47":{"start":{"line":122,"column":4},"end":{"line":125,"column":5}},"48":{"start":{"line":123,"column":8},"end":{"line":123,"column":46}},"49":{"start":{"line":124,"column":8},"end":{"line":124,"column":26}},"50":{"start":{"line":127,"column":4},"end":{"line":130,"column":5}},"51":{"start":{"line":128,"column":8},"end":{"line":128,"column":46}},"52":{"start":{"line":129,"column":8},"end":{"line":129,"column":26}},"53":{"start":{"line":131,"column":4},"end":{"line":131,"column":21}},"54":{"start":{"line":136,"column":4},"end":{"line":136,"column":36}},"55":{"start":{"line":137,"column":4},"end":{"line":145,"column":5}},"56":{"start":{"line":137,"column":19},"end":{"line":137,"column":31}},"57":{"start":{"line":138,"column":8},"end":{"line":138,"column":38}},"58":{"start":{"line":139,"column":8},"end":{"line":143,"column":9}},"59":{"start":{"line":139,"column":23},"end":{"line":139,"column":35}},"60":{"start":{"line":140,"column":12},"end":{"line":140,"column":49}},"61":{"start":{"line":141,"column":12},"end":{"line":141,"column":45}},"62":{"start":{"line":142,"column":12},"end":{"line":142,"column":51}},"63":{"start":{"line":144,"column":8},"end":{"line":144,"column":26}},"64":{"start":{"line":146,"column":4},"end":{"line":146,"column":16}},"65":{"start":{"line":147,"column":4},"end":{"line":149,"column":5}},"66":{"start":{"line":147,"column":19},"end":{"line":147,"column":31}},"67":{"start":{"line":148,"column":8},"end":{"line":148,"column":45}},"68":{"start":{"line":151,"column":4},"end":{"line":151,"column":22}},"69":{"start":{"line":152,"column":4},"end":{"line":152,"column":53}},"70":{"start":{"line":153,"column":4},"end":{"line":153,"column":53}},"71":{"start":{"line":154,"column":4},"end":{"line":154,"column":14}},"72":{"start":{"line":156,"column":4},"end":{"line":158,"column":5}},"73":{"start":{"line":157,"column":8},"end":{"line":157,"column":20}},"74":{"start":{"line":159,"column":4},"end":{"line":161,"column":5}},"75":{"start":{"line":160,"column":8},"end":{"line":160,"column":20}},"76":{"start":{"line":162,"column":4},"end":{"line":164,"column":5}},"77":{"start":{"line":163,"column":8},"end":{"line":163,"column":20}},"78":{"start":{"line":165,"column":4},"end":{"line":167,"column":5}},"79":{"start":{"line":166,"column":8},"end":{"line":166,"column":20}},"80":{"start":{"line":169,"column":4},"end":{"line":169,"column":46}},"81":{"start":{"line":170,"column":4},"end":{"line":170,"column":57}},"82":{"start":{"line":174,"column":19},"end":{"line":174,"column":20}},"83":{"start":{"line":176,"column":4},"end":{"line":181,"column":5}},"84":{"start":{"line":176,"column":21},"end":{"line":176,"column":22}},"85":{"start":{"line":177,"column":8},"end":{"line":177,"column":40}},"86":{"start":{"line":178,"column":8},"end":{"line":180,"column":9}},"87":{"start":{"line":179,"column":12},"end":{"line":179,"column":58}},"88":{"start":{"line":182,"column":4},"end":{"line":184,"column":5}},"89":{"start":{"line":183,"column":8},"end":{"line":183,"column":28}},"90":{"start":{"line":185,"column":4},"end":{"line":187,"column":5}},"91":{"start":{"line":186,"column":8},"end":{"line":186,"column":51}},"92":{"start":{"line":188,"column":4},"end":{"line":188,"column":55}},"93":{"start":{"line":189,"column":4},"end":{"line":189,"column":20}},"94":{"start":{"line":193,"column":4},"end":{"line":197,"column":5}},"95":{"start":{"line":193,"column":20},"end":{"line":193,"column":29}},"96":{"start":{"line":194,"column":8},"end":{"line":196,"column":9}},"97":{"start":{"line":194,"column":27},"end":{"line":194,"column":28}},"98":{"start":{"line":195,"column":12},"end":{"line":195,"column":126}},"99":{"start":{"line":202,"column":4},"end":{"line":202,"column":74}},"100":{"start":{"line":203,"column":4},"end":{"line":203,"column":61}},"101":{"start":{"line":204,"column":4},"end":{"line":204,"column":67}},"102":{"start":{"line":207,"column":4},"end":{"line":216,"column":5}},"103":{"start":{"line":207,"column":20},"end":{"line":207,"column":21}},"104":{"start":{"line":208,"column":8},"end":{"line":208,"column":34}},"105":{"start":{"line":209,"column":8},"end":{"line":209,"column":41}},"106":{"start":{"line":210,"column":8},"end":{"line":215,"column":9}},"107":{"start":{"line":211,"column":12},"end":{"line":211,"column":37}},"108":{"start":{"line":212,"column":12},"end":{"line":212,"column":58}},"109":{"start":{"line":213,"column":12},"end":{"line":213,"column":90}},"110":{"start":{"line":214,"column":12},"end":{"line":214,"column":43}},"111":{"start":{"line":217,"column":4},"end":{"line":217,"column":21}},"112":{"start":{"line":222,"column":4},"end":{"line":222,"column":64}},"113":{"start":{"line":229,"column":4},"end":{"line":231,"column":5}},"114":{"start":{"line":229,"column":20},"end":{"line":229,"column":21}},"115":{"start":{"line":230,"column":8},"end":{"line":230,"column":58}},"116":{"start":{"line":232,"column":4},"end":{"line":232,"column":34}},"117":{"start":{"line":233,"column":4},"end":{"line":233,"column":44}},"118":{"start":{"line":234,"column":4},"end":{"line":234,"column":28}},"119":{"start":{"line":235,"column":4},"end":{"line":235,"column":22}},"120":{"start":{"line":236,"column":4},"end":{"line":236,"column":25}},"121":{"start":{"line":237,"column":4},"end":{"line":237,"column":35}},"122":{"start":{"line":238,"column":4},"end":{"line":238,"column":25}},"123":{"start":{"line":239,"column":4},"end":{"line":239,"column":47}},"124":{"start":{"line":259,"column":4},"end":{"line":259,"column":17}},"125":{"start":{"line":260,"column":15},"end":{"line":260,"column":27}},"126":{"start":{"line":261,"column":16},"end":{"line":261,"column":30}},"127":{"start":{"line":262,"column":20},"end":{"line":262,"column":28}},"128":{"start":{"line":263,"column":23},"end":{"line":263,"column":31}},"129":{"start":{"line":264,"column":21},"end":{"line":264,"column":29}},"130":{"start":{"line":265,"column":17},"end":{"line":265,"column":25}},"131":{"start":{"line":268,"column":4},"end":{"line":286,"column":7}},"132":{"start":{"line":269,"column":8},"end":{"line":269,"column":28}},"133":{"start":{"line":270,"column":8},"end":{"line":284,"column":11}},"134":{"start":{"line":271,"column":12},"end":{"line":271,"column":64}},"135":{"start":{"line":272,"column":12},"end":{"line":275,"column":13}},"136":{"start":{"line":273,"column":16},"end":{"line":273,"column":59}},"137":{"start":{"line":274,"column":16},"end":{"line":274,"column":23}},"138":{"start":{"line":276,"column":12},"end":{"line":283,"column":13}},"139":{"start":{"line":278,"column":16},"end":{"line":278,"column":76}},"140":{"start":{"line":282,"column":16},"end":{"line":282,"column":38}},"141":{"start":{"line":285,"column":8},"end":{"line":285,"column":15}},"142":{"start":{"line":288,"column":4},"end":{"line":288,"column":75}},"143":{"start":{"line":290,"column":4},"end":{"line":300,"column":7}},"144":{"start":{"line":291,"column":8},"end":{"line":291,"column":38}},"145":{"start":{"line":292,"column":8},"end":{"line":298,"column":9}},"146":{"start":{"line":293,"column":12},"end":{"line":293,"column":90}},"147":{"start":{"line":294,"column":12},"end":{"line":294,"column":19}},"148":{"start":{"line":296,"column":13},"end":{"line":298,"column":9}},"149":{"start":{"line":297,"column":12},"end":{"line":297,"column":59}},"150":{"start":{"line":301,"column":4},"end":{"line":306,"column":5}},"151":{"start":{"line":302,"column":8},"end":{"line":302,"column":64}},"152":{"start":{"line":303,"column":8},"end":{"line":303,"column":64}},"153":{"start":{"line":304,"column":8},"end":{"line":304,"column":56}},"154":{"start":{"line":305,"column":8},"end":{"line":305,"column":58}},"155":{"start":{"line":307,"column":4},"end":{"line":307,"column":40}},"156":{"start":{"line":308,"column":4},"end":{"line":308,"column":26}},"157":{"start":{"line":309,"column":4},"end":{"line":309,"column":26}},"158":{"start":{"line":317,"column":4},"end":{"line":326,"column":5}},"159":{"start":{"line":318,"column":8},"end":{"line":320,"column":9}},"160":{"start":{"line":319,"column":12},"end":{"line":319,"column":29}},"161":{"start":{"line":323,"column":8},"end":{"line":325,"column":9}},"162":{"start":{"line":324,"column":12},"end":{"line":324,"column":29}},"163":{"start":{"line":329,"column":4},"end":{"line":334,"column":5}},"164":{"start":{"line":329,"column":16},"end":{"line":329,"column":17}},"165":{"start":{"line":330,"column":20},"end":{"line":330,"column":66}},"166":{"start":{"line":331,"column":8},"end":{"line":333,"column":9}},"167":{"start":{"line":332,"column":12},"end":{"line":332,"column":29}},"168":{"start":{"line":337,"column":4},"end":{"line":351,"column":5}},"169":{"start":{"line":337,"column":16},"end":{"line":337,"column":17}},"170":{"start":{"line":338,"column":24},"end":{"line":338,"column":41}},"171":{"start":{"line":339,"column":28},"end":{"line":339,"column":46}},"172":{"start":{"line":340,"column":20},"end":{"line":340,"column":51}},"173":{"start":{"line":341,"column":8},"end":{"line":350,"column":9}},"174":{"start":{"line":342,"column":12},"end":{"line":347,"column":13}},"175":{"start":{"line":343,"column":16},"end":{"line":345,"column":17}},"176":{"start":{"line":344,"column":20},"end":{"line":344,"column":37}},"177":{"start":{"line":346,"column":16},"end":{"line":346,"column":22}},"178":{"start":{"line":348,"column":12},"end":{"line":348,"column":39}},"179":{"start":{"line":349,"column":12},"end":{"line":349,"column":52}},"180":{"start":{"line":354,"column":4},"end":{"line":368,"column":5}},"181":{"start":{"line":354,"column":16},"end":{"line":354,"column":17}},"182":{"start":{"line":355,"column":24},"end":{"line":355,"column":43}},"183":{"start":{"line":356,"column":28},"end":{"line":356,"column":46}},"184":{"start":{"line":357,"column":20},"end":{"line":357,"column":51}},"185":{"start":{"line":358,"column":8},"end":{"line":367,"column":9}},"186":{"start":{"line":359,"column":12},"end":{"line":364,"column":13}},"187":{"start":{"line":360,"column":16},"end":{"line":362,"column":17}},"188":{"start":{"line":361,"column":20},"end":{"line":361,"column":37}},"189":{"start":{"line":363,"column":16},"end":{"line":363,"column":22}},"190":{"start":{"line":365,"column":12},"end":{"line":365,"column":39}},"191":{"start":{"line":366,"column":12},"end":{"line":366,"column":52}},"192":{"start":{"line":371,"column":4},"end":{"line":376,"column":5}},"193":{"start":{"line":371,"column":16},"end":{"line":371,"column":17}},"194":{"start":{"line":372,"column":20},"end":{"line":372,"column":64}},"195":{"start":{"line":373,"column":8},"end":{"line":375,"column":9}},"196":{"start":{"line":374,"column":12},"end":{"line":374,"column":29}},"197":{"start":{"line":378,"column":4},"end":{"line":378,"column":22}},"198":{"start":{"line":384,"column":4},"end":{"line":384,"column":33}},"199":{"start":{"line":385,"column":4},"end":{"line":398,"column":5}},"200":{"start":{"line":385,"column":19},"end":{"line":385,"column":31}},"201":{"start":{"line":386,"column":20},"end":{"line":386,"column":36}},"202":{"start":{"line":387,"column":8},"end":{"line":396,"column":9}},"203":{"start":{"line":387,"column":23},"end":{"line":387,"column":35}},"204":{"start":{"line":388,"column":25},"end":{"line":388,"column":53}},"205":{"start":{"line":389,"column":12},"end":{"line":394,"column":13}},"206":{"start":{"line":390,"column":16},"end":{"line":390,"column":28}},"207":{"start":{"line":393,"column":16},"end":{"line":393,"column":28}},"208":{"start":{"line":395,"column":12},"end":{"line":395,"column":40}},"209":{"start":{"line":397,"column":8},"end":{"line":397,"column":26}},"210":{"start":{"line":399,"column":4},"end":{"line":399,"column":22}},"211":{"start":{"line":403,"column":4},"end":{"line":411,"column":5}},"212":{"start":{"line":403,"column":16},"end":{"line":403,"column":17}},"213":{"start":{"line":404,"column":8},"end":{"line":410,"column":11}},"214":{"start":{"line":415,"column":4},"end":{"line":417,"column":5}},"215":{"start":{"line":416,"column":8},"end":{"line":416,"column":25}},"216":{"start":{"line":418,"column":4},"end":{"line":418,"column":22}},"217":{"start":{"line":422,"column":4},"end":{"line":422,"column":58}},"218":{"start":{"line":426,"column":4},"end":{"line":426,"column":63}},"219":{"start":{"line":430,"column":4},"end":{"line":430,"column":32}},"220":{"start":{"line":434,"column":4},"end":{"line":434,"column":55}},"221":{"start":{"line":437,"column":0},"end":{"line":448,"column":1}}},"fnMap":{"0":{"name":"CheckBoard","decl":{"start":{"line":79,"column":9},"end":{"line":79,"column":19}},"loc":{"start":{"line":79,"column":21},"end":{"line":132,"column":1}},"line":79},"1":{"name":"PrintBoard","decl":{"start":{"line":134,"column":9},"end":{"line":134,"column":19}},"loc":{"start":{"line":134,"column":21},"end":{"line":171,"column":1}},"line":134},"2":{"name":"GeneratePosKey","decl":{"start":{"line":173,"column":9},"end":{"line":173,"column":23}},"loc":{"start":{"line":173,"column":25},"end":{"line":190,"column":1}},"line":173},"3":{"name":"PrintPieceList","decl":{"start":{"line":192,"column":9},"end":{"line":192,"column":23}},"loc":{"start":{"line":192,"column":26},"end":{"line":198,"column":1}},"line":192},"4":{"name":"UpdateListsMaterial","decl":{"start":{"line":200,"column":9},"end":{"line":200,"column":28}},"loc":{"start":{"line":200,"column":30},"end":{"line":218,"column":1}},"line":200},"5":{"name":"ResetBoard","decl":{"start":{"line":220,"column":9},"end":{"line":220,"column":19}},"loc":{"start":{"line":220,"column":21},"end":{"line":240,"column":1}},"line":220},"6":{"name":"ParseFen","decl":{"start":{"line":258,"column":9},"end":{"line":258,"column":17}},"loc":{"start":{"line":258,"column":22},"end":{"line":310,"column":1}},"line":258},"7":{"name":"(anonymous_7)","decl":{"start":{"line":268,"column":33},"end":{"line":268,"column":34}},"loc":{"start":{"line":268,"column":51},"end":{"line":286,"column":5}},"line":268},"8":{"name":"(anonymous_8)","decl":{"start":{"line":270,"column":34},"end":{"line":270,"column":35}},"loc":{"start":{"line":270,"column":51},"end":{"line":284,"column":9}},"line":270},"9":{"name":"(anonymous_9)","decl":{"start":{"line":290,"column":33},"end":{"line":290,"column":34}},"loc":{"start":{"line":290,"column":50},"end":{"line":300,"column":5}},"line":290},"10":{"name":"SquareAttacked","decl":{"start":{"line":315,"column":9},"end":{"line":315,"column":23}},"loc":{"start":{"line":315,"column":37},"end":{"line":379,"column":1}},"line":315},"11":{"name":"PrintSquareAttacked","decl":{"start":{"line":382,"column":9},"end":{"line":382,"column":28}},"loc":{"start":{"line":382,"column":30},"end":{"line":400,"column":1}},"line":382},"12":{"name":"InitBoardVariables","decl":{"start":{"line":402,"column":9},"end":{"line":402,"column":27}},"loc":{"start":{"line":402,"column":29},"end":{"line":412,"column":1}},"line":402},"13":{"name":"IsSquareOffBoard","decl":{"start":{"line":414,"column":9},"end":{"line":414,"column":25}},"loc":{"start":{"line":414,"column":33},"end":{"line":419,"column":1}},"line":414},"14":{"name":"HashPiece","decl":{"start":{"line":421,"column":9},"end":{"line":421,"column":18}},"loc":{"start":{"line":421,"column":33},"end":{"line":423,"column":1}},"line":421},"15":{"name":"HashCastle","decl":{"start":{"line":425,"column":9},"end":{"line":425,"column":19}},"loc":{"start":{"line":425,"column":21},"end":{"line":427,"column":1}},"line":425},"16":{"name":"HashSide","decl":{"start":{"line":429,"column":9},"end":{"line":429,"column":17}},"loc":{"start":{"line":429,"column":19},"end":{"line":431,"column":1}},"line":429},"17":{"name":"HashEnPassant","decl":{"start":{"line":433,"column":9},"end":{"line":433,"column":22}},"loc":{"start":{"line":433,"column":24},"end":{"line":435,"column":1}},"line":433}},"branchMap":{"0":{"loc":{"start":{"line":94,"column":12},"end":{"line":97,"column":13}},"type":"if","locations":[{"start":{"line":94,"column":12},"end":{"line":97,"column":13}},{"start":{},"end":{}}],"line":94},"1":{"loc":{"start":{"line":109,"column":8},"end":{"line":112,"column":9}},"type":"if","locations":[{"start":{"line":109,"column":8},"end":{"line":112,"column":9}},{"start":{},"end":{}}],"line":109},"2":{"loc":{"start":{"line":115,"column":4},"end":{"line":120,"column":5}},"type":"if","locations":[{"start":{"line":115,"column":4},"end":{"line":120,"column":5}},{"start":{},"end":{}}],"line":115},"3":{"loc":{"start":{"line":115,"column":7},"end":{"line":116,"column":74}},"type":"binary-expr","locations":[{"start":{"line":115,"column":7},"end":{"line":115,"column":73}},{"start":{"line":116,"column":8},"end":{"line":116,"column":74}}],"line":115},"4":{"loc":{"start":{"line":122,"column":4},"end":{"line":125,"column":5}},"type":"if","locations":[{"start":{"line":122,"column":4},"end":{"line":125,"column":5}},{"start":{},"end":{}}],"line":122},"5":{"loc":{"start":{"line":122,"column":7},"end":{"line":122,"column":75}},"type":"binary-expr","locations":[{"start":{"line":122,"column":7},"end":{"line":122,"column":39}},{"start":{"line":122,"column":43},"end":{"line":122,"column":75}}],"line":122},"6":{"loc":{"start":{"line":127,"column":4},"end":{"line":130,"column":5}},"type":"if","locations":[{"start":{"line":127,"column":4},"end":{"line":130,"column":5}},{"start":{},"end":{}}],"line":127},"7":{"loc":{"start":{"line":156,"column":4},"end":{"line":158,"column":5}},"type":"if","locations":[{"start":{"line":156,"column":4},"end":{"line":158,"column":5}},{"start":{},"end":{}}],"line":156},"8":{"loc":{"start":{"line":159,"column":4},"end":{"line":161,"column":5}},"type":"if","locations":[{"start":{"line":159,"column":4},"end":{"line":161,"column":5}},{"start":{},"end":{}}],"line":159},"9":{"loc":{"start":{"line":162,"column":4},"end":{"line":164,"column":5}},"type":"if","locations":[{"start":{"line":162,"column":4},"end":{"line":164,"column":5}},{"start":{},"end":{}}],"line":162},"10":{"loc":{"start":{"line":165,"column":4},"end":{"line":167,"column":5}},"type":"if","locations":[{"start":{"line":165,"column":4},"end":{"line":167,"column":5}},{"start":{},"end":{}}],"line":165},"11":{"loc":{"start":{"line":178,"column":8},"end":{"line":180,"column":9}},"type":"if","locations":[{"start":{"line":178,"column":8},"end":{"line":180,"column":9}},{"start":{},"end":{}}],"line":178},"12":{"loc":{"start":{"line":178,"column":11},"end":{"line":178,"column":61}},"type":"binary-expr","locations":[{"start":{"line":178,"column":11},"end":{"line":178,"column":32}},{"start":{"line":178,"column":36},"end":{"line":178,"column":61}}],"line":178},"13":{"loc":{"start":{"line":182,"column":4},"end":{"line":184,"column":5}},"type":"if","locations":[{"start":{"line":182,"column":4},"end":{"line":184,"column":5}},{"start":{},"end":{}}],"line":182},"14":{"loc":{"start":{"line":185,"column":4},"end":{"line":187,"column":5}},"type":"if","locations":[{"start":{"line":185,"column":4},"end":{"line":187,"column":5}},{"start":{},"end":{}}],"line":185},"15":{"loc":{"start":{"line":210,"column":8},"end":{"line":215,"column":9}},"type":"if","locations":[{"start":{"line":210,"column":8},"end":{"line":215,"column":9}},{"start":{},"end":{}}],"line":210},"16":{"loc":{"start":{"line":272,"column":12},"end":{"line":275,"column":13}},"type":"if","locations":[{"start":{"line":272,"column":12},"end":{"line":275,"column":13}},{"start":{},"end":{}}],"line":272},"17":{"loc":{"start":{"line":276,"column":12},"end":{"line":283,"column":13}},"type":"if","locations":[{"start":{"line":276,"column":12},"end":{"line":283,"column":13}},{"start":{"line":280,"column":16},"end":{"line":283,"column":13}}],"line":276},"18":{"loc":{"start":{"line":288,"column":21},"end":{"line":288,"column":74}},"type":"cond-expr","locations":[{"start":{"line":288,"column":45},"end":{"line":288,"column":58}},{"start":{"line":288,"column":61},"end":{"line":288,"column":74}}],"line":288},"19":{"loc":{"start":{"line":292,"column":8},"end":{"line":298,"column":9}},"type":"if","locations":[{"start":{"line":292,"column":8},"end":{"line":298,"column":9}},{"start":{"line":296,"column":13},"end":{"line":298,"column":9}}],"line":292},"20":{"loc":{"start":{"line":296,"column":13},"end":{"line":298,"column":9}},"type":"if","locations":[{"start":{"line":296,"column":13},"end":{"line":298,"column":9}},{"start":{},"end":{}}],"line":296},"21":{"loc":{"start":{"line":301,"column":4},"end":{"line":306,"column":5}},"type":"if","locations":[{"start":{"line":301,"column":4},"end":{"line":306,"column":5}},{"start":{},"end":{}}],"line":301},"22":{"loc":{"start":{"line":317,"column":4},"end":{"line":326,"column":5}},"type":"if","locations":[{"start":{"line":317,"column":4},"end":{"line":326,"column":5}},{"start":{"line":322,"column":8},"end":{"line":326,"column":5}}],"line":317},"23":{"loc":{"start":{"line":318,"column":8},"end":{"line":320,"column":9}},"type":"if","locations":[{"start":{"line":318,"column":8},"end":{"line":320,"column":9}},{"start":{},"end":{}}],"line":318},"24":{"loc":{"start":{"line":318,"column":11},"end":{"line":318,"column":100}},"type":"binary-expr","locations":[{"start":{"line":318,"column":11},"end":{"line":318,"column":54}},{"start":{"line":318,"column":58},"end":{"line":318,"column":100}}],"line":318},"25":{"loc":{"start":{"line":323,"column":8},"end":{"line":325,"column":9}},"type":"if","locations":[{"start":{"line":323,"column":8},"end":{"line":325,"column":9}},{"start":{},"end":{}}],"line":323},"26":{"loc":{"start":{"line":323,"column":11},"end":{"line":323,"column":100}},"type":"binary-expr","locations":[{"start":{"line":323,"column":11},"end":{"line":323,"column":54}},{"start":{"line":323,"column":58},"end":{"line":323,"column":100}}],"line":323},"27":{"loc":{"start":{"line":331,"column":8},"end":{"line":333,"column":9}},"type":"if","locations":[{"start":{"line":331,"column":8},"end":{"line":333,"column":9}},{"start":{},"end":{}}],"line":331},"28":{"loc":{"start":{"line":331,"column":11},"end":{"line":331,"column":101}},"type":"binary-expr","locations":[{"start":{"line":331,"column":11},"end":{"line":331,"column":37}},{"start":{"line":331,"column":41},"end":{"line":331,"column":65}},{"start":{"line":331,"column":69},"end":{"line":331,"column":101}}],"line":331},"29":{"loc":{"start":{"line":342,"column":12},"end":{"line":347,"column":13}},"type":"if","locations":[{"start":{"line":342,"column":12},"end":{"line":347,"column":13}},{"start":{},"end":{}}],"line":342},"30":{"loc":{"start":{"line":343,"column":16},"end":{"line":345,"column":17}},"type":"if","locations":[{"start":{"line":343,"column":16},"end":{"line":345,"column":17}},{"start":{},"end":{}}],"line":343},"31":{"loc":{"start":{"line":343,"column":19},"end":{"line":343,"column":81}},"type":"binary-expr","locations":[{"start":{"line":343,"column":19},"end":{"line":343,"column":54}},{"start":{"line":343,"column":58},"end":{"line":343,"column":81}}],"line":343},"32":{"loc":{"start":{"line":359,"column":12},"end":{"line":364,"column":13}},"type":"if","locations":[{"start":{"line":359,"column":12},"end":{"line":364,"column":13}},{"start":{},"end":{}}],"line":359},"33":{"loc":{"start":{"line":360,"column":16},"end":{"line":362,"column":17}},"type":"if","locations":[{"start":{"line":360,"column":16},"end":{"line":362,"column":17}},{"start":{},"end":{}}],"line":360},"34":{"loc":{"start":{"line":360,"column":19},"end":{"line":360,"column":83}},"type":"binary-expr","locations":[{"start":{"line":360,"column":19},"end":{"line":360,"column":56}},{"start":{"line":360,"column":60},"end":{"line":360,"column":83}}],"line":360},"35":{"loc":{"start":{"line":373,"column":8},"end":{"line":375,"column":9}},"type":"if","locations":[{"start":{"line":373,"column":8},"end":{"line":375,"column":9}},{"start":{},"end":{}}],"line":373},"36":{"loc":{"start":{"line":373,"column":11},"end":{"line":373,"column":99}},"type":"binary-expr","locations":[{"start":{"line":373,"column":11},"end":{"line":373,"column":37}},{"start":{"line":373,"column":41},"end":{"line":373,"column":65}},{"start":{"line":373,"column":69},"end":{"line":373,"column":99}}],"line":373},"37":{"loc":{"start":{"line":389,"column":12},"end":{"line":394,"column":13}},"type":"if","locations":[{"start":{"line":389,"column":12},"end":{"line":394,"column":13}},{"start":{"line":392,"column":16},"end":{"line":394,"column":13}}],"line":389},"38":{"loc":{"start":{"line":415,"column":4},"end":{"line":417,"column":5}},"type":"if","locations":[{"start":{"line":415,"column":4},"end":{"line":417,"column":5}},{"start":{},"end":{}}],"line":415}},"s":{"0":2,"1":2,"2":2,"3":2,"4":2,"5":2,"6":2,"7":2,"8":2,"9":2,"10":2,"11":2,"12":2,"13":2,"14":2,"15":2,"16":2,"17":2,"18":2,"19":0,"20":0,"21":0,"22":0,"23":0,"24":0,"25":0,"26":0,"27":0,"28":0,"29":0,"30":0,"31":0,"32":0,"33":0,"34":0,"35":0,"36":0,"37":0,"38":0,"39":0,"40":0,"41":0,"42":0,"43":0,"44":0,"45":0,"46":0,"47":0,"48":0,"49":0,"50":0,"51":0,"52":0,"53":0,"54":126,"55":126,"56":126,"57":1008,"58":1008,"59":1008,"60":8064,"61":8064,"62":8064,"63":1008,"64":126,"65":126,"66":126,"67":1008,"68":126,"69":126,"70":126,"71":126,"72":126,"73":20,"74":126,"75":18,"76":126,"77":20,"78":126,"79":18,"80":126,"81":126,"82":127,"83":127,"84":127,"85":15240,"86":15240,"87":666,"88":127,"89":64,"90":127,"91":0,"92":127,"93":127,"94":127,"95":127,"96":1524,"97":1524,"98":666,"99":127,"100":127,"101":127,"102":127,"103":127,"104":8128,"105":8128,"106":8128,"107":666,"108":666,"109":666,"110":666,"111":127,"112":127,"113":127,"114":127,"115":8128,"116":127,"117":127,"118":127,"119":127,"120":127,"121":127,"122":127,"123":127,"124":127,"125":127,"126":127,"127":127,"128":127,"129":127,"130":127,"131":127,"132":1016,"133":1016,"134":1924,"135":1924,"136":0,"137":0,"138":1924,"139":666,"140":1258,"141":1016,"142":127,"143":127,"144":170,"145":170,"146":0,"147":0,"148":170,"149":80,"150":127,"151":0,"152":0,"153":0,"154":0,"155":127,"156":127,"157":127,"158":438876362,"159":115088884,"160":223498,"161":323787478,"162":736979,"163":437915885,"164":437915885,"165":3498080588,"166":3498080588,"167":1504319,"168":436411566,"169":436411566,"170":1708395621,"171":1708395621,"172":1708395621,"173":1708395621,"174":4282717934,"175":841475812,"176":23698808,"177":817777004,"178":3441242122,"179":3441242122,"180":412712758,"181":412712758,"182":1647368930,"183":1647368930,"184":1647368930,"185":1647368930,"186":2147907444,"187":513054709,"188":3677439,"189":509377270,"190":1634852735,"191":1634852735,"192":409035319,"193":409035319,"194":3269571664,"195":3269571664,"196":854141,"197":408181178,"198":127,"199":127,"200":127,"201":1016,"202":1016,"203":1016,"204":8128,"205":8128,"206":1500,"207":6628,"208":8128,"209":1016,"210":127,"211":2,"212":2,"213":4096,"214":656321747,"215":131204978,"216":525116769,"217":1838596798,"218":1702699932,"219":851349966,"220":34456400,"221":2},"f":{"0":0,"1":126,"2":127,"3":127,"4":127,"5":127,"6":127,"7":1016,"8":1924,"9":170,"10":438876362,"11":127,"12":2,"13":656321747,"14":1838596798,"15":1702699932,"16":851349966,"17":34456400},"b":{"0":[0,0],"1":[0,0],"2":[0,0],"3":[0,0],"4":[0,0],"5":[0,0],"6":[0,0],"7":[20,106],"8":[18,108],"9":[20,106],"10":[18,108],"11":[666,14574],"12":[15240,7778],"13":[64,63],"14":[0,127],"15":[666,7462],"16":[0,1924],"17":[666,1258],"18":[64,63],"19":[0,170],"20":[80,90],"21":[0,127],"22":[115088884,323787478],"23":[223498,114865386],"24":[115088884,114871431],"25":[736979,323050499],"26":[323787478,323167390],"27":[1504319,3496576269],"28":[3498080588,2045299349,50600528],"29":[841475812,3441242122],"30":[23698808,817777004],"31":[841475812,470489896],"32":[513054709,1634852735],"33":[3677439,509377270],"34":[513054709,157103232],"35":[854141,3268717523],"36":[3269571664,2336497473,21777969],"37":[1500,6628],"38":[131204978,525116769]},"_coverageSchema":"1a1c01bbd47fc00a2c39e90264f33305004495a9","hash":"eda3f94e122eb9ae1f6163d3e3255135a3a84430"}
,"/Users/longzheng/Documents/Code/JSChess/src/defs.js": {"path":"/Users/longzheng/Documents/Code/JSChess/src/defs.js","statementMap":{"0":{"start":{"line":1,"column":15},"end":{"line":2,"column":65}},"1":{"start":{"line":4,"column":25},"end":{"line":4,"column":28}},"2":{"start":{"line":5,"column":26},"end":{"line":5,"column":28}},"3":{"start":{"line":7,"column":14},"end":{"line":8,"column":74}},"4":{"start":{"line":9,"column":14},"end":{"line":10,"column":74}},"5":{"start":{"line":12,"column":16},"end":{"line":12,"column":49}},"6":{"start":{"line":14,"column":19},"end":{"line":15,"column":64}},"7":{"start":{"line":17,"column":16},"end":{"line":21,"column":5}},"8":{"start":{"line":23,"column":13},"end":{"line":23,"column":34}},"9":{"start":{"line":25,"column":23},"end":{"line":25,"column":27}},"10":{"start":{"line":26,"column":27},"end":{"line":26,"column":30}},"11":{"start":{"line":27,"column":18},"end":{"line":27,"column":20}},"12":{"start":{"line":28,"column":17},"end":{"line":28,"column":22}},"13":{"start":{"line":29,"column":13},"end":{"line":29,"column":18}},"14":{"start":{"line":31,"column":19},"end":{"line":31,"column":46}},"15":{"start":{"line":32,"column":19},"end":{"line":32,"column":46}},"16":{"start":{"line":33,"column":0},"end":{"line":33,"column":22}},"17":{"start":{"line":35,"column":18},"end":{"line":35,"column":76}},"18":{"start":{"line":37,"column":18},"end":{"line":37,"column":33}},"19":{"start":{"line":38,"column":17},"end":{"line":38,"column":22}},"20":{"start":{"line":39,"column":17},"end":{"line":39,"column":27}},"21":{"start":{"line":40,"column":17},"end":{"line":40,"column":27}},"22":{"start":{"line":43,"column":17},"end":{"line":43,"column":165}},"23":{"start":{"line":44,"column":17},"end":{"line":44,"column":169}},"24":{"start":{"line":45,"column":17},"end":{"line":45,"column":171}},"25":{"start":{"line":46,"column":16},"end":{"line":46,"column":88}},"26":{"start":{"line":47,"column":17},"end":{"line":48,"column":91}},"27":{"start":{"line":51,"column":18},"end":{"line":51,"column":174}},"28":{"start":{"line":52,"column":20},"end":{"line":52,"column":176}},"29":{"start":{"line":53,"column":18},"end":{"line":53,"column":174}},"30":{"start":{"line":54,"column":23},"end":{"line":54,"column":177}},"31":{"start":{"line":55,"column":25},"end":{"line":55,"column":179}},"32":{"start":{"line":57,"column":20},"end":{"line":57,"column":172}},"33":{"start":{"line":59,"column":25},"end":{"line":59,"column":60}},"34":{"start":{"line":60,"column":23},"end":{"line":60,"column":39}},"35":{"start":{"line":61,"column":25},"end":{"line":61,"column":41}},"36":{"start":{"line":62,"column":23},"end":{"line":62,"column":55}},"37":{"start":{"line":64,"column":32},"end":{"line":64,"column":71}},"38":{"start":{"line":65,"column":26},"end":{"line":66,"column":114}},"39":{"start":{"line":67,"column":25},"end":{"line":67,"column":75}},"40":{"start":{"line":68,"column":32},"end":{"line":68,"column":38}},"41":{"start":{"line":69,"column":22},"end":{"line":69,"column":94}},"42":{"start":{"line":70,"column":35},"end":{"line":70,"column":41}},"43":{"start":{"line":77,"column":18},"end":{"line":77,"column":37}},"44":{"start":{"line":80,"column":19},"end":{"line":80,"column":32}},"45":{"start":{"line":81,"column":0},"end":{"line":81,"column":15}},"46":{"start":{"line":84,"column":28},"end":{"line":84,"column":55}},"47":{"start":{"line":85,"column":28},"end":{"line":85,"column":41}},"48":{"start":{"line":87,"column":0},"end":{"line":87,"column":26}},"49":{"start":{"line":89,"column":14},"end":{"line":89,"column":36}},"50":{"start":{"line":95,"column":32},"end":{"line":108,"column":1}},"51":{"start":{"line":113,"column":4},"end":{"line":114,"column":92}},"52":{"start":{"line":124,"column":4},"end":{"line":124,"column":44}},"53":{"start":{"line":134,"column":4},"end":{"line":134,"column":43}},"54":{"start":{"line":141,"column":4},"end":{"line":141,"column":38}},"55":{"start":{"line":145,"column":8},"end":{"line":145,"column":64}},"56":{"start":{"line":146,"column":8},"end":{"line":146,"column":64}},"57":{"start":{"line":148,"column":8},"end":{"line":154,"column":9}},"58":{"start":{"line":148,"column":23},"end":{"line":148,"column":35}},"59":{"start":{"line":149,"column":12},"end":{"line":153,"column":13}},"60":{"start":{"line":149,"column":27},"end":{"line":149,"column":39}},"61":{"start":{"line":150,"column":16},"end":{"line":150,"column":54}},"62":{"start":{"line":151,"column":16},"end":{"line":151,"column":42}},"63":{"start":{"line":152,"column":16},"end":{"line":152,"column":42}},"64":{"start":{"line":160,"column":4},"end":{"line":162,"column":5}},"65":{"start":{"line":160,"column":20},"end":{"line":160,"column":21}},"66":{"start":{"line":161,"column":8},"end":{"line":161,"column":37}},"67":{"start":{"line":163,"column":4},"end":{"line":163,"column":24}},"68":{"start":{"line":164,"column":4},"end":{"line":166,"column":5}},"69":{"start":{"line":164,"column":20},"end":{"line":164,"column":21}},"70":{"start":{"line":165,"column":8},"end":{"line":165,"column":38}},"71":{"start":{"line":171,"column":19},"end":{"line":171,"column":20}},"72":{"start":{"line":172,"column":23},"end":{"line":172,"column":25}},"73":{"start":{"line":174,"column":4},"end":{"line":174,"column":74}},"74":{"start":{"line":175,"column":4},"end":{"line":175,"column":78}},"75":{"start":{"line":176,"column":4},"end":{"line":182,"column":5}},"76":{"start":{"line":176,"column":19},"end":{"line":176,"column":31}},"77":{"start":{"line":177,"column":8},"end":{"line":181,"column":9}},"78":{"start":{"line":177,"column":23},"end":{"line":177,"column":35}},"79":{"start":{"line":178,"column":12},"end":{"line":178,"column":50}},"80":{"start":{"line":179,"column":12},"end":{"line":179,"column":51}},"81":{"start":{"line":180,"column":12},"end":{"line":180,"column":53}},"82":{"start":{"line":189,"column":32},"end":{"line":189,"column":34}},"83":{"start":{"line":190,"column":27},"end":{"line":190,"column":29}},"84":{"start":{"line":191,"column":8},"end":{"line":191,"column":64}},"85":{"start":{"line":223,"column":4},"end":{"line":223,"column":25}},"86":{"start":{"line":226,"column":4},"end":{"line":226,"column":32}},"87":{"start":{"line":229,"column":4},"end":{"line":229,"column":32}},"88":{"start":{"line":232,"column":4},"end":{"line":232,"column":32}},"89":{"start":{"line":235,"column":27},"end":{"line":235,"column":34}},"90":{"start":{"line":236,"column":27},"end":{"line":236,"column":34}},"91":{"start":{"line":237,"column":23},"end":{"line":237,"column":32}},"92":{"start":{"line":239,"column":24},"end":{"line":239,"column":31}},"93":{"start":{"line":240,"column":26},"end":{"line":240,"column":34}},"94":{"start":{"line":242,"column":14},"end":{"line":242,"column":15}},"95":{"start":{"line":244,"column":20},"end":{"line":244,"column":22}},"96":{"start":{"line":246,"column":0},"end":{"line":260,"column":1}}},"fnMap":{"0":{"name":"RAND_31","decl":{"start":{"line":112,"column":9},"end":{"line":112,"column":16}},"loc":{"start":{"line":112,"column":18},"end":{"line":115,"column":1}},"line":112},"1":{"name":"square64","decl":{"start":{"line":123,"column":9},"end":{"line":123,"column":17}},"loc":{"start":{"line":123,"column":28},"end":{"line":125,"column":1}},"line":123},"2":{"name":"square120","decl":{"start":{"line":133,"column":9},"end":{"line":133,"column":18}},"loc":{"start":{"line":133,"column":28},"end":{"line":135,"column":1}},"line":133},"3":{"name":"pieceIndex","decl":{"start":{"line":140,"column":9},"end":{"line":140,"column":19}},"loc":{"start":{"line":140,"column":39},"end":{"line":142,"column":1}},"line":140},"4":{"name":"InitFilesRanksBoard","decl":{"start":{"line":144,"column":9},"end":{"line":144,"column":28}},"loc":{"start":{"line":144,"column":30},"end":{"line":155,"column":1}},"line":144},"5":{"name":"InitHashKeys","decl":{"start":{"line":157,"column":9},"end":{"line":157,"column":21}},"loc":{"start":{"line":157,"column":23},"end":{"line":167,"column":1}},"line":157},"6":{"name":"InitSquare120ToSquare64","decl":{"start":{"line":170,"column":9},"end":{"line":170,"column":32}},"loc":{"start":{"line":170,"column":34},"end":{"line":183,"column":1}},"line":170},"7":{"name":"FileRankToSquare","decl":{"start":{"line":188,"column":9},"end":{"line":188,"column":25}},"loc":{"start":{"line":188,"column":38},"end":{"line":192,"column":1}},"line":188},"8":{"name":"getFromSquare","decl":{"start":{"line":222,"column":9},"end":{"line":222,"column":22}},"loc":{"start":{"line":222,"column":28},"end":{"line":224,"column":1}},"line":222},"9":{"name":"getToSquare","decl":{"start":{"line":225,"column":9},"end":{"line":225,"column":20}},"loc":{"start":{"line":225,"column":26},"end":{"line":227,"column":1}},"line":225},"10":{"name":"getCapturedPiece","decl":{"start":{"line":228,"column":9},"end":{"line":228,"column":25}},"loc":{"start":{"line":228,"column":31},"end":{"line":230,"column":1}},"line":228},"11":{"name":"getPromotion","decl":{"start":{"line":231,"column":9},"end":{"line":231,"column":21}},"loc":{"start":{"line":231,"column":27},"end":{"line":233,"column":1}},"line":231}},"branchMap":{},"s":{"0":3,"1":3,"2":3,"3":3,"4":3,"5":3,"6":3,"7":3,"8":3,"9":3,"10":3,"11":3,"12":3,"13":3,"14":3,"15":3,"16":3,"17":3,"18":3,"19":3,"20":3,"21":3,"22":3,"23":3,"24":3,"25":3,"26":3,"27":3,"28":3,"29":3,"30":3,"31":3,"32":3,"33":3,"34":3,"35":3,"36":3,"37":3,"38":3,"39":3,"40":3,"41":3,"42":3,"43":3,"44":3,"45":3,"46":3,"47":3,"48":3,"49":3,"50":3,"51":4731,"52":0,"53":16256,"54":3136170222,"55":4,"56":4,"57":4,"58":4,"59":32,"60":32,"61":256,"62":256,"63":256,"64":3,"65":3,"66":4680,"67":3,"68":3,"69":3,"70":48,"71":4,"72":4,"73":4,"74":4,"75":4,"76":4,"77":32,"78":32,"79":256,"80":256,"81":256,"82":17434,"83":17434,"84":17434,"85":851351374,"86":851351374,"87":851349966,"88":851351374,"89":3,"90":3,"91":3,"92":3,"93":3,"94":3,"95":3,"96":3},"f":{"0":4731,"1":0,"2":16256,"3":3136170222,"4":4,"5":3,"6":4,"7":17434,"8":851351374,"9":851351374,"10":851349966,"11":851351374},"b":{},"_coverageSchema":"1a1c01bbd47fc00a2c39e90264f33305004495a9","hash":"a33bf4b86e409d89a2b3eb06d1b0c853d2d654c6"}
,"/Users/longzheng/Documents/Code/JSChess/src/io.js": {"path":"/Users/longzheng/Documents/Code/JSChess/src/io.js","statementMap":{"0":{"start":{"line":1,"column":22},"end":{"line":1,"column":40}},"1":{"start":{"line":5,"column":29},"end":{"line":5,"column":46}},"2":{"start":{"line":8,"column":4},"end":{"line":8,"column":71}},"3":{"start":{"line":12,"column":25},"end":{"line":12,"column":44}},"4":{"start":{"line":13,"column":23},"end":{"line":13,"column":40}},"5":{"start":{"line":14,"column":23},"end":{"line":14,"column":45}},"6":{"start":{"line":15,"column":23},"end":{"line":15,"column":45}},"7":{"start":{"line":16,"column":21},"end":{"line":16,"column":41}},"8":{"start":{"line":17,"column":21},"end":{"line":17,"column":41}},"9":{"start":{"line":19,"column":25},"end":{"line":19,"column":64}},"10":{"start":{"line":20,"column":8},"end":{"line":20,"column":58}},"11":{"start":{"line":22,"column":23},"end":{"line":22,"column":41}},"12":{"start":{"line":23,"column":8},"end":{"line":37,"column":9}},"13":{"start":{"line":24,"column":31},"end":{"line":24,"column":34}},"14":{"start":{"line":25,"column":12},"end":{"line":35,"column":13}},"15":{"start":{"line":26,"column":16},"end":{"line":26,"column":35}},"16":{"start":{"line":28,"column":17},"end":{"line":35,"column":13}},"17":{"start":{"line":30,"column":16},"end":{"line":30,"column":35}},"18":{"start":{"line":32,"column":17},"end":{"line":35,"column":13}},"19":{"start":{"line":34,"column":16},"end":{"line":34,"column":35}},"20":{"start":{"line":36,"column":12},"end":{"line":36,"column":39}},"21":{"start":{"line":38,"column":8},"end":{"line":38,"column":26}},"22":{"start":{"line":43,"column":20},"end":{"line":43,"column":21}},"23":{"start":{"line":44,"column":8},"end":{"line":44,"column":35}},"24":{"start":{"line":45,"column":8},"end":{"line":48,"column":9}},"25":{"start":{"line":45,"column":20},"end":{"line":45,"column":58}},"26":{"start":{"line":46,"column":12},"end":{"line":46,"column":41}},"27":{"start":{"line":47,"column":12},"end":{"line":47,"column":68}},"28":{"start":{"line":51,"column":0},"end":{"line":55,"column":1}}},"fnMap":{"0":{"name":"PrintSquare","decl":{"start":{"line":7,"column":9},"end":{"line":7,"column":20}},"loc":{"start":{"line":7,"column":28},"end":{"line":9,"column":1}},"line":7},"1":{"name":"PrintMove","decl":{"start":{"line":11,"column":9},"end":{"line":11,"column":18}},"loc":{"start":{"line":11,"column":24},"end":{"line":39,"column":1}},"line":11},"2":{"name":"PrintMoveList","decl":{"start":{"line":41,"column":9},"end":{"line":41,"column":22}},"loc":{"start":{"line":41,"column":24},"end":{"line":49,"column":1}},"line":41}},"branchMap":{"0":{"loc":{"start":{"line":23,"column":8},"end":{"line":37,"column":9}},"type":"if","locations":[{"start":{"line":23,"column":8},"end":{"line":37,"column":9}},{"start":{},"end":{}}],"line":23},"1":{"loc":{"start":{"line":25,"column":12},"end":{"line":35,"column":13}},"type":"if","locations":[{"start":{"line":25,"column":12},"end":{"line":35,"column":13}},{"start":{"line":28,"column":17},"end":{"line":35,"column":13}}],"line":25},"2":{"loc":{"start":{"line":28,"column":17},"end":{"line":35,"column":13}},"type":"if","locations":[{"start":{"line":28,"column":17},"end":{"line":35,"column":13}},{"start":{"line":32,"column":17},"end":{"line":35,"column":13}}],"line":28},"3":{"loc":{"start":{"line":28,"column":20},"end":{"line":29,"column":57}},"type":"binary-expr","locations":[{"start":{"line":28,"column":20},"end":{"line":28,"column":58}},{"start":{"line":29,"column":16},"end":{"line":29,"column":57}}],"line":28},"4":{"loc":{"start":{"line":32,"column":17},"end":{"line":35,"column":13}},"type":"if","locations":[{"start":{"line":32,"column":17},"end":{"line":35,"column":13}},{"start":{},"end":{}}],"line":32},"5":{"loc":{"start":{"line":32,"column":20},"end":{"line":33,"column":56}},"type":"binary-expr","locations":[{"start":{"line":32,"column":20},"end":{"line":32,"column":59}},{"start":{"line":33,"column":16},"end":{"line":33,"column":56}}],"line":32}},"s":{"0":2,"1":2,"2":666,"3":1408,"4":1408,"5":1408,"6":1408,"7":1408,"8":1408,"9":1408,"10":1408,"11":1408,"12":1408,"13":80,"14":80,"15":20,"16":60,"17":20,"18":40,"19":20,"20":80,"21":1408,"22":0,"23":0,"24":0,"25":0,"26":0,"27":0,"28":2},"f":{"0":666,"1":1408,"2":0},"b":{"0":[80,1328],"1":[20,60],"2":[20,40],"3":[60,40],"4":[20,20],"5":[40,20]},"_coverageSchema":"1a1c01bbd47fc00a2c39e90264f33305004495a9","hash":"0697c1371a26ca277610b8fabfac8a75e62e1e6a"}
,"/Users/longzheng/Documents/Code/JSChess/src/makemove.js": {"path":"/Users/longzheng/Documents/Code/JSChess/src/makemove.js","statementMap":{"0":{"start":{"line":6,"column":22},"end":{"line":6,"column":40}},"1":{"start":{"line":25,"column":17},"end":{"line":25,"column":34}},"2":{"start":{"line":28,"column":16},"end":{"line":28,"column":40}},"3":{"start":{"line":29,"column":17},"end":{"line":29,"column":32}},"4":{"start":{"line":30,"column":24},"end":{"line":30,"column":26}},"5":{"start":{"line":32,"column":4},"end":{"line":32,"column":30}},"6":{"start":{"line":33,"column":4},"end":{"line":33,"column":44}},"7":{"start":{"line":34,"column":4},"end":{"line":34,"column":50}},"8":{"start":{"line":36,"column":4},"end":{"line":41,"column":5}},"9":{"start":{"line":36,"column":16},"end":{"line":36,"column":17}},"10":{"start":{"line":37,"column":8},"end":{"line":40,"column":9}},"11":{"start":{"line":38,"column":12},"end":{"line":38,"column":30}},"12":{"start":{"line":39,"column":12},"end":{"line":39,"column":18}},"13":{"start":{"line":43,"column":4},"end":{"line":43,"column":129}},"14":{"start":{"line":47,"column":17},"end":{"line":47,"column":32}},"15":{"start":{"line":48,"column":4},"end":{"line":48,"column":29}},"16":{"start":{"line":49,"column":4},"end":{"line":49,"column":37}},"17":{"start":{"line":50,"column":4},"end":{"line":50,"column":50}},"18":{"start":{"line":51,"column":4},"end":{"line":51,"column":84}},"19":{"start":{"line":55,"column":16},"end":{"line":55,"column":38}},"20":{"start":{"line":56,"column":4},"end":{"line":56,"column":27}},"21":{"start":{"line":57,"column":4},"end":{"line":57,"column":42}},"22":{"start":{"line":59,"column":4},"end":{"line":59,"column":25}},"23":{"start":{"line":60,"column":4},"end":{"line":60,"column":33}},"24":{"start":{"line":62,"column":4},"end":{"line":67,"column":5}},"25":{"start":{"line":62,"column":16},"end":{"line":62,"column":17}},"26":{"start":{"line":63,"column":8},"end":{"line":66,"column":9}},"27":{"start":{"line":64,"column":12},"end":{"line":64,"column":59}},"28":{"start":{"line":65,"column":12},"end":{"line":65,"column":18}},"29":{"start":{"line":71,"column":15},"end":{"line":71,"column":34}},"30":{"start":{"line":72,"column":13},"end":{"line":72,"column":30}},"31":{"start":{"line":73,"column":15},"end":{"line":73,"column":29}},"32":{"start":{"line":75,"column":4},"end":{"line":75,"column":66}},"33":{"start":{"line":76,"column":4},"end":{"line":104,"column":5}},"34":{"start":{"line":78,"column":8},"end":{"line":83,"column":9}},"35":{"start":{"line":79,"column":12},"end":{"line":79,"column":43}},"36":{"start":{"line":82,"column":12},"end":{"line":82,"column":43}},"37":{"start":{"line":85,"column":9},"end":{"line":104,"column":5}},"38":{"start":{"line":87,"column":8},"end":{"line":103,"column":9}},"39":{"start":{"line":89,"column":16},"end":{"line":89,"column":50}},"40":{"start":{"line":90,"column":16},"end":{"line":90,"column":22}},"41":{"start":{"line":92,"column":16},"end":{"line":92,"column":50}},"42":{"start":{"line":93,"column":16},"end":{"line":93,"column":22}},"43":{"start":{"line":95,"column":16},"end":{"line":95,"column":50}},"44":{"start":{"line":96,"column":16},"end":{"line":96,"column":22}},"45":{"start":{"line":98,"column":16},"end":{"line":98,"column":50}},"46":{"start":{"line":99,"column":16},"end":{"line":99,"column":22}},"47":{"start":{"line":101,"column":16},"end":{"line":101,"column":62}},"48":{"start":{"line":102,"column":16},"end":{"line":102,"column":22}},"49":{"start":{"line":106,"column":4},"end":{"line":108,"column":5}},"50":{"start":{"line":107,"column":8},"end":{"line":107,"column":24}},"51":{"start":{"line":109,"column":4},"end":{"line":109,"column":17}},"52":{"start":{"line":110,"column":4},"end":{"line":110,"column":52}},"53":{"start":{"line":111,"column":4},"end":{"line":111,"column":72}},"54":{"start":{"line":112,"column":4},"end":{"line":112,"column":72}},"55":{"start":{"line":113,"column":4},"end":{"line":113,"column":86}},"56":{"start":{"line":115,"column":4},"end":{"line":115,"column":64}},"57":{"start":{"line":116,"column":4},"end":{"line":116,"column":62}},"58":{"start":{"line":117,"column":4},"end":{"line":117,"column":44}},"59":{"start":{"line":118,"column":4},"end":{"line":118,"column":17}},"60":{"start":{"line":120,"column":19},"end":{"line":120,"column":41}},"61":{"start":{"line":121,"column":4},"end":{"line":121,"column":26}},"62":{"start":{"line":122,"column":4},"end":{"line":125,"column":5}},"63":{"start":{"line":123,"column":8},"end":{"line":123,"column":23}},"64":{"start":{"line":124,"column":8},"end":{"line":124,"column":32}},"65":{"start":{"line":126,"column":4},"end":{"line":126,"column":23}},"66":{"start":{"line":127,"column":4},"end":{"line":127,"column":20}},"67":{"start":{"line":129,"column":4},"end":{"line":140,"column":5}},"68":{"start":{"line":130,"column":8},"end":{"line":130,"column":32}},"69":{"start":{"line":131,"column":8},"end":{"line":139,"column":9}},"70":{"start":{"line":132,"column":12},"end":{"line":137,"column":13}},"71":{"start":{"line":133,"column":16},"end":{"line":133,"column":59}},"72":{"start":{"line":136,"column":16},"end":{"line":136,"column":59}},"73":{"start":{"line":138,"column":12},"end":{"line":138,"column":28}},"74":{"start":{"line":142,"column":4},"end":{"line":142,"column":24}},"75":{"start":{"line":143,"column":25},"end":{"line":143,"column":43}},"76":{"start":{"line":144,"column":4},"end":{"line":147,"column":5}},"77":{"start":{"line":145,"column":8},"end":{"line":145,"column":23}},"78":{"start":{"line":146,"column":8},"end":{"line":146,"column":37}},"79":{"start":{"line":149,"column":4},"end":{"line":149,"column":24}},"80":{"start":{"line":150,"column":4},"end":{"line":150,"column":15}},"81":{"start":{"line":153,"column":4},"end":{"line":156,"column":5}},"82":{"start":{"line":154,"column":8},"end":{"line":154,"column":19}},"83":{"start":{"line":155,"column":8},"end":{"line":155,"column":26}},"84":{"start":{"line":157,"column":4},"end":{"line":157,"column":21}},"85":{"start":{"line":162,"column":4},"end":{"line":162,"column":23}},"86":{"start":{"line":163,"column":4},"end":{"line":163,"column":20}},"87":{"start":{"line":165,"column":19},"end":{"line":165,"column":54}},"88":{"start":{"line":166,"column":15},"end":{"line":166,"column":28}},"89":{"start":{"line":167,"column":15},"end":{"line":167,"column":34}},"90":{"start":{"line":168,"column":13},"end":{"line":168,"column":30}},"91":{"start":{"line":170,"column":4},"end":{"line":172,"column":5}},"92":{"start":{"line":171,"column":8},"end":{"line":171,"column":24}},"93":{"start":{"line":173,"column":4},"end":{"line":173,"column":17}},"94":{"start":{"line":175,"column":4},"end":{"line":175,"column":59}},"95":{"start":{"line":176,"column":4},"end":{"line":176,"column":45}},"96":{"start":{"line":177,"column":4},"end":{"line":177,"column":45}},"97":{"start":{"line":179,"column":4},"end":{"line":181,"column":5}},"98":{"start":{"line":180,"column":8},"end":{"line":180,"column":24}},"99":{"start":{"line":182,"column":4},"end":{"line":182,"column":17}},"100":{"start":{"line":184,"column":4},"end":{"line":184,"column":24}},"101":{"start":{"line":185,"column":4},"end":{"line":185,"column":15}},"102":{"start":{"line":187,"column":4},"end":{"line":213,"column":5}},"103":{"start":{"line":188,"column":8},"end":{"line":193,"column":9}},"104":{"start":{"line":189,"column":12},"end":{"line":189,"column":52}},"105":{"start":{"line":192,"column":12},"end":{"line":192,"column":52}},"106":{"start":{"line":195,"column":9},"end":{"line":213,"column":5}},"107":{"start":{"line":196,"column":8},"end":{"line":212,"column":9}},"108":{"start":{"line":198,"column":16},"end":{"line":198,"column":50}},"109":{"start":{"line":199,"column":16},"end":{"line":199,"column":22}},"110":{"start":{"line":201,"column":16},"end":{"line":201,"column":50}},"111":{"start":{"line":202,"column":16},"end":{"line":202,"column":22}},"112":{"start":{"line":204,"column":16},"end":{"line":204,"column":50}},"113":{"start":{"line":205,"column":16},"end":{"line":205,"column":22}},"114":{"start":{"line":207,"column":16},"end":{"line":207,"column":50}},"115":{"start":{"line":208,"column":16},"end":{"line":208,"column":22}},"116":{"start":{"line":210,"column":16},"end":{"line":210,"column":62}},"117":{"start":{"line":211,"column":16},"end":{"line":211,"column":22}},"118":{"start":{"line":215,"column":4},"end":{"line":215,"column":24}},"119":{"start":{"line":216,"column":19},"end":{"line":216,"column":41}},"120":{"start":{"line":217,"column":4},"end":{"line":219,"column":5}},"121":{"start":{"line":218,"column":8},"end":{"line":218,"column":31}},"122":{"start":{"line":221,"column":25},"end":{"line":221,"column":43}},"123":{"start":{"line":222,"column":4},"end":{"line":225,"column":5}},"124":{"start":{"line":223,"column":8},"end":{"line":223,"column":25}},"125":{"start":{"line":224,"column":8},"end":{"line":224,"column":93}},"126":{"start":{"line":228,"column":0},"end":{"line":231,"column":1}}},"fnMap":{"0":{"name":"ClearPiece","decl":{"start":{"line":27,"column":9},"end":{"line":27,"column":19}},"loc":{"start":{"line":27,"column":27},"end":{"line":44,"column":1}},"line":27},"1":{"name":"AddPiece","decl":{"start":{"line":46,"column":9},"end":{"line":46,"column":17}},"loc":{"start":{"line":46,"column":32},"end":{"line":52,"column":1}},"line":46},"2":{"name":"MovePiece","decl":{"start":{"line":54,"column":9},"end":{"line":54,"column":18}},"loc":{"start":{"line":54,"column":28},"end":{"line":68,"column":1}},"line":54},"3":{"name":"MakeMove","decl":{"start":{"line":70,"column":9},"end":{"line":70,"column":17}},"loc":{"start":{"line":70,"column":23},"end":{"line":158,"column":1}},"line":70},"4":{"name":"UndoMove","decl":{"start":{"line":161,"column":9},"end":{"line":161,"column":17}},"loc":{"start":{"line":161,"column":19},"end":{"line":226,"column":1}},"line":161}},"branchMap":{"0":{"loc":{"start":{"line":37,"column":8},"end":{"line":40,"column":9}},"type":"if","locations":[{"start":{"line":37,"column":8},"end":{"line":40,"column":9}},{"start":{},"end":{}}],"line":37},"1":{"loc":{"start":{"line":63,"column":8},"end":{"line":66,"column":9}},"type":"if","locations":[{"start":{"line":63,"column":8},"end":{"line":66,"column":9}},{"start":{},"end":{}}],"line":63},"2":{"loc":{"start":{"line":76,"column":4},"end":{"line":104,"column":5}},"type":"if","locations":[{"start":{"line":76,"column":4},"end":{"line":104,"column":5}},{"start":{"line":85,"column":9},"end":{"line":104,"column":5}}],"line":76},"3":{"loc":{"start":{"line":78,"column":8},"end":{"line":83,"column":9}},"type":"if","locations":[{"start":{"line":78,"column":8},"end":{"line":83,"column":9}},{"start":{"line":81,"column":12},"end":{"line":83,"column":9}}],"line":78},"4":{"loc":{"start":{"line":85,"column":9},"end":{"line":104,"column":5}},"type":"if","locations":[{"start":{"line":85,"column":9},"end":{"line":104,"column":5}},{"start":{},"end":{}}],"line":85},"5":{"loc":{"start":{"line":87,"column":8},"end":{"line":103,"column":9}},"type":"switch","locations":[{"start":{"line":88,"column":12},"end":{"line":90,"column":22}},{"start":{"line":91,"column":12},"end":{"line":93,"column":22}},{"start":{"line":94,"column":12},"end":{"line":96,"column":22}},{"start":{"line":97,"column":12},"end":{"line":99,"column":22}},{"start":{"line":100,"column":12},"end":{"line":102,"column":22}}],"line":87},"6":{"loc":{"start":{"line":106,"column":4},"end":{"line":108,"column":5}},"type":"if","locations":[{"start":{"line":106,"column":4},"end":{"line":108,"column":5}},{"start":{},"end":{}}],"line":106},"7":{"loc":{"start":{"line":122,"column":4},"end":{"line":125,"column":5}},"type":"if","locations":[{"start":{"line":122,"column":4},"end":{"line":125,"column":5}},{"start":{},"end":{}}],"line":122},"8":{"loc":{"start":{"line":129,"column":4},"end":{"line":140,"column":5}},"type":"if","locations":[{"start":{"line":129,"column":4},"end":{"line":140,"column":5}},{"start":{},"end":{}}],"line":129},"9":{"loc":{"start":{"line":131,"column":8},"end":{"line":139,"column":9}},"type":"if","locations":[{"start":{"line":131,"column":8},"end":{"line":139,"column":9}},{"start":{},"end":{}}],"line":131},"10":{"loc":{"start":{"line":132,"column":12},"end":{"line":137,"column":13}},"type":"if","locations":[{"start":{"line":132,"column":12},"end":{"line":137,"column":13}},{"start":{"line":135,"column":16},"end":{"line":137,"column":13}}],"line":132},"11":{"loc":{"start":{"line":144,"column":4},"end":{"line":147,"column":5}},"type":"if","locations":[{"start":{"line":144,"column":4},"end":{"line":147,"column":5}},{"start":{},"end":{}}],"line":144},"12":{"loc":{"start":{"line":153,"column":4},"end":{"line":156,"column":5}},"type":"if","locations":[{"start":{"line":153,"column":4},"end":{"line":156,"column":5}},{"start":{},"end":{}}],"line":153},"13":{"loc":{"start":{"line":170,"column":4},"end":{"line":172,"column":5}},"type":"if","locations":[{"start":{"line":170,"column":4},"end":{"line":172,"column":5}},{"start":{},"end":{}}],"line":170},"14":{"loc":{"start":{"line":179,"column":4},"end":{"line":181,"column":5}},"type":"if","locations":[{"start":{"line":179,"column":4},"end":{"line":181,"column":5}},{"start":{},"end":{}}],"line":179},"15":{"loc":{"start":{"line":187,"column":4},"end":{"line":213,"column":5}},"type":"if","locations":[{"start":{"line":187,"column":4},"end":{"line":213,"column":5}},{"start":{"line":195,"column":9},"end":{"line":213,"column":5}}],"line":187},"16":{"loc":{"start":{"line":188,"column":8},"end":{"line":193,"column":9}},"type":"if","locations":[{"start":{"line":188,"column":8},"end":{"line":193,"column":9}},{"start":{"line":191,"column":12},"end":{"line":193,"column":9}}],"line":188},"17":{"loc":{"start":{"line":195,"column":9},"end":{"line":213,"column":5}},"type":"if","locations":[{"start":{"line":195,"column":9},"end":{"line":213,"column":5}},{"start":{},"end":{}}],"line":195},"18":{"loc":{"start":{"line":196,"column":8},"end":{"line":212,"column":9}},"type":"switch","locations":[{"start":{"line":197,"column":12},"end":{"line":199,"column":22}},{"start":{"line":200,"column":12},"end":{"line":202,"column":22}},{"start":{"line":203,"column":12},"end":{"line":205,"column":22}},{"start":{"line":206,"column":12},"end":{"line":208,"column":22}},{"start":{"line":209,"column":12},"end":{"line":211,"column":22}}],"line":196},"19":{"loc":{"start":{"line":217,"column":4},"end":{"line":219,"column":5}},"type":"if","locations":[{"start":{"line":217,"column":4},"end":{"line":219,"column":5}},{"start":{},"end":{}}],"line":217},"20":{"loc":{"start":{"line":222,"column":4},"end":{"line":225,"column":5}},"type":"if","locations":[{"start":{"line":222,"column":4},"end":{"line":225,"column":5}},{"start":{},"end":{}}],"line":222},"21":{"loc":{"start":{"line":224,"column":24},"end":{"line":224,"column":90}},"type":"cond-expr","locations":[{"start":{"line":224,"column":69},"end":{"line":224,"column":78}},{"start":{"line":224,"column":81},"end":{"line":224,"column":90}}],"line":224}},"s":{"0":1,"1":1,"2":55533385,"3":55533385,"4":55533385,"5":55533385,"6":55533385,"7":55533385,"8":55533385,"9":55533385,"10":159540508,"11":55533385,"12":55533385,"13":55533385,"14":55533385,"15":55533385,"16":55533385,"17":55533385,"18":55533385,"19":863765014,"20":863765014,"21":863765014,"22":863765014,"23":863765014,"24":863765014,"25":863765014,"26":1426600592,"27":863765014,"28":863765014,"29":425674983,"30":425674983,"31":425674983,"32":425674983,"33":425674983,"34":75646,"35":73700,"36":1946,"37":425599337,"38":6207524,"39":2597696,"40":2597696,"41":288324,"42":288324,"43":2943800,"44":2943800,"45":377704,"46":377704,"47":0,"48":0,"49":425674983,"50":7405506,"51":425674983,"52":425674983,"53":425674983,"54":425674983,"55":425674983,"56":425674983,"57":425674983,"58":425674983,"59":425674983,"60":425674983,"61":425674983,"62":425674983,"63":46269091,"64":46269091,"65":425674983,"66":425674983,"67":425674983,"68":43187641,"69":43187641,"70":9822694,"71":9638510,"72":184184,"73":9822694,"74":425674983,"75":425674983,"76":425674983,"77":4594324,"78":4594324,"79":425674983,"80":425674983,"81":425674983,"82":30001847,"83":30001847,"84":395673136,"85":425674983,"86":425674983,"87":425674983,"88":425674983,"89":425674983,"90":425674983,"91":425674983,"92":9822694,"93":425674983,"94":425674983,"95":425674983,"96":425674983,"97":425674983,"98":7405506,"99":425674983,"100":425674983,"101":425674983,"102":425674983,"103":75646,"104":73700,"105":1946,"106":425599337,"107":6207524,"108":2597696,"109":2597696,"110":288324,"111":288324,"112":2943800,"113":2943800,"114":377704,"115":377704,"116":0,"117":0,"118":425674983,"119":425674983,"120":425674983,"121":46269091,"122":425674983,"123":425674983,"124":4594324,"125":4594324,"126":1},"f":{"0":55533385,"1":55533385,"2":863765014,"3":425674983,"4":425674983},"b":{"0":[55533385,104007123],"1":[863765014,562835578],"2":[75646,425599337],"3":[73700,1946],"4":[6207524,419391813],"5":[2597696,288324,2943800,377704,0],"6":[7405506,418269477],"7":[46269091,379405892],"8":[43187641,382487342],"9":[9822694,33364947],"10":[9638510,184184],"11":[4594324,421080659],"12":[30001847,395673136],"13":[9822694,415852289],"14":[7405506,418269477],"15":[75646,425599337],"16":[73700,1946],"17":[6207524,419391813],"18":[2597696,288324,2943800,377704,0],"19":[46269091,379405892],"20":[4594324,421080659],"21":[2293704,2300620]},"_coverageSchema":"1a1c01bbd47fc00a2c39e90264f33305004495a9","hash":"272a6fdb6583abd2013ad6dbd5ff2f387a7a1b92"}
,"/Users/longzheng/Documents/Code/JSChess/src/movegen.js": {"path":"/Users/longzheng/Documents/Code/JSChess/src/movegen.js","statementMap":{"0":{"start":{"line":3,"column":29},"end":{"line":3,"column":47}},"1":{"start":{"line":23,"column":28},"end":{"line":23,"column":45}},"2":{"start":{"line":26,"column":4},"end":{"line":26,"column":75}},"3":{"start":{"line":30,"column":4},"end":{"line":30,"column":75}},"4":{"start":{"line":31,"column":4},"end":{"line":31,"column":75}},"5":{"start":{"line":36,"column":4},"end":{"line":36,"column":75}},"6":{"start":{"line":37,"column":4},"end":{"line":37,"column":75}},"7":{"start":{"line":41,"column":4},"end":{"line":41,"column":75}},"8":{"start":{"line":42,"column":4},"end":{"line":42,"column":75}},"9":{"start":{"line":46,"column":4},"end":{"line":54,"column":5}},"10":{"start":{"line":47,"column":8},"end":{"line":47,"column":62}},"11":{"start":{"line":48,"column":8},"end":{"line":48,"column":62}},"12":{"start":{"line":49,"column":8},"end":{"line":49,"column":62}},"13":{"start":{"line":50,"column":8},"end":{"line":50,"column":62}},"14":{"start":{"line":53,"column":8},"end":{"line":53,"column":65}},"15":{"start":{"line":58,"column":4},"end":{"line":66,"column":5}},"16":{"start":{"line":59,"column":8},"end":{"line":59,"column":62}},"17":{"start":{"line":60,"column":8},"end":{"line":60,"column":62}},"18":{"start":{"line":61,"column":8},"end":{"line":61,"column":62}},"19":{"start":{"line":62,"column":8},"end":{"line":62,"column":62}},"20":{"start":{"line":65,"column":8},"end":{"line":65,"column":65}},"21":{"start":{"line":70,"column":4},"end":{"line":78,"column":5}},"22":{"start":{"line":71,"column":8},"end":{"line":71,"column":64}},"23":{"start":{"line":72,"column":8},"end":{"line":72,"column":64}},"24":{"start":{"line":73,"column":8},"end":{"line":73,"column":64}},"25":{"start":{"line":74,"column":8},"end":{"line":74,"column":64}},"26":{"start":{"line":77,"column":8},"end":{"line":77,"column":68}},"27":{"start":{"line":82,"column":4},"end":{"line":90,"column":5}},"28":{"start":{"line":83,"column":8},"end":{"line":83,"column":64}},"29":{"start":{"line":84,"column":8},"end":{"line":84,"column":64}},"30":{"start":{"line":85,"column":8},"end":{"line":85,"column":64}},"31":{"start":{"line":86,"column":8},"end":{"line":86,"column":64}},"32":{"start":{"line":89,"column":8},"end":{"line":89,"column":68}},"33":{"start":{"line":98,"column":4},"end":{"line":98,"column":88}},"34":{"start":{"line":100,"column":4},"end":{"line":205,"column":5}},"35":{"start":{"line":101,"column":24},"end":{"line":101,"column":33}},"36":{"start":{"line":103,"column":8},"end":{"line":130,"column":9}},"37":{"start":{"line":103,"column":27},"end":{"line":103,"column":28}},"38":{"start":{"line":104,"column":12},"end":{"line":104,"column":74}},"39":{"start":{"line":106,"column":12},"end":{"line":111,"column":13}},"40":{"start":{"line":107,"column":16},"end":{"line":107,"column":70}},"41":{"start":{"line":108,"column":16},"end":{"line":110,"column":17}},"42":{"start":{"line":109,"column":20},"end":{"line":109,"column":125}},"43":{"start":{"line":113,"column":31},"end":{"line":113,"column":41}},"44":{"start":{"line":114,"column":12},"end":{"line":116,"column":13}},"45":{"start":{"line":115,"column":16},"end":{"line":115,"column":94}},"46":{"start":{"line":117,"column":32},"end":{"line":117,"column":43}},"47":{"start":{"line":118,"column":12},"end":{"line":120,"column":13}},"48":{"start":{"line":119,"column":16},"end":{"line":119,"column":96}},"49":{"start":{"line":122,"column":12},"end":{"line":129,"column":13}},"50":{"start":{"line":123,"column":16},"end":{"line":125,"column":17}},"51":{"start":{"line":124,"column":20},"end":{"line":124,"column":115}},"52":{"start":{"line":126,"column":16},"end":{"line":128,"column":17}},"53":{"start":{"line":127,"column":20},"end":{"line":127,"column":116}},"54":{"start":{"line":132,"column":8},"end":{"line":140,"column":9}},"55":{"start":{"line":134,"column":12},"end":{"line":139,"column":13}},"56":{"start":{"line":136,"column":16},"end":{"line":138,"column":17}},"57":{"start":{"line":137,"column":20},"end":{"line":137,"column":109}},"58":{"start":{"line":141,"column":8},"end":{"line":151,"column":9}},"59":{"start":{"line":143,"column":12},"end":{"line":150,"column":13}},"60":{"start":{"line":147,"column":16},"end":{"line":149,"column":17}},"61":{"start":{"line":148,"column":20},"end":{"line":148,"column":109}},"62":{"start":{"line":154,"column":24},"end":{"line":154,"column":33}},"63":{"start":{"line":156,"column":8},"end":{"line":183,"column":9}},"64":{"start":{"line":156,"column":27},"end":{"line":156,"column":28}},"65":{"start":{"line":157,"column":12},"end":{"line":157,"column":74}},"66":{"start":{"line":159,"column":12},"end":{"line":164,"column":13}},"67":{"start":{"line":160,"column":16},"end":{"line":160,"column":70}},"68":{"start":{"line":161,"column":16},"end":{"line":163,"column":17}},"69":{"start":{"line":162,"column":20},"end":{"line":162,"column":125}},"70":{"start":{"line":166,"column":31},"end":{"line":166,"column":41}},"71":{"start":{"line":167,"column":12},"end":{"line":169,"column":13}},"72":{"start":{"line":168,"column":16},"end":{"line":168,"column":94}},"73":{"start":{"line":170,"column":32},"end":{"line":170,"column":43}},"74":{"start":{"line":171,"column":12},"end":{"line":173,"column":13}},"75":{"start":{"line":172,"column":16},"end":{"line":172,"column":96}},"76":{"start":{"line":175,"column":12},"end":{"line":182,"column":13}},"77":{"start":{"line":176,"column":16},"end":{"line":178,"column":17}},"78":{"start":{"line":177,"column":20},"end":{"line":177,"column":115}},"79":{"start":{"line":179,"column":16},"end":{"line":181,"column":17}},"80":{"start":{"line":180,"column":20},"end":{"line":180,"column":116}},"81":{"start":{"line":185,"column":8},"end":{"line":193,"column":9}},"82":{"start":{"line":187,"column":12},"end":{"line":192,"column":13}},"83":{"start":{"line":189,"column":16},"end":{"line":191,"column":17}},"84":{"start":{"line":190,"column":20},"end":{"line":190,"column":109}},"85":{"start":{"line":194,"column":8},"end":{"line":204,"column":9}},"86":{"start":{"line":196,"column":12},"end":{"line":203,"column":13}},"87":{"start":{"line":200,"column":16},"end":{"line":202,"column":17}},"88":{"start":{"line":201,"column":20},"end":{"line":201,"column":109}},"89":{"start":{"line":207,"column":16},"end":{"line":207,"column":55}},"90":{"start":{"line":208,"column":16},"end":{"line":208,"column":41}},"91":{"start":{"line":209,"column":4},"end":{"line":229,"column":5}},"92":{"start":{"line":210,"column":8},"end":{"line":227,"column":9}},"93":{"start":{"line":210,"column":27},"end":{"line":210,"column":28}},"94":{"start":{"line":211,"column":25},"end":{"line":211,"column":73}},"95":{"start":{"line":212,"column":12},"end":{"line":226,"column":13}},"96":{"start":{"line":212,"column":24},"end":{"line":212,"column":25}},"97":{"start":{"line":213,"column":32},"end":{"line":213,"column":59}},"98":{"start":{"line":214,"column":36},"end":{"line":214,"column":54}},"99":{"start":{"line":215,"column":16},"end":{"line":217,"column":17}},"100":{"start":{"line":216,"column":20},"end":{"line":216,"column":29}},"101":{"start":{"line":218,"column":16},"end":{"line":225,"column":17}},"102":{"start":{"line":219,"column":20},"end":{"line":221,"column":21}},"103":{"start":{"line":220,"column":24},"end":{"line":220,"column":118}},"104":{"start":{"line":224,"column":20},"end":{"line":224,"column":93}},"105":{"start":{"line":228,"column":8},"end":{"line":228,"column":42}},"106":{"start":{"line":231,"column":4},"end":{"line":231,"column":55}},"107":{"start":{"line":232,"column":4},"end":{"line":232,"column":35}},"108":{"start":{"line":233,"column":4},"end":{"line":252,"column":5}},"109":{"start":{"line":234,"column":8},"end":{"line":250,"column":9}},"110":{"start":{"line":234,"column":27},"end":{"line":234,"column":28}},"111":{"start":{"line":235,"column":25},"end":{"line":235,"column":73}},"112":{"start":{"line":236,"column":12},"end":{"line":249,"column":13}},"113":{"start":{"line":236,"column":24},"end":{"line":236,"column":25}},"114":{"start":{"line":237,"column":32},"end":{"line":237,"column":59}},"115":{"start":{"line":238,"column":36},"end":{"line":238,"column":54}},"116":{"start":{"line":239,"column":16},"end":{"line":248,"column":17}},"117":{"start":{"line":240,"column":20},"end":{"line":245,"column":21}},"118":{"start":{"line":241,"column":24},"end":{"line":243,"column":25}},"119":{"start":{"line":242,"column":28},"end":{"line":242,"column":122}},"120":{"start":{"line":244,"column":24},"end":{"line":244,"column":30}},"121":{"start":{"line":246,"column":20},"end":{"line":246,"column":93}},"122":{"start":{"line":247,"column":20},"end":{"line":247,"column":47}},"123":{"start":{"line":251,"column":8},"end":{"line":251,"column":39}},"124":{"start":{"line":255,"column":0},"end":{"line":257,"column":1}}},"fnMap":{"0":{"name":"MOVE","decl":{"start":{"line":25,"column":9},"end":{"line":25,"column":13}},"loc":{"start":{"line":25,"column":49},"end":{"line":27,"column":1}},"line":25},"1":{"name":"AddCaptureMove","decl":{"start":{"line":29,"column":9},"end":{"line":29,"column":23}},"loc":{"start":{"line":29,"column":29},"end":{"line":32,"column":1}},"line":29},"2":{"name":"AddQuietMove","decl":{"start":{"line":35,"column":9},"end":{"line":35,"column":21}},"loc":{"start":{"line":35,"column":27},"end":{"line":38,"column":1}},"line":35},"3":{"name":"AddEnPassantMove","decl":{"start":{"line":40,"column":9},"end":{"line":40,"column":25}},"loc":{"start":{"line":40,"column":31},"end":{"line":43,"column":1}},"line":40},"4":{"name":"AddWhitePawnCaptureMove","decl":{"start":{"line":45,"column":9},"end":{"line":45,"column":32}},"loc":{"start":{"line":45,"column":51},"end":{"line":55,"column":1}},"line":45},"5":{"name":"AddBlackPawnCaptureMove","decl":{"start":{"line":57,"column":9},"end":{"line":57,"column":32}},"loc":{"start":{"line":57,"column":51},"end":{"line":67,"column":1}},"line":57},"6":{"name":"AddWhitePawnQuietMove","decl":{"start":{"line":69,"column":9},"end":{"line":69,"column":30}},"loc":{"start":{"line":69,"column":40},"end":{"line":79,"column":1}},"line":69},"7":{"name":"AddBlackPawnQuietMove","decl":{"start":{"line":81,"column":9},"end":{"line":81,"column":30}},"loc":{"start":{"line":81,"column":40},"end":{"line":91,"column":1}},"line":81},"8":{"name":"GenerateMoves","decl":{"start":{"line":97,"column":9},"end":{"line":97,"column":22}},"loc":{"start":{"line":97,"column":24},"end":{"line":253,"column":1}},"line":97}},"branchMap":{"0":{"loc":{"start":{"line":46,"column":4},"end":{"line":54,"column":5}},"type":"if","locations":[{"start":{"line":46,"column":4},"end":{"line":54,"column":5}},{"start":{"line":52,"column":8},"end":{"line":54,"column":5}}],"line":46},"1":{"loc":{"start":{"line":58,"column":4},"end":{"line":66,"column":5}},"type":"if","locations":[{"start":{"line":58,"column":4},"end":{"line":66,"column":5}},{"start":{"line":64,"column":8},"end":{"line":66,"column":5}}],"line":58},"2":{"loc":{"start":{"line":70,"column":4},"end":{"line":78,"column":5}},"type":"if","locations":[{"start":{"line":70,"column":4},"end":{"line":78,"column":5}},{"start":{"line":76,"column":8},"end":{"line":78,"column":5}}],"line":70},"3":{"loc":{"start":{"line":82,"column":4},"end":{"line":90,"column":5}},"type":"if","locations":[{"start":{"line":82,"column":4},"end":{"line":90,"column":5}},{"start":{"line":88,"column":8},"end":{"line":90,"column":5}}],"line":82},"4":{"loc":{"start":{"line":100,"column":4},"end":{"line":205,"column":5}},"type":"if","locations":[{"start":{"line":100,"column":4},"end":{"line":205,"column":5}},{"start":{"line":153,"column":9},"end":{"line":205,"column":5}}],"line":100},"5":{"loc":{"start":{"line":106,"column":12},"end":{"line":111,"column":13}},"type":"if","locations":[{"start":{"line":106,"column":12},"end":{"line":111,"column":13}},{"start":{},"end":{}}],"line":106},"6":{"loc":{"start":{"line":108,"column":16},"end":{"line":110,"column":17}},"type":"if","locations":[{"start":{"line":108,"column":16},"end":{"line":110,"column":17}},{"start":{},"end":{}}],"line":108},"7":{"loc":{"start":{"line":108,"column":19},"end":{"line":108,"column":119}},"type":"binary-expr","locations":[{"start":{"line":108,"column":19},"end":{"line":108,"column":54}},{"start":{"line":108,"column":58},"end":{"line":108,"column":119}}],"line":108},"8":{"loc":{"start":{"line":114,"column":12},"end":{"line":116,"column":13}},"type":"if","locations":[{"start":{"line":114,"column":12},"end":{"line":116,"column":13}},{"start":{},"end":{}}],"line":114},"9":{"loc":{"start":{"line":114,"column":15},"end":{"line":114,"column":122}},"type":"binary-expr","locations":[{"start":{"line":114,"column":15},"end":{"line":114,"column":60}},{"start":{"line":114,"column":64},"end":{"line":114,"column":122}}],"line":114},"10":{"loc":{"start":{"line":118,"column":12},"end":{"line":120,"column":13}},"type":"if","locations":[{"start":{"line":118,"column":12},"end":{"line":120,"column":13}},{"start":{},"end":{}}],"line":118},"11":{"loc":{"start":{"line":118,"column":15},"end":{"line":118,"column":124}},"type":"binary-expr","locations":[{"start":{"line":118,"column":15},"end":{"line":118,"column":61}},{"start":{"line":118,"column":65},"end":{"line":118,"column":124}}],"line":118},"12":{"loc":{"start":{"line":122,"column":12},"end":{"line":129,"column":13}},"type":"if","locations":[{"start":{"line":122,"column":12},"end":{"line":129,"column":13}},{"start":{},"end":{}}],"line":122},"13":{"loc":{"start":{"line":123,"column":16},"end":{"line":125,"column":17}},"type":"if","locations":[{"start":{"line":123,"column":16},"end":{"line":125,"column":17}},{"start":{},"end":{}}],"line":123},"14":{"loc":{"start":{"line":126,"column":16},"end":{"line":128,"column":17}},"type":"if","locations":[{"start":{"line":126,"column":16},"end":{"line":128,"column":17}},{"start":{},"end":{}}],"line":126},"15":{"loc":{"start":{"line":132,"column":8},"end":{"line":140,"column":9}},"type":"if","locations":[{"start":{"line":132,"column":8},"end":{"line":140,"column":9}},{"start":{},"end":{}}],"line":132},"16":{"loc":{"start":{"line":134,"column":12},"end":{"line":139,"column":13}},"type":"if","locations":[{"start":{"line":134,"column":12},"end":{"line":139,"column":13}},{"start":{},"end":{}}],"line":134},"17":{"loc":{"start":{"line":134,"column":15},"end":{"line":134,"column":109}},"type":"binary-expr","locations":[{"start":{"line":134,"column":15},"end":{"line":134,"column":60}},{"start":{"line":134,"column":64},"end":{"line":134,"column":109}}],"line":134},"18":{"loc":{"start":{"line":136,"column":16},"end":{"line":138,"column":17}},"type":"if","locations":[{"start":{"line":136,"column":16},"end":{"line":138,"column":17}},{"start":{},"end":{}}],"line":136},"19":{"loc":{"start":{"line":136,"column":19},"end":{"line":136,"column":135}},"type":"binary-expr","locations":[{"start":{"line":136,"column":19},"end":{"line":136,"column":75}},{"start":{"line":136,"column":79},"end":{"line":136,"column":135}}],"line":136},"20":{"loc":{"start":{"line":141,"column":8},"end":{"line":151,"column":9}},"type":"if","locations":[{"start":{"line":141,"column":8},"end":{"line":151,"column":9}},{"start":{},"end":{}}],"line":141},"21":{"loc":{"start":{"line":143,"column":12},"end":{"line":150,"column":13}},"type":"if","locations":[{"start":{"line":143,"column":12},"end":{"line":150,"column":13}},{"start":{},"end":{}}],"line":143},"22":{"loc":{"start":{"line":143,"column":15},"end":{"line":144,"column":64}},"type":"binary-expr","locations":[{"start":{"line":143,"column":15},"end":{"line":143,"column":60}},{"start":{"line":143,"column":64},"end":{"line":143,"column":109}},{"start":{"line":144,"column":19},"end":{"line":144,"column":64}}],"line":143},"23":{"loc":{"start":{"line":147,"column":16},"end":{"line":149,"column":17}},"type":"if","locations":[{"start":{"line":147,"column":16},"end":{"line":149,"column":17}},{"start":{},"end":{}}],"line":147},"24":{"loc":{"start":{"line":147,"column":19},"end":{"line":147,"column":135}},"type":"binary-expr","locations":[{"start":{"line":147,"column":19},"end":{"line":147,"column":75}},{"start":{"line":147,"column":79},"end":{"line":147,"column":135}}],"line":147},"25":{"loc":{"start":{"line":159,"column":12},"end":{"line":164,"column":13}},"type":"if","locations":[{"start":{"line":159,"column":12},"end":{"line":164,"column":13}},{"start":{},"end":{}}],"line":159},"26":{"loc":{"start":{"line":161,"column":16},"end":{"line":163,"column":17}},"type":"if","locations":[{"start":{"line":161,"column":16},"end":{"line":163,"column":17}},{"start":{},"end":{}}],"line":161},"27":{"loc":{"start":{"line":161,"column":19},"end":{"line":161,"column":119}},"type":"binary-expr","locations":[{"start":{"line":161,"column":19},"end":{"line":161,"column":54}},{"start":{"line":161,"column":58},"end":{"line":161,"column":119}}],"line":161},"28":{"loc":{"start":{"line":167,"column":12},"end":{"line":169,"column":13}},"type":"if","locations":[{"start":{"line":167,"column":12},"end":{"line":169,"column":13}},{"start":{},"end":{}}],"line":167},"29":{"loc":{"start":{"line":167,"column":15},"end":{"line":167,"column":122}},"type":"binary-expr","locations":[{"start":{"line":167,"column":15},"end":{"line":167,"column":60}},{"start":{"line":167,"column":64},"end":{"line":167,"column":122}}],"line":167},"30":{"loc":{"start":{"line":171,"column":12},"end":{"line":173,"column":13}},"type":"if","locations":[{"start":{"line":171,"column":12},"end":{"line":173,"column":13}},{"start":{},"end":{}}],"line":171},"31":{"loc":{"start":{"line":171,"column":15},"end":{"line":171,"column":124}},"type":"binary-expr","locations":[{"start":{"line":171,"column":15},"end":{"line":171,"column":61}},{"start":{"line":171,"column":65},"end":{"line":171,"column":124}}],"line":171},"32":{"loc":{"start":{"line":175,"column":12},"end":{"line":182,"column":13}},"type":"if","locations":[{"start":{"line":175,"column":12},"end":{"line":182,"column":13}},{"start":{},"end":{}}],"line":175},"33":{"loc":{"start":{"line":176,"column":16},"end":{"line":178,"column":17}},"type":"if","locations":[{"start":{"line":176,"column":16},"end":{"line":178,"column":17}},{"start":{},"end":{}}],"line":176},"34":{"loc":{"start":{"line":179,"column":16},"end":{"line":181,"column":17}},"type":"if","locations":[{"start":{"line":179,"column":16},"end":{"line":181,"column":17}},{"start":{},"end":{}}],"line":179},"35":{"loc":{"start":{"line":185,"column":8},"end":{"line":193,"column":9}},"type":"if","locations":[{"start":{"line":185,"column":8},"end":{"line":193,"column":9}},{"start":{},"end":{}}],"line":185},"36":{"loc":{"start":{"line":187,"column":12},"end":{"line":192,"column":13}},"type":"if","locations":[{"start":{"line":187,"column":12},"end":{"line":192,"column":13}},{"start":{},"end":{}}],"line":187},"37":{"loc":{"start":{"line":187,"column":15},"end":{"line":187,"column":109}},"type":"binary-expr","locations":[{"start":{"line":187,"column":15},"end":{"line":187,"column":60}},{"start":{"line":187,"column":64},"end":{"line":187,"column":109}}],"line":187},"38":{"loc":{"start":{"line":189,"column":16},"end":{"line":191,"column":17}},"type":"if","locations":[{"start":{"line":189,"column":16},"end":{"line":191,"column":17}},{"start":{},"end":{}}],"line":189},"39":{"loc":{"start":{"line":189,"column":19},"end":{"line":189,"column":135}},"type":"binary-expr","locations":[{"start":{"line":189,"column":19},"end":{"line":189,"column":75}},{"start":{"line":189,"column":79},"end":{"line":189,"column":135}}],"line":189},"40":{"loc":{"start":{"line":194,"column":8},"end":{"line":204,"column":9}},"type":"if","locations":[{"start":{"line":194,"column":8},"end":{"line":204,"column":9}},{"start":{},"end":{}}],"line":194},"41":{"loc":{"start":{"line":196,"column":12},"end":{"line":203,"column":13}},"type":"if","locations":[{"start":{"line":196,"column":12},"end":{"line":203,"column":13}},{"start":{},"end":{}}],"line":196},"42":{"loc":{"start":{"line":196,"column":15},"end":{"line":197,"column":64}},"type":"binary-expr","locations":[{"start":{"line":196,"column":15},"end":{"line":196,"column":60}},{"start":{"line":196,"column":64},"end":{"line":196,"column":109}},{"start":{"line":197,"column":19},"end":{"line":197,"column":64}}],"line":196},"43":{"loc":{"start":{"line":200,"column":16},"end":{"line":202,"column":17}},"type":"if","locations":[{"start":{"line":200,"column":16},"end":{"line":202,"column":17}},{"start":{},"end":{}}],"line":200},"44":{"loc":{"start":{"line":200,"column":19},"end":{"line":200,"column":135}},"type":"binary-expr","locations":[{"start":{"line":200,"column":19},"end":{"line":200,"column":75}},{"start":{"line":200,"column":79},"end":{"line":200,"column":135}}],"line":200},"45":{"loc":{"start":{"line":215,"column":16},"end":{"line":217,"column":17}},"type":"if","locations":[{"start":{"line":215,"column":16},"end":{"line":217,"column":17}},{"start":{},"end":{}}],"line":215},"46":{"loc":{"start":{"line":218,"column":16},"end":{"line":225,"column":17}},"type":"if","locations":[{"start":{"line":218,"column":16},"end":{"line":225,"column":17}},{"start":{"line":223,"column":20},"end":{"line":225,"column":17}}],"line":218},"47":{"loc":{"start":{"line":219,"column":20},"end":{"line":221,"column":21}},"type":"if","locations":[{"start":{"line":219,"column":20},"end":{"line":221,"column":21}},{"start":{},"end":{}}],"line":219},"48":{"loc":{"start":{"line":240,"column":20},"end":{"line":245,"column":21}},"type":"if","locations":[{"start":{"line":240,"column":20},"end":{"line":245,"column":21}},{"start":{},"end":{}}],"line":240},"49":{"loc":{"start":{"line":241,"column":24},"end":{"line":243,"column":25}},"type":"if","locations":[{"start":{"line":241,"column":24},"end":{"line":243,"column":25}},{"start":{},"end":{}}],"line":241}},"s":{"0":1,"1":1,"2":425674983,"3":46269091,"4":46269091,"5":379330246,"6":379330246,"7":75646,"8":75646,"9":8874037,"10":196291,"11":196291,"12":196291,"13":196291,"14":8677746,"15":490791,"16":197640,"17":197640,"18":197640,"19":197640,"20":293151,"21":19596870,"22":377135,"23":377135,"24":377135,"25":377135,"26":19219735,"27":881860,"28":377515,"29":377515,"30":377515,"31":377515,"32":504345,"33":12734382,"34":12734382,"35":8498950,"36":8498950,"37":8498950,"38":33956645,"39":33956645,"40":19596870,"41":19596870,"42":9638510,"43":33956645,"44":33956645,"45":1303833,"46":33956645,"47":33956645,"48":7570204,"49":33956645,"50":1402229,"51":73531,"52":1402229,"53":169,"54":8498950,"55":3731253,"56":3376559,"57":2943800,"58":8498950,"59":3480067,"60":2741440,"61":2597696,"62":4235432,"63":4235432,"64":4235432,"65":1494514,"66":1494514,"67":881860,"68":881860,"69":184184,"70":1494514,"71":1494514,"72":219589,"73":1494514,"74":1494514,"75":271202,"76":1494514,"77":56660,"78":162,"79":56660,"80":1784,"81":4235432,"82":465843,"83":446305,"84":377704,"85":4235432,"86":355623,"87":335057,"88":288324,"89":12734382,"90":12734382,"91":12734382,"92":25468764,"93":25468764,"94":22841301,"95":22841301,"96":22841301,"97":182730408,"98":182730408,"99":182730408,"100":38539158,"101":144191250,"102":45621203,"103":14090750,"104":98570047,"105":25468764,"106":12734382,"107":12734382,"108":12734382,"109":38203146,"110":38203146,"111":35695178,"112":35695178,"113":35695178,"114":160701600,"115":160701600,"116":160701600,"117":319392015,"118":77404714,"119":21631720,"120":77404714,"121":241987301,"122":241987301,"123":38203146,"124":1},"f":{"0":425674983,"1":46269091,"2":379330246,"3":75646,"4":8874037,"5":490791,"6":19596870,"7":881860,"8":12734382},"b":{"0":[196291,8677746],"1":[197640,293151],"2":[377135,19219735],"3":[377515,504345],"4":[8498950,4235432],"5":[19596870,14359775],"6":[9638510,9958360],"7":[19596870,14180886],"8":[1303833,32652812],"9":[33956645,29464312],"10":[7570204,26386441],"11":[33956645,29517859],"12":[1402229,32554416],"13":[73531,1328698],"14":[169,1402060],"15":[3731253,4767697],"16":[3376559,354694],"17":[3731253,3391039],"18":[2943800,432759],"19":[3376559,2969358],"20":[3480067,5018883],"21":[2741440,738627],"22":[3480067,3017283,2876334],"23":[2597696,143744],"24":[2741440,2621452],"25":[881860,612654],"26":[184184,697676],"27":[881860,270003],"28":[219589,1274925],"29":[1494514,1165825],"30":[271202,1223312],"31":[1494514,1385444],"32":[56660,1437854],"33":[162,56498],"34":[1784,54876],"35":[465843,3769589],"36":[446305,19538],"37":[465843,451031],"38":[377704,68601],"39":[446305,399570],"40":[355623,3879809],"41":[335057,20566],"42":[355623,343553,337027],"43":[288324,46733],"44":[335057,303510],"45":[38539158,144191250],"46":[45621203,98570047],"47":[14090750,31530453],"48":[77404714,241987301],"49":[21631720,55772994]},"_coverageSchema":"1a1c01bbd47fc00a2c39e90264f33305004495a9","hash":"361b3c36de10cb94225c9c377af5ab6bcbd41b96"}
,"/Users/longzheng/Documents/Code/JSChess/src/perft.js": {"path":"/Users/longzheng/Documents/Code/JSChess/src/perft.js","statementMap":{"0":{"start":{"line":1,"column":34},"end":{"line":1,"column":52}},"1":{"start":{"line":3,"column":17},"end":{"line":3,"column":34}},"2":{"start":{"line":5,"column":22},"end":{"line":5,"column":37}},"3":{"start":{"line":7,"column":31},"end":{"line":7,"column":52}},"4":{"start":{"line":9,"column":26},"end":{"line":9,"column":46}},"5":{"start":{"line":14,"column":4},"end":{"line":17,"column":5}},"6":{"start":{"line":15,"column":8},"end":{"line":15,"column":26}},"7":{"start":{"line":16,"column":8},"end":{"line":16,"column":15}},"8":{"start":{"line":18,"column":4},"end":{"line":18,"column":20}},"9":{"start":{"line":20,"column":4},"end":{"line":27,"column":5}},"10":{"start":{"line":20,"column":16},"end":{"line":20,"column":54}},"11":{"start":{"line":21,"column":8},"end":{"line":21,"column":37}},"12":{"start":{"line":22,"column":8},"end":{"line":24,"column":9}},"13":{"start":{"line":23,"column":12},"end":{"line":23,"column":21}},"14":{"start":{"line":25,"column":8},"end":{"line":25,"column":25}},"15":{"start":{"line":26,"column":8},"end":{"line":26,"column":19}},"16":{"start":{"line":28,"column":4},"end":{"line":28,"column":11}},"17":{"start":{"line":32,"column":4},"end":{"line":32,"column":17}},"18":{"start":{"line":33,"column":4},"end":{"line":33,"column":53}},"19":{"start":{"line":34,"column":4},"end":{"line":34,"column":24}},"20":{"start":{"line":35,"column":4},"end":{"line":35,"column":20}},"21":{"start":{"line":37,"column":18},"end":{"line":37,"column":19}},"22":{"start":{"line":38,"column":4},"end":{"line":49,"column":5}},"23":{"start":{"line":38,"column":16},"end":{"line":38,"column":54}},"24":{"start":{"line":39,"column":8},"end":{"line":39,"column":37}},"25":{"start":{"line":40,"column":8},"end":{"line":42,"column":9}},"26":{"start":{"line":41,"column":12},"end":{"line":41,"column":21}},"27":{"start":{"line":43,"column":8},"end":{"line":43,"column":18}},"28":{"start":{"line":44,"column":31},"end":{"line":44,"column":46}},"29":{"start":{"line":45,"column":8},"end":{"line":45,"column":25}},"30":{"start":{"line":46,"column":8},"end":{"line":46,"column":19}},"31":{"start":{"line":47,"column":23},"end":{"line":47,"column":57}},"32":{"start":{"line":48,"column":8},"end":{"line":48,"column":81}},"33":{"start":{"line":51,"column":4},"end":{"line":51,"column":78}},"34":{"start":{"line":52,"column":4},"end":{"line":52,"column":27}},"35":{"start":{"line":55,"column":0},"end":{"line":57,"column":1}}},"fnMap":{"0":{"name":"Perft","decl":{"start":{"line":13,"column":9},"end":{"line":13,"column":14}},"loc":{"start":{"line":13,"column":21},"end":{"line":29,"column":1}},"line":13},"1":{"name":"PerftTest","decl":{"start":{"line":31,"column":9},"end":{"line":31,"column":18}},"loc":{"start":{"line":31,"column":25},"end":{"line":53,"column":1}},"line":31}},"branchMap":{"0":{"loc":{"start":{"line":14,"column":4},"end":{"line":17,"column":5}},"type":"if","locations":[{"start":{"line":14,"column":4},"end":{"line":17,"column":5}},{"start":{},"end":{}}],"line":14},"1":{"loc":{"start":{"line":22,"column":8},"end":{"line":24,"column":9}},"type":"if","locations":[{"start":{"line":22,"column":8},"end":{"line":24,"column":9}},{"start":{},"end":{}}],"line":22},"2":{"loc":{"start":{"line":40,"column":8},"end":{"line":42,"column":9}},"type":"if","locations":[{"start":{"line":40,"column":8},"end":{"line":42,"column":9}},{"start":{},"end":{}}],"line":40}},"s":{"0":1,"1":1,"2":1,"3":1,"4":1,"5":395673136,"6":382938880,"7":382938880,"8":12734256,"9":12734256,"10":12734256,"11":425673414,"12":425673414,"13":30001686,"14":395671728,"15":395671728,"16":12734256,"17":126,"18":126,"19":126,"20":126,"21":126,"22":126,"23":126,"24":1569,"25":1569,"26":161,"27":1408,"28":1408,"29":1408,"30":1408,"31":1408,"32":1408,"33":126,"34":126,"35":1},"f":{"0":395673136,"1":126},"b":{"0":[382938880,12734256],"1":[30001686,395671728],"2":[161,1408]},"_coverageSchema":"1a1c01bbd47fc00a2c39e90264f33305004495a9","hash":"58a75686ce34a9752959e2f954570fec9df1e51e"}
}
