{"/Users/longzheng/Documents/Code/JSChess/js/board.js": {"path":"/Users/longzheng/Documents/Code/JSChess/js/board.js","statementMap":{"0":{"start":{"line":3,"column":8},"end":{"line":3,"column":33}},"1":{"start":{"line":4,"column":8},"end":{"line":4,"column":24}},"2":{"start":{"line":5,"column":8},"end":{"line":5,"column":60}},"3":{"start":{"line":6,"column":8},"end":{"line":6,"column":44}},"4":{"start":{"line":8,"column":8},"end":{"line":8,"column":27}},"5":{"start":{"line":10,"column":8},"end":{"line":10,"column":24}},"6":{"start":{"line":11,"column":8},"end":{"line":11,"column":26}},"7":{"start":{"line":12,"column":8},"end":{"line":12,"column":27}},"8":{"start":{"line":14,"column":8},"end":{"line":14,"column":21}},"9":{"start":{"line":20,"column":8},"end":{"line":20,"column":27}},"10":{"start":{"line":23,"column":8},"end":{"line":23,"column":34}},"11":{"start":{"line":25,"column":8},"end":{"line":25,"column":37}},"12":{"start":{"line":30,"column":8},"end":{"line":30,"column":41}},"13":{"start":{"line":36,"column":8},"end":{"line":36,"column":44}},"14":{"start":{"line":38,"column":8},"end":{"line":38,"column":24}},"15":{"start":{"line":41,"column":8},"end":{"line":41,"column":86}},"16":{"start":{"line":42,"column":8},"end":{"line":42,"column":88}},"17":{"start":{"line":43,"column":8},"end":{"line":43,"column":60}},"18":{"start":{"line":47,"column":4},"end":{"line":55,"column":5}},"19":{"start":{"line":47,"column":16},"end":{"line":47,"column":17}},"20":{"start":{"line":48,"column":8},"end":{"line":54,"column":11}},"21":{"start":{"line":59,"column":28},"end":{"line":59,"column":62}},"22":{"start":{"line":60,"column":8},"end":{"line":62,"column":9}},"23":{"start":{"line":60,"column":20},"end":{"line":60,"column":21}},"24":{"start":{"line":61,"column":12},"end":{"line":61,"column":33}},"25":{"start":{"line":63,"column":28},"end":{"line":63,"column":59}},"26":{"start":{"line":64,"column":8},"end":{"line":66,"column":9}},"27":{"start":{"line":64,"column":20},"end":{"line":64,"column":21}},"28":{"start":{"line":65,"column":12},"end":{"line":65,"column":33}},"29":{"start":{"line":70,"column":8},"end":{"line":78,"column":9}},"30":{"start":{"line":71,"column":12},"end":{"line":77,"column":13}},"31":{"start":{"line":71,"column":32},"end":{"line":71,"column":33}},"32":{"start":{"line":72,"column":16},"end":{"line":72,"column":85}},"33":{"start":{"line":73,"column":16},"end":{"line":76,"column":17}},"34":{"start":{"line":74,"column":20},"end":{"line":74,"column":87}},"35":{"start":{"line":75,"column":20},"end":{"line":75,"column":48}},"36":{"start":{"line":80,"column":8},"end":{"line":85,"column":9}},"37":{"start":{"line":80,"column":20},"end":{"line":80,"column":21}},"38":{"start":{"line":81,"column":12},"end":{"line":81,"column":44}},"39":{"start":{"line":82,"column":12},"end":{"line":82,"column":45}},"40":{"start":{"line":83,"column":12},"end":{"line":83,"column":40}},"41":{"start":{"line":84,"column":12},"end":{"line":84,"column":92}},"42":{"start":{"line":87,"column":8},"end":{"line":92,"column":9}},"43":{"start":{"line":88,"column":12},"end":{"line":91,"column":13}},"44":{"start":{"line":89,"column":16},"end":{"line":89,"column":56}},"45":{"start":{"line":90,"column":16},"end":{"line":90,"column":44}},"46":{"start":{"line":94,"column":8},"end":{"line":99,"column":9}},"47":{"start":{"line":97,"column":12},"end":{"line":97,"column":49}},"48":{"start":{"line":98,"column":12},"end":{"line":98,"column":40}},"49":{"start":{"line":101,"column":8},"end":{"line":104,"column":9}},"50":{"start":{"line":102,"column":12},"end":{"line":102,"column":45}},"51":{"start":{"line":103,"column":12},"end":{"line":103,"column":40}},"52":{"start":{"line":106,"column":8},"end":{"line":109,"column":9}},"53":{"start":{"line":107,"column":12},"end":{"line":107,"column":45}},"54":{"start":{"line":108,"column":12},"end":{"line":108,"column":40}},"55":{"start":{"line":110,"column":8},"end":{"line":110,"column":35}},"56":{"start":{"line":115,"column":8},"end":{"line":115,"column":40}},"57":{"start":{"line":116,"column":8},"end":{"line":124,"column":9}},"58":{"start":{"line":116,"column":23},"end":{"line":116,"column":45}},"59":{"start":{"line":117,"column":12},"end":{"line":117,"column":52}},"60":{"start":{"line":118,"column":12},"end":{"line":122,"column":13}},"61":{"start":{"line":118,"column":27},"end":{"line":118,"column":49}},"62":{"start":{"line":119,"column":16},"end":{"line":119,"column":63}},"63":{"start":{"line":120,"column":16},"end":{"line":120,"column":44}},"64":{"start":{"line":121,"column":16},"end":{"line":121,"column":65}},"65":{"start":{"line":123,"column":12},"end":{"line":123,"column":30}},"66":{"start":{"line":125,"column":8},"end":{"line":125,"column":20}},"67":{"start":{"line":126,"column":8},"end":{"line":128,"column":9}},"68":{"start":{"line":126,"column":23},"end":{"line":126,"column":45}},"69":{"start":{"line":127,"column":12},"end":{"line":127,"column":59}},"70":{"start":{"line":130,"column":8},"end":{"line":130,"column":26}},"71":{"start":{"line":131,"column":8},"end":{"line":131,"column":62}},"72":{"start":{"line":132,"column":8},"end":{"line":132,"column":52}},"73":{"start":{"line":133,"column":8},"end":{"line":133,"column":18}},"74":{"start":{"line":135,"column":8},"end":{"line":137,"column":9}},"75":{"start":{"line":136,"column":12},"end":{"line":136,"column":24}},"76":{"start":{"line":138,"column":8},"end":{"line":140,"column":9}},"77":{"start":{"line":139,"column":12},"end":{"line":139,"column":24}},"78":{"start":{"line":141,"column":8},"end":{"line":143,"column":9}},"79":{"start":{"line":142,"column":12},"end":{"line":142,"column":24}},"80":{"start":{"line":144,"column":8},"end":{"line":146,"column":9}},"81":{"start":{"line":145,"column":12},"end":{"line":145,"column":24}},"82":{"start":{"line":148,"column":8},"end":{"line":148,"column":50}},"83":{"start":{"line":149,"column":8},"end":{"line":149,"column":56}},"84":{"start":{"line":153,"column":23},"end":{"line":153,"column":24}},"85":{"start":{"line":155,"column":8},"end":{"line":160,"column":9}},"86":{"start":{"line":155,"column":25},"end":{"line":155,"column":26}},"87":{"start":{"line":156,"column":12},"end":{"line":156,"column":39}},"88":{"start":{"line":157,"column":12},"end":{"line":159,"column":13}},"89":{"start":{"line":158,"column":16},"end":{"line":158,"column":72}},"90":{"start":{"line":161,"column":8},"end":{"line":163,"column":9}},"91":{"start":{"line":162,"column":12},"end":{"line":162,"column":42}},"92":{"start":{"line":164,"column":8},"end":{"line":166,"column":9}},"93":{"start":{"line":165,"column":12},"end":{"line":165,"column":60}},"94":{"start":{"line":167,"column":8},"end":{"line":167,"column":64}},"95":{"start":{"line":168,"column":8},"end":{"line":168,"column":24}},"96":{"start":{"line":172,"column":8},"end":{"line":176,"column":9}},"97":{"start":{"line":172,"column":24},"end":{"line":172,"column":43}},"98":{"start":{"line":173,"column":12},"end":{"line":175,"column":13}},"99":{"start":{"line":173,"column":31},"end":{"line":173,"column":32}},"100":{"start":{"line":174,"column":16},"end":{"line":174,"column":153}},"101":{"start":{"line":181,"column":8},"end":{"line":181,"column":78}},"102":{"start":{"line":182,"column":8},"end":{"line":182,"column":55}},"103":{"start":{"line":183,"column":8},"end":{"line":183,"column":61}},"104":{"start":{"line":186,"column":8},"end":{"line":195,"column":9}},"105":{"start":{"line":186,"column":24},"end":{"line":186,"column":25}},"106":{"start":{"line":187,"column":12},"end":{"line":187,"column":48}},"107":{"start":{"line":188,"column":12},"end":{"line":188,"column":40}},"108":{"start":{"line":189,"column":12},"end":{"line":194,"column":13}},"109":{"start":{"line":190,"column":16},"end":{"line":190,"column":51}},"110":{"start":{"line":191,"column":16},"end":{"line":191,"column":67}},"111":{"start":{"line":192,"column":16},"end":{"line":192,"column":94}},"112":{"start":{"line":193,"column":16},"end":{"line":193,"column":42}},"113":{"start":{"line":196,"column":8},"end":{"line":196,"column":30}},"114":{"start":{"line":201,"column":8},"end":{"line":201,"column":83}},"115":{"start":{"line":208,"column":8},"end":{"line":210,"column":9}},"116":{"start":{"line":208,"column":24},"end":{"line":208,"column":25}},"117":{"start":{"line":209,"column":12},"end":{"line":209,"column":77}},"118":{"start":{"line":211,"column":8},"end":{"line":211,"column":43}},"119":{"start":{"line":212,"column":8},"end":{"line":212,"column":53}},"120":{"start":{"line":213,"column":8},"end":{"line":213,"column":27}},"121":{"start":{"line":214,"column":8},"end":{"line":214,"column":21}},"122":{"start":{"line":215,"column":8},"end":{"line":215,"column":24}},"123":{"start":{"line":216,"column":8},"end":{"line":216,"column":34}},"124":{"start":{"line":217,"column":8},"end":{"line":217,"column":24}},"125":{"start":{"line":218,"column":8},"end":{"line":218,"column":41}},"126":{"start":{"line":222,"column":8},"end":{"line":222,"column":26}},"127":{"start":{"line":223,"column":19},"end":{"line":223,"column":41}},"128":{"start":{"line":224,"column":20},"end":{"line":224,"column":34}},"129":{"start":{"line":225,"column":24},"end":{"line":225,"column":32}},"130":{"start":{"line":226,"column":27},"end":{"line":226,"column":35}},"131":{"start":{"line":227,"column":25},"end":{"line":227,"column":33}},"132":{"start":{"line":228,"column":21},"end":{"line":228,"column":29}},"133":{"start":{"line":231,"column":8},"end":{"line":249,"column":17}},"134":{"start":{"line":232,"column":12},"end":{"line":232,"column":42}},"135":{"start":{"line":233,"column":12},"end":{"line":247,"column":21}},"136":{"start":{"line":234,"column":16},"end":{"line":234,"column":68}},"137":{"start":{"line":235,"column":16},"end":{"line":238,"column":17}},"138":{"start":{"line":236,"column":20},"end":{"line":236,"column":63}},"139":{"start":{"line":237,"column":20},"end":{"line":237,"column":27}},"140":{"start":{"line":239,"column":16},"end":{"line":246,"column":17}},"141":{"start":{"line":241,"column":20},"end":{"line":241,"column":85}},"142":{"start":{"line":245,"column":20},"end":{"line":245,"column":42}},"143":{"start":{"line":248,"column":12},"end":{"line":248,"column":19}},"144":{"start":{"line":251,"column":8},"end":{"line":251,"column":94}},"145":{"start":{"line":253,"column":8},"end":{"line":260,"column":17}},"146":{"start":{"line":254,"column":12},"end":{"line":254,"column":41}},"147":{"start":{"line":255,"column":12},"end":{"line":258,"column":13}},"148":{"start":{"line":256,"column":16},"end":{"line":256,"column":94}},"149":{"start":{"line":257,"column":16},"end":{"line":257,"column":23}},"150":{"start":{"line":259,"column":12},"end":{"line":259,"column":48}},"151":{"start":{"line":261,"column":8},"end":{"line":266,"column":9}},"152":{"start":{"line":262,"column":12},"end":{"line":262,"column":68}},"153":{"start":{"line":263,"column":12},"end":{"line":263,"column":68}},"154":{"start":{"line":264,"column":12},"end":{"line":264,"column":60}},"155":{"start":{"line":265,"column":12},"end":{"line":265,"column":67}},"156":{"start":{"line":267,"column":8},"end":{"line":267,"column":44}},"157":{"start":{"line":268,"column":8},"end":{"line":268,"column":35}},"158":{"start":{"line":269,"column":8},"end":{"line":269,"column":35}},"159":{"start":{"line":277,"column":8},"end":{"line":286,"column":9}},"160":{"start":{"line":278,"column":12},"end":{"line":280,"column":13}},"161":{"start":{"line":279,"column":16},"end":{"line":279,"column":43}},"162":{"start":{"line":283,"column":12},"end":{"line":285,"column":13}},"163":{"start":{"line":284,"column":16},"end":{"line":284,"column":43}},"164":{"start":{"line":289,"column":8},"end":{"line":295,"column":9}},"165":{"start":{"line":289,"column":20},"end":{"line":289,"column":21}},"166":{"start":{"line":290,"column":24},"end":{"line":290,"column":75}},"167":{"start":{"line":291,"column":12},"end":{"line":294,"column":13}},"168":{"start":{"line":293,"column":16},"end":{"line":293,"column":43}},"169":{"start":{"line":298,"column":8},"end":{"line":313,"column":9}},"170":{"start":{"line":298,"column":20},"end":{"line":298,"column":21}},"171":{"start":{"line":299,"column":28},"end":{"line":299,"column":55}},"172":{"start":{"line":300,"column":32},"end":{"line":300,"column":50}},"173":{"start":{"line":301,"column":24},"end":{"line":301,"column":50}},"174":{"start":{"line":302,"column":12},"end":{"line":312,"column":13}},"175":{"start":{"line":303,"column":16},"end":{"line":309,"column":17}},"176":{"start":{"line":304,"column":20},"end":{"line":307,"column":21}},"177":{"start":{"line":306,"column":24},"end":{"line":306,"column":51}},"178":{"start":{"line":308,"column":20},"end":{"line":308,"column":26}},"179":{"start":{"line":310,"column":16},"end":{"line":310,"column":43}},"180":{"start":{"line":311,"column":16},"end":{"line":311,"column":51}},"181":{"start":{"line":316,"column":8},"end":{"line":331,"column":9}},"182":{"start":{"line":316,"column":20},"end":{"line":316,"column":21}},"183":{"start":{"line":317,"column":28},"end":{"line":317,"column":57}},"184":{"start":{"line":318,"column":32},"end":{"line":318,"column":50}},"185":{"start":{"line":319,"column":24},"end":{"line":319,"column":50}},"186":{"start":{"line":320,"column":12},"end":{"line":330,"column":13}},"187":{"start":{"line":321,"column":16},"end":{"line":327,"column":17}},"188":{"start":{"line":322,"column":20},"end":{"line":325,"column":21}},"189":{"start":{"line":324,"column":24},"end":{"line":324,"column":51}},"190":{"start":{"line":326,"column":20},"end":{"line":326,"column":26}},"191":{"start":{"line":328,"column":16},"end":{"line":328,"column":43}},"192":{"start":{"line":329,"column":16},"end":{"line":329,"column":51}},"193":{"start":{"line":334,"column":8},"end":{"line":340,"column":9}},"194":{"start":{"line":334,"column":20},"end":{"line":334,"column":21}},"195":{"start":{"line":335,"column":24},"end":{"line":335,"column":73}},"196":{"start":{"line":336,"column":12},"end":{"line":339,"column":13}},"197":{"start":{"line":338,"column":16},"end":{"line":338,"column":43}},"198":{"start":{"line":342,"column":8},"end":{"line":342,"column":36}},"199":{"start":{"line":348,"column":8},"end":{"line":348,"column":37}},"200":{"start":{"line":349,"column":8},"end":{"line":362,"column":9}},"201":{"start":{"line":349,"column":23},"end":{"line":349,"column":45}},"202":{"start":{"line":350,"column":12},"end":{"line":350,"column":38}},"203":{"start":{"line":351,"column":12},"end":{"line":360,"column":13}},"204":{"start":{"line":351,"column":27},"end":{"line":351,"column":49}},"205":{"start":{"line":352,"column":29},"end":{"line":352,"column":67}},"206":{"start":{"line":353,"column":16},"end":{"line":358,"column":17}},"207":{"start":{"line":354,"column":20},"end":{"line":354,"column":32}},"208":{"start":{"line":357,"column":20},"end":{"line":357,"column":32}},"209":{"start":{"line":359,"column":16},"end":{"line":359,"column":44}},"210":{"start":{"line":361,"column":12},"end":{"line":361,"column":30}},"211":{"start":{"line":363,"column":8},"end":{"line":363,"column":26}}},"fnMap":{"0":{"name":"(anonymous_0)","decl":{"start":{"line":2,"column":4},"end":{"line":2,"column":5}},"loc":{"start":{"line":2,"column":36},"end":{"line":44,"column":5}},"line":2},"1":{"name":"(anonymous_1)","decl":{"start":{"line":46,"column":4},"end":{"line":46,"column":5}},"loc":{"start":{"line":46,"column":17},"end":{"line":56,"column":1}},"line":46},"2":{"name":"(anonymous_2)","decl":{"start":{"line":58,"column":4},"end":{"line":58,"column":5}},"loc":{"start":{"line":58,"column":16},"end":{"line":111,"column":5}},"line":58},"3":{"name":"(anonymous_3)","decl":{"start":{"line":113,"column":4},"end":{"line":113,"column":5}},"loc":{"start":{"line":113,"column":16},"end":{"line":150,"column":5}},"line":113},"4":{"name":"(anonymous_4)","decl":{"start":{"line":152,"column":4},"end":{"line":152,"column":5}},"loc":{"start":{"line":152,"column":20},"end":{"line":169,"column":5}},"line":152},"5":{"name":"(anonymous_5)","decl":{"start":{"line":171,"column":4},"end":{"line":171,"column":5}},"loc":{"start":{"line":171,"column":21},"end":{"line":177,"column":5}},"line":171},"6":{"name":"(anonymous_6)","decl":{"start":{"line":179,"column":4},"end":{"line":179,"column":5}},"loc":{"start":{"line":179,"column":25},"end":{"line":197,"column":5}},"line":179},"7":{"name":"(anonymous_7)","decl":{"start":{"line":199,"column":4},"end":{"line":199,"column":5}},"loc":{"start":{"line":199,"column":16},"end":{"line":219,"column":5}},"line":199},"8":{"name":"(anonymous_8)","decl":{"start":{"line":221,"column":4},"end":{"line":221,"column":5}},"loc":{"start":{"line":221,"column":17},"end":{"line":270,"column":5}},"line":221},"9":{"name":"(anonymous_9)","decl":{"start":{"line":231,"column":37},"end":{"line":231,"column":38}},"loc":{"start":{"line":231,"column":55},"end":{"line":249,"column":9}},"line":231},"10":{"name":"(anonymous_10)","decl":{"start":{"line":233,"column":38},"end":{"line":233,"column":39}},"loc":{"start":{"line":233,"column":55},"end":{"line":247,"column":13}},"line":233},"11":{"name":"(anonymous_11)","decl":{"start":{"line":253,"column":37},"end":{"line":253,"column":38}},"loc":{"start":{"line":253,"column":54},"end":{"line":260,"column":9}},"line":253},"12":{"name":"(anonymous_12)","decl":{"start":{"line":275,"column":4},"end":{"line":275,"column":5}},"loc":{"start":{"line":275,"column":32},"end":{"line":343,"column":5}},"line":275},"13":{"name":"(anonymous_13)","decl":{"start":{"line":345,"column":4},"end":{"line":345,"column":5}},"loc":{"start":{"line":345,"column":25},"end":{"line":364,"column":5}},"line":345}},"branchMap":{"0":{"loc":{"start":{"line":73,"column":16},"end":{"line":76,"column":17}},"type":"if","locations":[{"start":{"line":73,"column":16},"end":{"line":76,"column":17}},{"start":{},"end":{}}],"line":73},"1":{"loc":{"start":{"line":88,"column":12},"end":{"line":91,"column":13}},"type":"if","locations":[{"start":{"line":88,"column":12},"end":{"line":91,"column":13}},{"start":{},"end":{}}],"line":88},"2":{"loc":{"start":{"line":94,"column":8},"end":{"line":99,"column":9}},"type":"if","locations":[{"start":{"line":94,"column":8},"end":{"line":99,"column":9}},{"start":{},"end":{}}],"line":94},"3":{"loc":{"start":{"line":94,"column":11},"end":{"line":95,"column":93}},"type":"binary-expr","locations":[{"start":{"line":94,"column":11},"end":{"line":94,"column":92}},{"start":{"line":95,"column":12},"end":{"line":95,"column":93}}],"line":94},"4":{"loc":{"start":{"line":101,"column":8},"end":{"line":104,"column":9}},"type":"if","locations":[{"start":{"line":101,"column":8},"end":{"line":104,"column":9}},{"start":{},"end":{}}],"line":101},"5":{"loc":{"start":{"line":101,"column":11},"end":{"line":101,"column":89}},"type":"binary-expr","locations":[{"start":{"line":101,"column":11},"end":{"line":101,"column":48}},{"start":{"line":101,"column":52},"end":{"line":101,"column":89}}],"line":101},"6":{"loc":{"start":{"line":106,"column":8},"end":{"line":109,"column":9}},"type":"if","locations":[{"start":{"line":106,"column":8},"end":{"line":109,"column":9}},{"start":{},"end":{}}],"line":106},"7":{"loc":{"start":{"line":135,"column":8},"end":{"line":137,"column":9}},"type":"if","locations":[{"start":{"line":135,"column":8},"end":{"line":137,"column":9}},{"start":{},"end":{}}],"line":135},"8":{"loc":{"start":{"line":138,"column":8},"end":{"line":140,"column":9}},"type":"if","locations":[{"start":{"line":138,"column":8},"end":{"line":140,"column":9}},{"start":{},"end":{}}],"line":138},"9":{"loc":{"start":{"line":141,"column":8},"end":{"line":143,"column":9}},"type":"if","locations":[{"start":{"line":141,"column":8},"end":{"line":143,"column":9}},{"start":{},"end":{}}],"line":141},"10":{"loc":{"start":{"line":144,"column":8},"end":{"line":146,"column":9}},"type":"if","locations":[{"start":{"line":144,"column":8},"end":{"line":146,"column":9}},{"start":{},"end":{}}],"line":144},"11":{"loc":{"start":{"line":157,"column":12},"end":{"line":159,"column":13}},"type":"if","locations":[{"start":{"line":157,"column":12},"end":{"line":159,"column":13}},{"start":{},"end":{}}],"line":157},"12":{"loc":{"start":{"line":157,"column":15},"end":{"line":157,"column":85}},"type":"binary-expr","locations":[{"start":{"line":157,"column":15},"end":{"line":157,"column":46}},{"start":{"line":157,"column":50},"end":{"line":157,"column":85}}],"line":157},"13":{"loc":{"start":{"line":161,"column":8},"end":{"line":163,"column":9}},"type":"if","locations":[{"start":{"line":161,"column":8},"end":{"line":163,"column":9}},{"start":{},"end":{}}],"line":161},"14":{"loc":{"start":{"line":164,"column":8},"end":{"line":166,"column":9}},"type":"if","locations":[{"start":{"line":164,"column":8},"end":{"line":166,"column":9}},{"start":{},"end":{}}],"line":164},"15":{"loc":{"start":{"line":189,"column":12},"end":{"line":194,"column":13}},"type":"if","locations":[{"start":{"line":189,"column":12},"end":{"line":194,"column":13}},{"start":{},"end":{}}],"line":189},"16":{"loc":{"start":{"line":235,"column":16},"end":{"line":238,"column":17}},"type":"if","locations":[{"start":{"line":235,"column":16},"end":{"line":238,"column":17}},{"start":{},"end":{}}],"line":235},"17":{"loc":{"start":{"line":239,"column":16},"end":{"line":246,"column":17}},"type":"if","locations":[{"start":{"line":239,"column":16},"end":{"line":246,"column":17}},{"start":{"line":243,"column":20},"end":{"line":246,"column":17}}],"line":239},"18":{"loc":{"start":{"line":251,"column":20},"end":{"line":251,"column":93}},"type":"cond-expr","locations":[{"start":{"line":251,"column":44},"end":{"line":251,"column":67}},{"start":{"line":251,"column":70},"end":{"line":251,"column":93}}],"line":251},"19":{"loc":{"start":{"line":255,"column":12},"end":{"line":258,"column":13}},"type":"if","locations":[{"start":{"line":255,"column":12},"end":{"line":258,"column":13}},{"start":{},"end":{}}],"line":255},"20":{"loc":{"start":{"line":261,"column":8},"end":{"line":266,"column":9}},"type":"if","locations":[{"start":{"line":261,"column":8},"end":{"line":266,"column":9}},{"start":{},"end":{}}],"line":261},"21":{"loc":{"start":{"line":277,"column":8},"end":{"line":286,"column":9}},"type":"if","locations":[{"start":{"line":277,"column":8},"end":{"line":286,"column":9}},{"start":{"line":282,"column":12},"end":{"line":286,"column":9}}],"line":277},"22":{"loc":{"start":{"line":278,"column":12},"end":{"line":280,"column":13}},"type":"if","locations":[{"start":{"line":278,"column":12},"end":{"line":280,"column":13}},{"start":{},"end":{}}],"line":278},"23":{"loc":{"start":{"line":278,"column":15},"end":{"line":278,"column":114}},"type":"binary-expr","locations":[{"start":{"line":278,"column":15},"end":{"line":278,"column":63}},{"start":{"line":278,"column":67},"end":{"line":278,"column":114}}],"line":278},"24":{"loc":{"start":{"line":283,"column":12},"end":{"line":285,"column":13}},"type":"if","locations":[{"start":{"line":283,"column":12},"end":{"line":285,"column":13}},{"start":{},"end":{}}],"line":283},"25":{"loc":{"start":{"line":283,"column":15},"end":{"line":283,"column":114}},"type":"binary-expr","locations":[{"start":{"line":283,"column":15},"end":{"line":283,"column":63}},{"start":{"line":283,"column":67},"end":{"line":283,"column":114}}],"line":283},"26":{"loc":{"start":{"line":291,"column":12},"end":{"line":294,"column":13}},"type":"if","locations":[{"start":{"line":291,"column":12},"end":{"line":294,"column":13}},{"start":{},"end":{}}],"line":291},"27":{"loc":{"start":{"line":291,"column":15},"end":{"line":292,"column":71}},"type":"binary-expr","locations":[{"start":{"line":291,"column":15},"end":{"line":291,"column":51}},{"start":{"line":291,"column":55},"end":{"line":291,"column":89}},{"start":{"line":292,"column":19},"end":{"line":292,"column":71}}],"line":291},"28":{"loc":{"start":{"line":303,"column":16},"end":{"line":309,"column":17}},"type":"if","locations":[{"start":{"line":303,"column":16},"end":{"line":309,"column":17}},{"start":{},"end":{}}],"line":303},"29":{"loc":{"start":{"line":304,"column":20},"end":{"line":307,"column":21}},"type":"if","locations":[{"start":{"line":304,"column":20},"end":{"line":307,"column":21}},{"start":{},"end":{}}],"line":304},"30":{"loc":{"start":{"line":304,"column":23},"end":{"line":305,"column":60}},"type":"binary-expr","locations":[{"start":{"line":304,"column":23},"end":{"line":304,"column":78}},{"start":{"line":305,"column":27},"end":{"line":305,"column":60}}],"line":304},"31":{"loc":{"start":{"line":321,"column":16},"end":{"line":327,"column":17}},"type":"if","locations":[{"start":{"line":321,"column":16},"end":{"line":327,"column":17}},{"start":{},"end":{}}],"line":321},"32":{"loc":{"start":{"line":322,"column":20},"end":{"line":325,"column":21}},"type":"if","locations":[{"start":{"line":322,"column":20},"end":{"line":325,"column":21}},{"start":{},"end":{}}],"line":322},"33":{"loc":{"start":{"line":322,"column":23},"end":{"line":323,"column":60}},"type":"binary-expr","locations":[{"start":{"line":322,"column":23},"end":{"line":322,"column":80}},{"start":{"line":323,"column":27},"end":{"line":323,"column":60}}],"line":322},"34":{"loc":{"start":{"line":336,"column":12},"end":{"line":339,"column":13}},"type":"if","locations":[{"start":{"line":336,"column":12},"end":{"line":339,"column":13}},{"start":{},"end":{}}],"line":336},"35":{"loc":{"start":{"line":336,"column":15},"end":{"line":337,"column":69}},"type":"binary-expr","locations":[{"start":{"line":336,"column":15},"end":{"line":336,"column":51}},{"start":{"line":336,"column":55},"end":{"line":336,"column":89}},{"start":{"line":337,"column":19},"end":{"line":337,"column":69}}],"line":336},"36":{"loc":{"start":{"line":353,"column":16},"end":{"line":358,"column":17}},"type":"if","locations":[{"start":{"line":353,"column":16},"end":{"line":358,"column":17}},{"start":{"line":356,"column":20},"end":{"line":358,"column":17}}],"line":353}},"s":{"0":2,"1":2,"2":2,"3":2,"4":2,"5":2,"6":2,"7":2,"8":2,"9":2,"10":2,"11":2,"12":2,"13":2,"14":2,"15":2,"16":2,"17":2,"18":2,"19":2,"20":4096,"21":0,"22":0,"23":0,"24":0,"25":0,"26":0,"27":0,"28":0,"29":0,"30":0,"31":0,"32":0,"33":0,"34":0,"35":0,"36":0,"37":0,"38":0,"39":0,"40":0,"41":0,"42":0,"43":0,"44":0,"45":0,"46":0,"47":0,"48":0,"49":0,"50":0,"51":0,"52":0,"53":0,"54":0,"55":0,"56":126,"57":126,"58":126,"59":1008,"60":1008,"61":1008,"62":8064,"63":8064,"64":8064,"65":1008,"66":126,"67":126,"68":126,"69":1008,"70":126,"71":126,"72":126,"73":126,"74":126,"75":20,"76":126,"77":18,"78":126,"79":20,"80":126,"81":18,"82":126,"83":126,"84":127,"85":127,"86":127,"87":15240,"88":15240,"89":666,"90":127,"91":64,"92":127,"93":0,"94":127,"95":127,"96":127,"97":127,"98":1524,"99":1524,"100":666,"101":127,"102":127,"103":127,"104":127,"105":127,"106":8128,"107":8128,"108":8128,"109":666,"110":666,"111":666,"112":666,"113":127,"114":127,"115":127,"116":127,"117":8128,"118":127,"119":127,"120":127,"121":127,"122":127,"123":127,"124":127,"125":127,"126":127,"127":127,"128":127,"129":127,"130":127,"131":127,"132":127,"133":127,"134":1016,"135":1016,"136":1924,"137":1924,"138":0,"139":0,"140":1924,"141":666,"142":1258,"143":1016,"144":127,"145":127,"146":170,"147":170,"148":90,"149":90,"150":80,"151":127,"152":0,"153":0,"154":0,"155":0,"156":127,"157":127,"158":127,"159":438876362,"160":115088884,"161":223498,"162":323787478,"163":736979,"164":437915885,"165":437915885,"166":3498080588,"167":3498080588,"168":1504319,"169":436411566,"170":436411566,"171":1708395621,"172":1708395621,"173":1708395621,"174":1708395621,"175":4282717934,"176":841475812,"177":23698808,"178":817777004,"179":3441242122,"180":3441242122,"181":412712758,"182":412712758,"183":1647368930,"184":1647368930,"185":1647368930,"186":1647368930,"187":2147907444,"188":513054709,"189":3677439,"190":509377270,"191":1634852735,"192":1634852735,"193":409035319,"194":409035319,"195":3269571664,"196":3269571664,"197":854141,"198":408181178,"199":127,"200":127,"201":127,"202":1016,"203":1016,"204":1016,"205":8128,"206":8128,"207":1500,"208":6628,"209":8128,"210":1016,"211":127},"f":{"0":2,"1":2,"2":0,"3":126,"4":127,"5":127,"6":127,"7":127,"8":127,"9":1016,"10":1924,"11":170,"12":438876362,"13":127},"b":{"0":[0,0],"1":[0,0],"2":[0,0],"3":[0,0],"4":[0,0],"5":[0,0],"6":[0,0],"7":[20,106],"8":[18,108],"9":[20,106],"10":[18,108],"11":[666,14574],"12":[15240,7778],"13":[64,63],"14":[0,127],"15":[666,7462],"16":[0,1924],"17":[666,1258],"18":[64,63],"19":[90,80],"20":[0,127],"21":[115088884,323787478],"22":[223498,114865386],"23":[115088884,114871431],"24":[736979,323050499],"25":[323787478,323167390],"26":[1504319,3496576269],"27":[3498080588,2045299349,50600528],"28":[841475812,3441242122],"29":[23698808,817777004],"30":[841475812,470489896],"31":[513054709,1634852735],"32":[3677439,509377270],"33":[513054709,157103232],"34":[854141,3268717523],"35":[3269571664,2336497473,21777969],"36":[1500,6628]},"_coverageSchema":"1a1c01bbd47fc00a2c39e90264f33305004495a9","hash":"9b5a2f5ea332c427280a4dc78882c4c3c01730dc"}
,"/Users/longzheng/Documents/Code/JSChess/js/defs.js": {"path":"/Users/longzheng/Documents/Code/JSChess/js/defs.js","statementMap":{"0":{"start":{"line":3,"column":8},"end":{"line":4,"column":66}},"1":{"start":{"line":6,"column":8},"end":{"line":6,"column":36}},"2":{"start":{"line":7,"column":8},"end":{"line":7,"column":36}},"3":{"start":{"line":9,"column":8},"end":{"line":10,"column":75}},"4":{"start":{"line":12,"column":8},"end":{"line":13,"column":75}},"5":{"start":{"line":15,"column":8},"end":{"line":15,"column":57}},"6":{"start":{"line":17,"column":8},"end":{"line":18,"column":68}},"7":{"start":{"line":20,"column":8},"end":{"line":24,"column":10}},"8":{"start":{"line":26,"column":8},"end":{"line":26,"column":42}},"9":{"start":{"line":28,"column":8},"end":{"line":28,"column":35}},"10":{"start":{"line":29,"column":8},"end":{"line":29,"column":38}},"11":{"start":{"line":30,"column":8},"end":{"line":30,"column":28}},"12":{"start":{"line":33,"column":8},"end":{"line":33,"column":59}},"13":{"start":{"line":35,"column":8},"end":{"line":35,"column":59}},"14":{"start":{"line":36,"column":8},"end":{"line":36,"column":35}},"15":{"start":{"line":38,"column":8},"end":{"line":38,"column":84}},"16":{"start":{"line":40,"column":8},"end":{"line":40,"column":40}},"17":{"start":{"line":41,"column":8},"end":{"line":41,"column":30}},"18":{"start":{"line":42,"column":8},"end":{"line":42,"column":35}},"19":{"start":{"line":43,"column":8},"end":{"line":43,"column":35}},"20":{"start":{"line":46,"column":8},"end":{"line":46,"column":238}},"21":{"start":{"line":47,"column":8},"end":{"line":47,"column":242}},"22":{"start":{"line":48,"column":8},"end":{"line":48,"column":244}},"23":{"start":{"line":49,"column":8},"end":{"line":49,"column":96}},"24":{"start":{"line":50,"column":8},"end":{"line":51,"column":133}},"25":{"start":{"line":54,"column":8},"end":{"line":54,"column":247}},"26":{"start":{"line":55,"column":8},"end":{"line":55,"column":249}},"27":{"start":{"line":56,"column":8},"end":{"line":56,"column":247}},"28":{"start":{"line":57,"column":8},"end":{"line":57,"column":250}},"29":{"start":{"line":58,"column":8},"end":{"line":58,"column":252}},"30":{"start":{"line":60,"column":8},"end":{"line":60,"column":245}},"31":{"start":{"line":62,"column":8},"end":{"line":62,"column":68}},"32":{"start":{"line":63,"column":8},"end":{"line":63,"column":47}},"33":{"start":{"line":64,"column":8},"end":{"line":64,"column":49}},"34":{"start":{"line":65,"column":8},"end":{"line":65,"column":63}},"35":{"start":{"line":67,"column":8},"end":{"line":67,"column":79}},"36":{"start":{"line":68,"column":8},"end":{"line":69,"column":148}},"37":{"start":{"line":70,"column":8},"end":{"line":70,"column":103}},"38":{"start":{"line":71,"column":8},"end":{"line":71,"column":46}},"39":{"start":{"line":72,"column":8},"end":{"line":72,"column":132}},"40":{"start":{"line":73,"column":8},"end":{"line":73,"column":49}},"41":{"start":{"line":80,"column":8},"end":{"line":80,"column":45}},"42":{"start":{"line":81,"column":8},"end":{"line":81,"column":21}},"43":{"start":{"line":83,"column":8},"end":{"line":83,"column":40}},"44":{"start":{"line":84,"column":8},"end":{"line":84,"column":28}},"45":{"start":{"line":86,"column":8},"end":{"line":86,"column":68}},"46":{"start":{"line":87,"column":8},"end":{"line":87,"column":69}},"47":{"start":{"line":88,"column":8},"end":{"line":88,"column":39}},"48":{"start":{"line":90,"column":8},"end":{"line":90,"column":54}},"49":{"start":{"line":96,"column":8},"end":{"line":109,"column":10}},"50":{"start":{"line":139,"column":8},"end":{"line":139,"column":44}},"51":{"start":{"line":140,"column":8},"end":{"line":140,"column":44}},"52":{"start":{"line":141,"column":8},"end":{"line":141,"column":42}},"53":{"start":{"line":143,"column":8},"end":{"line":143,"column":41}},"54":{"start":{"line":144,"column":8},"end":{"line":144,"column":44}},"55":{"start":{"line":146,"column":8},"end":{"line":146,"column":25}},"56":{"start":{"line":147,"column":8},"end":{"line":147,"column":32}},"57":{"start":{"line":151,"column":8},"end":{"line":151,"column":79}},"58":{"start":{"line":152,"column":8},"end":{"line":152,"column":79}},"59":{"start":{"line":154,"column":8},"end":{"line":160,"column":9}},"60":{"start":{"line":154,"column":23},"end":{"line":154,"column":40}},"61":{"start":{"line":155,"column":12},"end":{"line":159,"column":13}},"62":{"start":{"line":155,"column":27},"end":{"line":155,"column":44}},"63":{"start":{"line":156,"column":16},"end":{"line":156,"column":59}},"64":{"start":{"line":157,"column":16},"end":{"line":157,"column":47}},"65":{"start":{"line":158,"column":16},"end":{"line":158,"column":47}},"66":{"start":{"line":168,"column":32},"end":{"line":168,"column":34}},"67":{"start":{"line":169,"column":27},"end":{"line":169,"column":29}},"68":{"start":{"line":170,"column":8},"end":{"line":170,"column":64}},"69":{"start":{"line":176,"column":8},"end":{"line":178,"column":9}},"70":{"start":{"line":176,"column":24},"end":{"line":176,"column":25}},"71":{"start":{"line":177,"column":12},"end":{"line":177,"column":51}},"72":{"start":{"line":179,"column":8},"end":{"line":179,"column":38}},"73":{"start":{"line":180,"column":8},"end":{"line":182,"column":9}},"74":{"start":{"line":180,"column":24},"end":{"line":180,"column":25}},"75":{"start":{"line":181,"column":12},"end":{"line":181,"column":52}},"76":{"start":{"line":186,"column":8},"end":{"line":187,"column":96}},"77":{"start":{"line":191,"column":23},"end":{"line":191,"column":24}},"78":{"start":{"line":192,"column":27},"end":{"line":192,"column":29}},"79":{"start":{"line":194,"column":8},"end":{"line":194,"column":88}},"80":{"start":{"line":195,"column":8},"end":{"line":195,"column":97}},"81":{"start":{"line":196,"column":8},"end":{"line":202,"column":9}},"82":{"start":{"line":196,"column":23},"end":{"line":196,"column":40}},"83":{"start":{"line":197,"column":12},"end":{"line":201,"column":13}},"84":{"start":{"line":197,"column":27},"end":{"line":197,"column":44}},"85":{"start":{"line":198,"column":16},"end":{"line":198,"column":59}},"86":{"start":{"line":199,"column":16},"end":{"line":199,"column":60}},"87":{"start":{"line":200,"column":16},"end":{"line":200,"column":62}},"88":{"start":{"line":212,"column":8},"end":{"line":212,"column":53}},"89":{"start":{"line":222,"column":8},"end":{"line":222,"column":52}},"90":{"start":{"line":229,"column":8},"end":{"line":229,"column":42}},"91":{"start":{"line":233,"column":8},"end":{"line":233,"column":29}},"92":{"start":{"line":236,"column":8},"end":{"line":236,"column":36}},"93":{"start":{"line":239,"column":8},"end":{"line":239,"column":36}},"94":{"start":{"line":242,"column":8},"end":{"line":242,"column":36}},"95":{"start":{"line":246,"column":8},"end":{"line":246,"column":63}},"96":{"start":{"line":250,"column":8},"end":{"line":250,"column":64}},"97":{"start":{"line":254,"column":8},"end":{"line":254,"column":37}},"98":{"start":{"line":258,"column":8},"end":{"line":258,"column":56}},"99":{"start":{"line":262,"column":8},"end":{"line":264,"column":9}},"100":{"start":{"line":263,"column":12},"end":{"line":263,"column":34}},"101":{"start":{"line":265,"column":8},"end":{"line":265,"column":31}}},"fnMap":{"0":{"name":"(anonymous_0)","decl":{"start":{"line":2,"column":4},"end":{"line":2,"column":5}},"loc":{"start":{"line":2,"column":17},"end":{"line":148,"column":5}},"line":2},"1":{"name":"(anonymous_1)","decl":{"start":{"line":150,"column":4},"end":{"line":150,"column":5}},"loc":{"start":{"line":150,"column":25},"end":{"line":161,"column":5}},"line":150},"2":{"name":"(anonymous_2)","decl":{"start":{"line":167,"column":4},"end":{"line":167,"column":5}},"loc":{"start":{"line":167,"column":33},"end":{"line":171,"column":5}},"line":167},"3":{"name":"(anonymous_3)","decl":{"start":{"line":173,"column":4},"end":{"line":173,"column":5}},"loc":{"start":{"line":173,"column":18},"end":{"line":183,"column":5}},"line":173},"4":{"name":"(anonymous_4)","decl":{"start":{"line":185,"column":4},"end":{"line":185,"column":5}},"loc":{"start":{"line":185,"column":13},"end":{"line":188,"column":5}},"line":185},"5":{"name":"(anonymous_5)","decl":{"start":{"line":190,"column":4},"end":{"line":190,"column":5}},"loc":{"start":{"line":190,"column":29},"end":{"line":203,"column":5}},"line":190},"6":{"name":"(anonymous_6)","decl":{"start":{"line":211,"column":4},"end":{"line":211,"column":5}},"loc":{"start":{"line":211,"column":23},"end":{"line":213,"column":5}},"line":211},"7":{"name":"(anonymous_7)","decl":{"start":{"line":221,"column":4},"end":{"line":221,"column":5}},"loc":{"start":{"line":221,"column":23},"end":{"line":223,"column":5}},"line":221},"8":{"name":"(anonymous_8)","decl":{"start":{"line":228,"column":4},"end":{"line":228,"column":5}},"loc":{"start":{"line":228,"column":34},"end":{"line":230,"column":5}},"line":228},"9":{"name":"(anonymous_9)","decl":{"start":{"line":232,"column":4},"end":{"line":232,"column":5}},"loc":{"start":{"line":232,"column":23},"end":{"line":234,"column":5}},"line":232},"10":{"name":"(anonymous_10)","decl":{"start":{"line":235,"column":4},"end":{"line":235,"column":5}},"loc":{"start":{"line":235,"column":21},"end":{"line":237,"column":5}},"line":235},"11":{"name":"(anonymous_11)","decl":{"start":{"line":238,"column":4},"end":{"line":238,"column":5}},"loc":{"start":{"line":238,"column":26},"end":{"line":240,"column":5}},"line":238},"12":{"name":"(anonymous_12)","decl":{"start":{"line":241,"column":4},"end":{"line":241,"column":5}},"loc":{"start":{"line":241,"column":22},"end":{"line":243,"column":5}},"line":241},"13":{"name":"(anonymous_13)","decl":{"start":{"line":245,"column":4},"end":{"line":245,"column":5}},"loc":{"start":{"line":245,"column":35},"end":{"line":247,"column":5}},"line":245},"14":{"name":"(anonymous_14)","decl":{"start":{"line":249,"column":4},"end":{"line":249,"column":5}},"loc":{"start":{"line":249,"column":21},"end":{"line":251,"column":5}},"line":249},"15":{"name":"(anonymous_15)","decl":{"start":{"line":253,"column":4},"end":{"line":253,"column":5}},"loc":{"start":{"line":253,"column":19},"end":{"line":255,"column":5}},"line":253},"16":{"name":"(anonymous_16)","decl":{"start":{"line":257,"column":4},"end":{"line":257,"column":5}},"loc":{"start":{"line":257,"column":24},"end":{"line":259,"column":5}},"line":257},"17":{"name":"(anonymous_17)","decl":{"start":{"line":261,"column":4},"end":{"line":261,"column":5}},"loc":{"start":{"line":261,"column":35},"end":{"line":266,"column":5}},"line":261}},"branchMap":{"0":{"loc":{"start":{"line":262,"column":8},"end":{"line":264,"column":9}},"type":"if","locations":[{"start":{"line":262,"column":8},"end":{"line":264,"column":9}},{"start":{},"end":{}}],"line":262}},"s":{"0":3,"1":3,"2":3,"3":3,"4":3,"5":3,"6":3,"7":3,"8":3,"9":3,"10":3,"11":3,"12":3,"13":3,"14":3,"15":3,"16":3,"17":3,"18":3,"19":3,"20":3,"21":3,"22":3,"23":3,"24":3,"25":3,"26":3,"27":3,"28":3,"29":3,"30":3,"31":3,"32":3,"33":3,"34":3,"35":3,"36":3,"37":3,"38":3,"39":3,"40":3,"41":3,"42":3,"43":3,"44":3,"45":3,"46":3,"47":3,"48":3,"49":3,"50":3,"51":3,"52":3,"53":3,"54":3,"55":3,"56":3,"57":3,"58":3,"59":3,"60":3,"61":24,"62":24,"63":192,"64":192,"65":192,"66":17306,"67":17306,"68":17306,"69":3,"70":3,"71":5040,"72":3,"73":3,"74":3,"75":48,"76":5091,"77":3,"78":3,"79":3,"80":3,"81":3,"82":3,"83":24,"84":24,"85":192,"86":192,"87":192,"88":0,"89":16256,"90":3136170222,"91":851351374,"92":851351374,"93":851349966,"94":851351374,"95":1838596798,"96":1702699932,"97":851349966,"98":34456400,"99":656321747,"100":131204978,"101":525116769},"f":{"0":3,"1":3,"2":17306,"3":3,"4":5091,"5":3,"6":0,"7":16256,"8":3136170222,"9":851351374,"10":851351374,"11":851349966,"12":851351374,"13":1838596798,"14":1702699932,"15":851349966,"16":34456400,"17":656321747},"b":{"0":[131204978,525116769]},"_coverageSchema":"1a1c01bbd47fc00a2c39e90264f33305004495a9","hash":"9616ee360a4bc3003756ef52732079d610130833"}
,"/Users/longzheng/Documents/Code/JSChess/js/io.js": {"path":"/Users/longzheng/Documents/Code/JSChess/js/io.js","statementMap":{"0":{"start":{"line":3,"column":8},"end":{"line":3,"column":25}},"1":{"start":{"line":7,"column":8},"end":{"line":8,"column":57}},"2":{"start":{"line":12,"column":25},"end":{"line":12,"column":54}},"3":{"start":{"line":13,"column":23},"end":{"line":13,"column":50}},"4":{"start":{"line":14,"column":23},"end":{"line":14,"column":55}},"5":{"start":{"line":15,"column":23},"end":{"line":15,"column":55}},"6":{"start":{"line":16,"column":21},"end":{"line":16,"column":51}},"7":{"start":{"line":17,"column":21},"end":{"line":17,"column":51}},"8":{"start":{"line":19,"column":25},"end":{"line":19,"column":84}},"9":{"start":{"line":20,"column":8},"end":{"line":20,"column":78}},"10":{"start":{"line":22,"column":23},"end":{"line":22,"column":51}},"11":{"start":{"line":23,"column":8},"end":{"line":37,"column":9}},"12":{"start":{"line":24,"column":31},"end":{"line":24,"column":34}},"13":{"start":{"line":25,"column":12},"end":{"line":35,"column":13}},"14":{"start":{"line":26,"column":16},"end":{"line":26,"column":35}},"15":{"start":{"line":28,"column":17},"end":{"line":35,"column":13}},"16":{"start":{"line":30,"column":16},"end":{"line":30,"column":35}},"17":{"start":{"line":32,"column":17},"end":{"line":35,"column":13}},"18":{"start":{"line":34,"column":16},"end":{"line":34,"column":35}},"19":{"start":{"line":36,"column":12},"end":{"line":36,"column":39}},"20":{"start":{"line":38,"column":8},"end":{"line":38,"column":26}},"21":{"start":{"line":43,"column":20},"end":{"line":43,"column":21}},"22":{"start":{"line":44,"column":8},"end":{"line":44,"column":35}},"23":{"start":{"line":45,"column":8},"end":{"line":48,"column":9}},"24":{"start":{"line":45,"column":20},"end":{"line":45,"column":50}},"25":{"start":{"line":46,"column":12},"end":{"line":46,"column":37}},"26":{"start":{"line":47,"column":12},"end":{"line":47,"column":68}}},"fnMap":{"0":{"name":"(anonymous_0)","decl":{"start":{"line":2,"column":4},"end":{"line":2,"column":5}},"loc":{"start":{"line":2,"column":21},"end":{"line":4,"column":5}},"line":2},"1":{"name":"(anonymous_1)","decl":{"start":{"line":6,"column":4},"end":{"line":6,"column":5}},"loc":{"start":{"line":6,"column":23},"end":{"line":9,"column":5}},"line":6},"2":{"name":"(anonymous_2)","decl":{"start":{"line":11,"column":4},"end":{"line":11,"column":5}},"loc":{"start":{"line":11,"column":19},"end":{"line":39,"column":5}},"line":11},"3":{"name":"(anonymous_3)","decl":{"start":{"line":41,"column":4},"end":{"line":41,"column":5}},"loc":{"start":{"line":41,"column":24},"end":{"line":49,"column":5}},"line":41}},"branchMap":{"0":{"loc":{"start":{"line":23,"column":8},"end":{"line":37,"column":9}},"type":"if","locations":[{"start":{"line":23,"column":8},"end":{"line":37,"column":9}},{"start":{},"end":{}}],"line":23},"1":{"loc":{"start":{"line":25,"column":12},"end":{"line":35,"column":13}},"type":"if","locations":[{"start":{"line":25,"column":12},"end":{"line":35,"column":13}},{"start":{"line":28,"column":17},"end":{"line":35,"column":13}}],"line":25},"2":{"loc":{"start":{"line":28,"column":17},"end":{"line":35,"column":13}},"type":"if","locations":[{"start":{"line":28,"column":17},"end":{"line":35,"column":13}},{"start":{"line":32,"column":17},"end":{"line":35,"column":13}}],"line":28},"3":{"loc":{"start":{"line":28,"column":20},"end":{"line":29,"column":77}},"type":"binary-expr","locations":[{"start":{"line":28,"column":20},"end":{"line":28,"column":78}},{"start":{"line":29,"column":16},"end":{"line":29,"column":77}}],"line":28},"4":{"loc":{"start":{"line":32,"column":17},"end":{"line":35,"column":13}},"type":"if","locations":[{"start":{"line":32,"column":17},"end":{"line":35,"column":13}},{"start":{},"end":{}}],"line":32},"5":{"loc":{"start":{"line":32,"column":20},"end":{"line":33,"column":76}},"type":"binary-expr","locations":[{"start":{"line":32,"column":20},"end":{"line":32,"column":79}},{"start":{"line":33,"column":16},"end":{"line":33,"column":76}}],"line":32}},"s":{"0":2,"1":666,"2":1408,"3":1408,"4":1408,"5":1408,"6":1408,"7":1408,"8":1408,"9":1408,"10":1408,"11":1408,"12":80,"13":80,"14":20,"15":60,"16":20,"17":40,"18":20,"19":80,"20":1408,"21":0,"22":0,"23":0,"24":0,"25":0,"26":0},"f":{"0":2,"1":666,"2":1408,"3":0},"b":{"0":[80,1328],"1":[20,60],"2":[20,40],"3":[60,40],"4":[20,20],"5":[40,20]},"_coverageSchema":"1a1c01bbd47fc00a2c39e90264f33305004495a9","hash":"6f1f8f2f2fb2d822683126099b79bbe23c79e061"}
,"/Users/longzheng/Documents/Code/JSChess/js/makemove.js": {"path":"/Users/longzheng/Documents/Code/JSChess/js/makemove.js","statementMap":{"0":{"start":{"line":3,"column":8},"end":{"line":3,"column":32}},"1":{"start":{"line":7,"column":20},"end":{"line":7,"column":40}},"2":{"start":{"line":8,"column":21},"end":{"line":8,"column":46}},"3":{"start":{"line":9,"column":28},"end":{"line":9,"column":30}},"4":{"start":{"line":11,"column":8},"end":{"line":11,"column":51}},"5":{"start":{"line":12,"column":8},"end":{"line":12,"column":54}},"6":{"start":{"line":13,"column":8},"end":{"line":13,"column":60}},"7":{"start":{"line":15,"column":8},"end":{"line":20,"column":9}},"8":{"start":{"line":15,"column":20},"end":{"line":15,"column":21}},"9":{"start":{"line":16,"column":12},"end":{"line":19,"column":13}},"10":{"start":{"line":17,"column":16},"end":{"line":17,"column":34}},"11":{"start":{"line":18,"column":16},"end":{"line":18,"column":22}},"12":{"start":{"line":22,"column":8},"end":{"line":23,"column":79}},"13":{"start":{"line":27,"column":21},"end":{"line":27,"column":46}},"14":{"start":{"line":28,"column":8},"end":{"line":28,"column":50}},"15":{"start":{"line":29,"column":8},"end":{"line":29,"column":37}},"16":{"start":{"line":30,"column":8},"end":{"line":30,"column":60}},"17":{"start":{"line":31,"column":8},"end":{"line":31,"column":90}},"18":{"start":{"line":35,"column":20},"end":{"line":35,"column":38}},"19":{"start":{"line":36,"column":8},"end":{"line":36,"column":48}},"20":{"start":{"line":37,"column":8},"end":{"line":37,"column":52}},"21":{"start":{"line":39,"column":8},"end":{"line":39,"column":46}},"22":{"start":{"line":40,"column":8},"end":{"line":40,"column":33}},"23":{"start":{"line":42,"column":8},"end":{"line":47,"column":9}},"24":{"start":{"line":42,"column":20},"end":{"line":42,"column":21}},"25":{"start":{"line":43,"column":12},"end":{"line":46,"column":13}},"26":{"start":{"line":44,"column":16},"end":{"line":44,"column":69}},"27":{"start":{"line":45,"column":16},"end":{"line":45,"column":22}},"28":{"start":{"line":51,"column":19},"end":{"line":51,"column":48}},"29":{"start":{"line":52,"column":17},"end":{"line":52,"column":44}},"30":{"start":{"line":53,"column":19},"end":{"line":53,"column":29}},"31":{"start":{"line":55,"column":8},"end":{"line":55,"column":58}},"32":{"start":{"line":56,"column":8},"end":{"line":84,"column":9}},"33":{"start":{"line":58,"column":12},"end":{"line":63,"column":13}},"34":{"start":{"line":59,"column":16},"end":{"line":59,"column":69}},"35":{"start":{"line":62,"column":16},"end":{"line":62,"column":69}},"36":{"start":{"line":65,"column":13},"end":{"line":84,"column":9}},"37":{"start":{"line":67,"column":12},"end":{"line":83,"column":13}},"38":{"start":{"line":69,"column":20},"end":{"line":69,"column":86}},"39":{"start":{"line":70,"column":20},"end":{"line":70,"column":26}},"40":{"start":{"line":72,"column":20},"end":{"line":72,"column":86}},"41":{"start":{"line":73,"column":20},"end":{"line":73,"column":26}},"42":{"start":{"line":75,"column":20},"end":{"line":75,"column":86}},"43":{"start":{"line":76,"column":20},"end":{"line":76,"column":26}},"44":{"start":{"line":78,"column":20},"end":{"line":78,"column":86}},"45":{"start":{"line":79,"column":20},"end":{"line":79,"column":26}},"46":{"start":{"line":81,"column":20},"end":{"line":81,"column":78}},"47":{"start":{"line":82,"column":20},"end":{"line":82,"column":26}},"48":{"start":{"line":86,"column":8},"end":{"line":88,"column":9}},"49":{"start":{"line":87,"column":12},"end":{"line":87,"column":43}},"50":{"start":{"line":89,"column":8},"end":{"line":89,"column":36}},"51":{"start":{"line":90,"column":8},"end":{"line":90,"column":48}},"52":{"start":{"line":91,"column":8},"end":{"line":91,"column":64}},"53":{"start":{"line":92,"column":8},"end":{"line":92,"column":64}},"54":{"start":{"line":93,"column":8},"end":{"line":93,"column":78}},"55":{"start":{"line":95,"column":8},"end":{"line":95,"column":74}},"56":{"start":{"line":96,"column":8},"end":{"line":96,"column":72}},"57":{"start":{"line":97,"column":8},"end":{"line":97,"column":54}},"58":{"start":{"line":98,"column":8},"end":{"line":98,"column":36}},"59":{"start":{"line":100,"column":23},"end":{"line":100,"column":55}},"60":{"start":{"line":101,"column":8},"end":{"line":101,"column":26}},"61":{"start":{"line":102,"column":8},"end":{"line":105,"column":9}},"62":{"start":{"line":103,"column":12},"end":{"line":103,"column":39}},"63":{"start":{"line":104,"column":12},"end":{"line":104,"column":32}},"64":{"start":{"line":106,"column":8},"end":{"line":106,"column":23}},"65":{"start":{"line":107,"column":8},"end":{"line":107,"column":20}},"66":{"start":{"line":109,"column":8},"end":{"line":120,"column":9}},"67":{"start":{"line":110,"column":12},"end":{"line":110,"column":32}},"68":{"start":{"line":111,"column":12},"end":{"line":119,"column":13}},"69":{"start":{"line":112,"column":16},"end":{"line":117,"column":17}},"70":{"start":{"line":113,"column":20},"end":{"line":113,"column":69}},"71":{"start":{"line":116,"column":20},"end":{"line":116,"column":69}},"72":{"start":{"line":118,"column":16},"end":{"line":118,"column":47}},"73":{"start":{"line":122,"column":8},"end":{"line":122,"column":40}},"74":{"start":{"line":123,"column":29},"end":{"line":123,"column":57}},"75":{"start":{"line":124,"column":8},"end":{"line":127,"column":9}},"76":{"start":{"line":125,"column":12},"end":{"line":125,"column":39}},"77":{"start":{"line":126,"column":12},"end":{"line":126,"column":53}},"78":{"start":{"line":129,"column":8},"end":{"line":129,"column":24}},"79":{"start":{"line":130,"column":8},"end":{"line":130,"column":34}},"80":{"start":{"line":133,"column":8},"end":{"line":136,"column":9}},"81":{"start":{"line":134,"column":12},"end":{"line":134,"column":33}},"82":{"start":{"line":135,"column":12},"end":{"line":135,"column":40}},"83":{"start":{"line":137,"column":8},"end":{"line":137,"column":35}},"84":{"start":{"line":144,"column":8},"end":{"line":144,"column":23}},"85":{"start":{"line":145,"column":8},"end":{"line":145,"column":20}},"86":{"start":{"line":147,"column":23},"end":{"line":147,"column":50}},"87":{"start":{"line":148,"column":19},"end":{"line":148,"column":32}},"88":{"start":{"line":149,"column":19},"end":{"line":149,"column":48}},"89":{"start":{"line":150,"column":17},"end":{"line":150,"column":44}},"90":{"start":{"line":152,"column":8},"end":{"line":154,"column":9}},"91":{"start":{"line":153,"column":12},"end":{"line":153,"column":43}},"92":{"start":{"line":155,"column":8},"end":{"line":155,"column":36}},"93":{"start":{"line":157,"column":8},"end":{"line":157,"column":59}},"94":{"start":{"line":158,"column":8},"end":{"line":158,"column":45}},"95":{"start":{"line":159,"column":8},"end":{"line":159,"column":45}},"96":{"start":{"line":161,"column":8},"end":{"line":163,"column":9}},"97":{"start":{"line":162,"column":12},"end":{"line":162,"column":43}},"98":{"start":{"line":164,"column":8},"end":{"line":164,"column":36}},"99":{"start":{"line":166,"column":8},"end":{"line":166,"column":24}},"100":{"start":{"line":167,"column":8},"end":{"line":167,"column":34}},"101":{"start":{"line":169,"column":8},"end":{"line":195,"column":9}},"102":{"start":{"line":170,"column":12},"end":{"line":175,"column":13}},"103":{"start":{"line":171,"column":16},"end":{"line":171,"column":88}},"104":{"start":{"line":174,"column":16},"end":{"line":174,"column":88}},"105":{"start":{"line":177,"column":13},"end":{"line":195,"column":9}},"106":{"start":{"line":178,"column":12},"end":{"line":194,"column":13}},"107":{"start":{"line":180,"column":20},"end":{"line":180,"column":86}},"108":{"start":{"line":181,"column":20},"end":{"line":181,"column":26}},"109":{"start":{"line":183,"column":20},"end":{"line":183,"column":86}},"110":{"start":{"line":184,"column":20},"end":{"line":184,"column":26}},"111":{"start":{"line":186,"column":20},"end":{"line":186,"column":86}},"112":{"start":{"line":187,"column":20},"end":{"line":187,"column":26}},"113":{"start":{"line":189,"column":20},"end":{"line":189,"column":86}},"114":{"start":{"line":190,"column":20},"end":{"line":190,"column":26}},"115":{"start":{"line":192,"column":20},"end":{"line":192,"column":78}},"116":{"start":{"line":193,"column":20},"end":{"line":193,"column":26}},"117":{"start":{"line":197,"column":8},"end":{"line":197,"column":40}},"118":{"start":{"line":198,"column":23},"end":{"line":198,"column":55}},"119":{"start":{"line":199,"column":8},"end":{"line":201,"column":9}},"120":{"start":{"line":200,"column":12},"end":{"line":200,"column":47}},"121":{"start":{"line":203,"column":29},"end":{"line":203,"column":57}},"122":{"start":{"line":204,"column":8},"end":{"line":209,"column":9}},"123":{"start":{"line":205,"column":12},"end":{"line":205,"column":41}},"124":{"start":{"line":206,"column":12},"end":{"line":208,"column":66}}},"fnMap":{"0":{"name":"(anonymous_0)","decl":{"start":{"line":2,"column":4},"end":{"line":2,"column":5}},"loc":{"start":{"line":2,"column":28},"end":{"line":4,"column":5}},"line":2},"1":{"name":"(anonymous_1)","decl":{"start":{"line":6,"column":4},"end":{"line":6,"column":5}},"loc":{"start":{"line":6,"column":29},"end":{"line":24,"column":5}},"line":6},"2":{"name":"(anonymous_2)","decl":{"start":{"line":26,"column":4},"end":{"line":26,"column":5}},"loc":{"start":{"line":26,"column":34},"end":{"line":32,"column":5}},"line":26},"3":{"name":"(anonymous_3)","decl":{"start":{"line":34,"column":4},"end":{"line":34,"column":5}},"loc":{"start":{"line":34,"column":30},"end":{"line":48,"column":5}},"line":34},"4":{"name":"(anonymous_4)","decl":{"start":{"line":50,"column":4},"end":{"line":50,"column":5}},"loc":{"start":{"line":50,"column":25},"end":{"line":140,"column":5}},"line":50},"5":{"name":"(anonymous_5)","decl":{"start":{"line":143,"column":4},"end":{"line":143,"column":5}},"loc":{"start":{"line":143,"column":19},"end":{"line":210,"column":5}},"line":143}},"branchMap":{"0":{"loc":{"start":{"line":16,"column":12},"end":{"line":19,"column":13}},"type":"if","locations":[{"start":{"line":16,"column":12},"end":{"line":19,"column":13}},{"start":{},"end":{}}],"line":16},"1":{"loc":{"start":{"line":43,"column":12},"end":{"line":46,"column":13}},"type":"if","locations":[{"start":{"line":43,"column":12},"end":{"line":46,"column":13}},{"start":{},"end":{}}],"line":43},"2":{"loc":{"start":{"line":56,"column":8},"end":{"line":84,"column":9}},"type":"if","locations":[{"start":{"line":56,"column":8},"end":{"line":84,"column":9}},{"start":{"line":65,"column":13},"end":{"line":84,"column":9}}],"line":56},"3":{"loc":{"start":{"line":58,"column":12},"end":{"line":63,"column":13}},"type":"if","locations":[{"start":{"line":58,"column":12},"end":{"line":63,"column":13}},{"start":{"line":61,"column":16},"end":{"line":63,"column":13}}],"line":58},"4":{"loc":{"start":{"line":65,"column":13},"end":{"line":84,"column":9}},"type":"if","locations":[{"start":{"line":65,"column":13},"end":{"line":84,"column":9}},{"start":{},"end":{}}],"line":65},"5":{"loc":{"start":{"line":67,"column":12},"end":{"line":83,"column":13}},"type":"switch","locations":[{"start":{"line":68,"column":16},"end":{"line":70,"column":26}},{"start":{"line":71,"column":16},"end":{"line":73,"column":26}},{"start":{"line":74,"column":16},"end":{"line":76,"column":26}},{"start":{"line":77,"column":16},"end":{"line":79,"column":26}},{"start":{"line":80,"column":16},"end":{"line":82,"column":26}}],"line":67},"6":{"loc":{"start":{"line":86,"column":8},"end":{"line":88,"column":9}},"type":"if","locations":[{"start":{"line":86,"column":8},"end":{"line":88,"column":9}},{"start":{},"end":{}}],"line":86},"7":{"loc":{"start":{"line":102,"column":8},"end":{"line":105,"column":9}},"type":"if","locations":[{"start":{"line":102,"column":8},"end":{"line":105,"column":9}},{"start":{},"end":{}}],"line":102},"8":{"loc":{"start":{"line":109,"column":8},"end":{"line":120,"column":9}},"type":"if","locations":[{"start":{"line":109,"column":8},"end":{"line":120,"column":9}},{"start":{},"end":{}}],"line":109},"9":{"loc":{"start":{"line":111,"column":12},"end":{"line":119,"column":13}},"type":"if","locations":[{"start":{"line":111,"column":12},"end":{"line":119,"column":13}},{"start":{},"end":{}}],"line":111},"10":{"loc":{"start":{"line":112,"column":16},"end":{"line":117,"column":17}},"type":"if","locations":[{"start":{"line":112,"column":16},"end":{"line":117,"column":17}},{"start":{"line":115,"column":20},"end":{"line":117,"column":17}}],"line":112},"11":{"loc":{"start":{"line":124,"column":8},"end":{"line":127,"column":9}},"type":"if","locations":[{"start":{"line":124,"column":8},"end":{"line":127,"column":9}},{"start":{},"end":{}}],"line":124},"12":{"loc":{"start":{"line":133,"column":8},"end":{"line":136,"column":9}},"type":"if","locations":[{"start":{"line":133,"column":8},"end":{"line":136,"column":9}},{"start":{},"end":{}}],"line":133},"13":{"loc":{"start":{"line":152,"column":8},"end":{"line":154,"column":9}},"type":"if","locations":[{"start":{"line":152,"column":8},"end":{"line":154,"column":9}},{"start":{},"end":{}}],"line":152},"14":{"loc":{"start":{"line":161,"column":8},"end":{"line":163,"column":9}},"type":"if","locations":[{"start":{"line":161,"column":8},"end":{"line":163,"column":9}},{"start":{},"end":{}}],"line":161},"15":{"loc":{"start":{"line":169,"column":8},"end":{"line":195,"column":9}},"type":"if","locations":[{"start":{"line":169,"column":8},"end":{"line":195,"column":9}},{"start":{"line":177,"column":13},"end":{"line":195,"column":9}}],"line":169},"16":{"loc":{"start":{"line":170,"column":12},"end":{"line":175,"column":13}},"type":"if","locations":[{"start":{"line":170,"column":12},"end":{"line":175,"column":13}},{"start":{"line":173,"column":16},"end":{"line":175,"column":13}}],"line":170},"17":{"loc":{"start":{"line":177,"column":13},"end":{"line":195,"column":9}},"type":"if","locations":[{"start":{"line":177,"column":13},"end":{"line":195,"column":9}},{"start":{},"end":{}}],"line":177},"18":{"loc":{"start":{"line":178,"column":12},"end":{"line":194,"column":13}},"type":"switch","locations":[{"start":{"line":179,"column":16},"end":{"line":181,"column":26}},{"start":{"line":182,"column":16},"end":{"line":184,"column":26}},{"start":{"line":185,"column":16},"end":{"line":187,"column":26}},{"start":{"line":188,"column":16},"end":{"line":190,"column":26}},{"start":{"line":191,"column":16},"end":{"line":193,"column":26}}],"line":178},"19":{"loc":{"start":{"line":199,"column":8},"end":{"line":201,"column":9}},"type":"if","locations":[{"start":{"line":199,"column":8},"end":{"line":201,"column":9}},{"start":{},"end":{}}],"line":199},"20":{"loc":{"start":{"line":204,"column":8},"end":{"line":209,"column":9}},"type":"if","locations":[{"start":{"line":204,"column":8},"end":{"line":209,"column":9}},{"start":{},"end":{}}],"line":204},"21":{"loc":{"start":{"line":207,"column":17},"end":{"line":208,"column":63}},"type":"cond-expr","locations":[{"start":{"line":208,"column":22},"end":{"line":208,"column":41}},{"start":{"line":208,"column":44},"end":{"line":208,"column":63}}],"line":207}},"s":{"0":1,"1":55533385,"2":55533385,"3":55533385,"4":55533385,"5":55533385,"6":55533385,"7":55533385,"8":55533385,"9":159540508,"10":55533385,"11":55533385,"12":55533385,"13":55533385,"14":55533385,"15":55533385,"16":55533385,"17":55533385,"18":863765014,"19":863765014,"20":863765014,"21":863765014,"22":863765014,"23":863765014,"24":863765014,"25":1426600592,"26":863765014,"27":863765014,"28":425674983,"29":425674983,"30":425674983,"31":425674983,"32":425674983,"33":75646,"34":73700,"35":1946,"36":425599337,"37":6207524,"38":2597696,"39":2597696,"40":288324,"41":288324,"42":2943800,"43":2943800,"44":377704,"45":377704,"46":0,"47":0,"48":425674983,"49":7405506,"50":425674983,"51":425674983,"52":425674983,"53":425674983,"54":425674983,"55":425674983,"56":425674983,"57":425674983,"58":425674983,"59":425674983,"60":425674983,"61":425674983,"62":46269091,"63":46269091,"64":425674983,"65":425674983,"66":425674983,"67":43187641,"68":43187641,"69":9822694,"70":9638510,"71":184184,"72":9822694,"73":425674983,"74":425674983,"75":425674983,"76":4594324,"77":4594324,"78":425674983,"79":425674983,"80":425674983,"81":30001847,"82":30001847,"83":395673136,"84":425674983,"85":425674983,"86":425674983,"87":425674983,"88":425674983,"89":425674983,"90":425674983,"91":9822694,"92":425674983,"93":425674983,"94":425674983,"95":425674983,"96":425674983,"97":7405506,"98":425674983,"99":425674983,"100":425674983,"101":425674983,"102":75646,"103":73700,"104":1946,"105":425599337,"106":6207524,"107":2597696,"108":2597696,"109":288324,"110":288324,"111":2943800,"112":2943800,"113":377704,"114":377704,"115":0,"116":0,"117":425674983,"118":425674983,"119":425674983,"120":46269091,"121":425674983,"122":425674983,"123":4594324,"124":4594324},"f":{"0":1,"1":55533385,"2":55533385,"3":863765014,"4":425674983,"5":425674983},"b":{"0":[55533385,104007123],"1":[863765014,562835578],"2":[75646,425599337],"3":[73700,1946],"4":[6207524,419391813],"5":[2597696,288324,2943800,377704,0],"6":[7405506,418269477],"7":[46269091,379405892],"8":[43187641,382487342],"9":[9822694,33364947],"10":[9638510,184184],"11":[4594324,421080659],"12":[30001847,395673136],"13":[9822694,415852289],"14":[7405506,418269477],"15":[75646,425599337],"16":[73700,1946],"17":[6207524,419391813],"18":[2597696,288324,2943800,377704,0],"19":[46269091,379405892],"20":[4594324,421080659],"21":[2293704,2300620]},"_coverageSchema":"1a1c01bbd47fc00a2c39e90264f33305004495a9","hash":"36c60be9a62b780c8123c2a1d4e3a1e7b7d87a10"}
,"/Users/longzheng/Documents/Code/JSChess/js/movegen.js": {"path":"/Users/longzheng/Documents/Code/JSChess/js/movegen.js","statementMap":{"0":{"start":{"line":3,"column":8},"end":{"line":3,"column":32}},"1":{"start":{"line":7,"column":8},"end":{"line":7,"column":79}},"2":{"start":{"line":11,"column":8},"end":{"line":11,"column":67}},"3":{"start":{"line":12,"column":8},"end":{"line":12,"column":67}},"4":{"start":{"line":17,"column":8},"end":{"line":17,"column":67}},"5":{"start":{"line":18,"column":8},"end":{"line":18,"column":67}},"6":{"start":{"line":22,"column":8},"end":{"line":22,"column":67}},"7":{"start":{"line":23,"column":8},"end":{"line":23,"column":67}},"8":{"start":{"line":27,"column":8},"end":{"line":35,"column":9}},"9":{"start":{"line":28,"column":12},"end":{"line":28,"column":93}},"10":{"start":{"line":29,"column":12},"end":{"line":29,"column":93}},"11":{"start":{"line":30,"column":12},"end":{"line":30,"column":93}},"12":{"start":{"line":31,"column":12},"end":{"line":31,"column":93}},"13":{"start":{"line":34,"column":12},"end":{"line":34,"column":96}},"14":{"start":{"line":39,"column":8},"end":{"line":47,"column":9}},"15":{"start":{"line":40,"column":12},"end":{"line":40,"column":93}},"16":{"start":{"line":41,"column":12},"end":{"line":41,"column":93}},"17":{"start":{"line":42,"column":12},"end":{"line":42,"column":93}},"18":{"start":{"line":43,"column":12},"end":{"line":43,"column":93}},"19":{"start":{"line":46,"column":12},"end":{"line":46,"column":96}},"20":{"start":{"line":51,"column":8},"end":{"line":59,"column":9}},"21":{"start":{"line":52,"column":12},"end":{"line":52,"column":105}},"22":{"start":{"line":53,"column":12},"end":{"line":53,"column":105}},"23":{"start":{"line":54,"column":12},"end":{"line":54,"column":105}},"24":{"start":{"line":55,"column":12},"end":{"line":55,"column":105}},"25":{"start":{"line":58,"column":12},"end":{"line":58,"column":109}},"26":{"start":{"line":63,"column":8},"end":{"line":71,"column":9}},"27":{"start":{"line":64,"column":12},"end":{"line":64,"column":105}},"28":{"start":{"line":65,"column":12},"end":{"line":65,"column":105}},"29":{"start":{"line":66,"column":12},"end":{"line":66,"column":105}},"30":{"start":{"line":67,"column":12},"end":{"line":67,"column":105}},"31":{"start":{"line":70,"column":12},"end":{"line":70,"column":109}},"32":{"start":{"line":75,"column":8},"end":{"line":75,"column":76}},"33":{"start":{"line":77,"column":8},"end":{"line":182,"column":9}},"34":{"start":{"line":78,"column":28},"end":{"line":78,"column":47}},"35":{"start":{"line":80,"column":12},"end":{"line":107,"column":13}},"36":{"start":{"line":80,"column":31},"end":{"line":80,"column":32}},"37":{"start":{"line":81,"column":16},"end":{"line":81,"column":84}},"38":{"start":{"line":83,"column":16},"end":{"line":88,"column":17}},"39":{"start":{"line":84,"column":20},"end":{"line":84,"column":96}},"40":{"start":{"line":85,"column":20},"end":{"line":87,"column":21}},"41":{"start":{"line":86,"column":24},"end":{"line":86,"column":186}},"42":{"start":{"line":90,"column":35},"end":{"line":90,"column":45}},"43":{"start":{"line":91,"column":16},"end":{"line":93,"column":17}},"44":{"start":{"line":92,"column":20},"end":{"line":92,"column":106}},"45":{"start":{"line":94,"column":36},"end":{"line":94,"column":47}},"46":{"start":{"line":95,"column":16},"end":{"line":97,"column":17}},"47":{"start":{"line":96,"column":20},"end":{"line":96,"column":108}},"48":{"start":{"line":99,"column":16},"end":{"line":106,"column":17}},"49":{"start":{"line":100,"column":20},"end":{"line":102,"column":21}},"50":{"start":{"line":101,"column":24},"end":{"line":101,"column":166}},"51":{"start":{"line":103,"column":20},"end":{"line":105,"column":21}},"52":{"start":{"line":104,"column":24},"end":{"line":104,"column":167}},"53":{"start":{"line":109,"column":12},"end":{"line":117,"column":13}},"54":{"start":{"line":111,"column":16},"end":{"line":116,"column":17}},"55":{"start":{"line":113,"column":20},"end":{"line":115,"column":21}},"56":{"start":{"line":114,"column":24},"end":{"line":114,"column":180}},"57":{"start":{"line":118,"column":12},"end":{"line":128,"column":13}},"58":{"start":{"line":120,"column":16},"end":{"line":127,"column":17}},"59":{"start":{"line":124,"column":20},"end":{"line":126,"column":21}},"60":{"start":{"line":125,"column":24},"end":{"line":125,"column":180}},"61":{"start":{"line":131,"column":28},"end":{"line":131,"column":47}},"62":{"start":{"line":133,"column":12},"end":{"line":160,"column":13}},"63":{"start":{"line":133,"column":31},"end":{"line":133,"column":32}},"64":{"start":{"line":134,"column":16},"end":{"line":134,"column":84}},"65":{"start":{"line":136,"column":16},"end":{"line":141,"column":17}},"66":{"start":{"line":137,"column":20},"end":{"line":137,"column":96}},"67":{"start":{"line":138,"column":20},"end":{"line":140,"column":21}},"68":{"start":{"line":139,"column":24},"end":{"line":139,"column":186}},"69":{"start":{"line":143,"column":35},"end":{"line":143,"column":45}},"70":{"start":{"line":144,"column":16},"end":{"line":146,"column":17}},"71":{"start":{"line":145,"column":20},"end":{"line":145,"column":106}},"72":{"start":{"line":147,"column":36},"end":{"line":147,"column":47}},"73":{"start":{"line":148,"column":16},"end":{"line":150,"column":17}},"74":{"start":{"line":149,"column":20},"end":{"line":149,"column":108}},"75":{"start":{"line":152,"column":16},"end":{"line":159,"column":17}},"76":{"start":{"line":153,"column":20},"end":{"line":155,"column":21}},"77":{"start":{"line":154,"column":24},"end":{"line":154,"column":166}},"78":{"start":{"line":156,"column":20},"end":{"line":158,"column":21}},"79":{"start":{"line":157,"column":24},"end":{"line":157,"column":167}},"80":{"start":{"line":162,"column":12},"end":{"line":170,"column":13}},"81":{"start":{"line":164,"column":16},"end":{"line":169,"column":17}},"82":{"start":{"line":166,"column":20},"end":{"line":168,"column":21}},"83":{"start":{"line":167,"column":24},"end":{"line":167,"column":180}},"84":{"start":{"line":171,"column":12},"end":{"line":181,"column":13}},"85":{"start":{"line":173,"column":16},"end":{"line":180,"column":17}},"86":{"start":{"line":177,"column":20},"end":{"line":179,"column":21}},"87":{"start":{"line":178,"column":24},"end":{"line":178,"column":180}},"88":{"start":{"line":184,"column":20},"end":{"line":184,"column":65}},"89":{"start":{"line":185,"column":20},"end":{"line":185,"column":55}},"90":{"start":{"line":186,"column":8},"end":{"line":206,"column":9}},"91":{"start":{"line":187,"column":12},"end":{"line":204,"column":13}},"92":{"start":{"line":187,"column":31},"end":{"line":187,"column":32}},"93":{"start":{"line":188,"column":29},"end":{"line":188,"column":83}},"94":{"start":{"line":189,"column":16},"end":{"line":203,"column":17}},"95":{"start":{"line":189,"column":28},"end":{"line":189,"column":29}},"96":{"start":{"line":190,"column":36},"end":{"line":190,"column":73}},"97":{"start":{"line":191,"column":40},"end":{"line":191,"column":58}},"98":{"start":{"line":192,"column":20},"end":{"line":194,"column":21}},"99":{"start":{"line":193,"column":24},"end":{"line":193,"column":33}},"100":{"start":{"line":195,"column":20},"end":{"line":202,"column":21}},"101":{"start":{"line":196,"column":24},"end":{"line":198,"column":25}},"102":{"start":{"line":197,"column":28},"end":{"line":197,"column":145}},"103":{"start":{"line":201,"column":24},"end":{"line":201,"column":134}},"104":{"start":{"line":205,"column":12},"end":{"line":205,"column":56}},"105":{"start":{"line":208,"column":8},"end":{"line":208,"column":65}},"106":{"start":{"line":209,"column":8},"end":{"line":209,"column":49}},"107":{"start":{"line":210,"column":8},"end":{"line":229,"column":9}},"108":{"start":{"line":211,"column":12},"end":{"line":227,"column":13}},"109":{"start":{"line":211,"column":31},"end":{"line":211,"column":32}},"110":{"start":{"line":212,"column":29},"end":{"line":212,"column":83}},"111":{"start":{"line":213,"column":16},"end":{"line":226,"column":17}},"112":{"start":{"line":213,"column":28},"end":{"line":213,"column":29}},"113":{"start":{"line":214,"column":36},"end":{"line":214,"column":73}},"114":{"start":{"line":215,"column":40},"end":{"line":215,"column":58}},"115":{"start":{"line":216,"column":20},"end":{"line":225,"column":21}},"116":{"start":{"line":217,"column":24},"end":{"line":222,"column":25}},"117":{"start":{"line":218,"column":28},"end":{"line":220,"column":29}},"118":{"start":{"line":219,"column":32},"end":{"line":219,"column":149}},"119":{"start":{"line":221,"column":28},"end":{"line":221,"column":34}},"120":{"start":{"line":223,"column":24},"end":{"line":223,"column":134}},"121":{"start":{"line":224,"column":24},"end":{"line":224,"column":51}},"122":{"start":{"line":228,"column":12},"end":{"line":228,"column":53}}},"fnMap":{"0":{"name":"(anonymous_0)","decl":{"start":{"line":2,"column":4},"end":{"line":2,"column":5}},"loc":{"start":{"line":2,"column":28},"end":{"line":4,"column":5}},"line":2},"1":{"name":"(anonymous_1)","decl":{"start":{"line":6,"column":4},"end":{"line":6,"column":5}},"loc":{"start":{"line":6,"column":44},"end":{"line":8,"column":5}},"line":6},"2":{"name":"(anonymous_2)","decl":{"start":{"line":10,"column":4},"end":{"line":10,"column":5}},"loc":{"start":{"line":10,"column":31},"end":{"line":13,"column":5}},"line":10},"3":{"name":"(anonymous_3)","decl":{"start":{"line":16,"column":4},"end":{"line":16,"column":5}},"loc":{"start":{"line":16,"column":29},"end":{"line":19,"column":5}},"line":16},"4":{"name":"(anonymous_4)","decl":{"start":{"line":21,"column":4},"end":{"line":21,"column":5}},"loc":{"start":{"line":21,"column":33},"end":{"line":24,"column":5}},"line":21},"5":{"name":"(anonymous_5)","decl":{"start":{"line":26,"column":4},"end":{"line":26,"column":5}},"loc":{"start":{"line":26,"column":53},"end":{"line":36,"column":5}},"line":26},"6":{"name":"(anonymous_6)","decl":{"start":{"line":38,"column":4},"end":{"line":38,"column":5}},"loc":{"start":{"line":38,"column":53},"end":{"line":48,"column":5}},"line":38},"7":{"name":"(anonymous_7)","decl":{"start":{"line":50,"column":4},"end":{"line":50,"column":5}},"loc":{"start":{"line":50,"column":42},"end":{"line":60,"column":5}},"line":50},"8":{"name":"(anonymous_8)","decl":{"start":{"line":62,"column":4},"end":{"line":62,"column":5}},"loc":{"start":{"line":62,"column":42},"end":{"line":72,"column":5}},"line":62},"9":{"name":"(anonymous_9)","decl":{"start":{"line":74,"column":4},"end":{"line":74,"column":5}},"loc":{"start":{"line":74,"column":24},"end":{"line":230,"column":5}},"line":74}},"branchMap":{"0":{"loc":{"start":{"line":27,"column":8},"end":{"line":35,"column":9}},"type":"if","locations":[{"start":{"line":27,"column":8},"end":{"line":35,"column":9}},{"start":{"line":33,"column":12},"end":{"line":35,"column":9}}],"line":27},"1":{"loc":{"start":{"line":39,"column":8},"end":{"line":47,"column":9}},"type":"if","locations":[{"start":{"line":39,"column":8},"end":{"line":47,"column":9}},{"start":{"line":45,"column":12},"end":{"line":47,"column":9}}],"line":39},"2":{"loc":{"start":{"line":51,"column":8},"end":{"line":59,"column":9}},"type":"if","locations":[{"start":{"line":51,"column":8},"end":{"line":59,"column":9}},{"start":{"line":57,"column":12},"end":{"line":59,"column":9}}],"line":51},"3":{"loc":{"start":{"line":63,"column":8},"end":{"line":71,"column":9}},"type":"if","locations":[{"start":{"line":63,"column":8},"end":{"line":71,"column":9}},{"start":{"line":69,"column":12},"end":{"line":71,"column":9}}],"line":63},"4":{"loc":{"start":{"line":77,"column":8},"end":{"line":182,"column":9}},"type":"if","locations":[{"start":{"line":77,"column":8},"end":{"line":182,"column":9}},{"start":{"line":130,"column":13},"end":{"line":182,"column":9}}],"line":77},"5":{"loc":{"start":{"line":83,"column":16},"end":{"line":88,"column":17}},"type":"if","locations":[{"start":{"line":83,"column":16},"end":{"line":88,"column":17}},{"start":{},"end":{}}],"line":83},"6":{"loc":{"start":{"line":85,"column":20},"end":{"line":87,"column":21}},"type":"if","locations":[{"start":{"line":85,"column":20},"end":{"line":87,"column":21}},{"start":{},"end":{}}],"line":85},"7":{"loc":{"start":{"line":85,"column":23},"end":{"line":85,"column":159}},"type":"binary-expr","locations":[{"start":{"line":85,"column":23},"end":{"line":85,"column":78}},{"start":{"line":85,"column":82},"end":{"line":85,"column":159}}],"line":85},"8":{"loc":{"start":{"line":91,"column":16},"end":{"line":93,"column":17}},"type":"if","locations":[{"start":{"line":91,"column":16},"end":{"line":93,"column":17}},{"start":{},"end":{}}],"line":91},"9":{"loc":{"start":{"line":91,"column":19},"end":{"line":91,"column":169}},"type":"binary-expr","locations":[{"start":{"line":91,"column":19},"end":{"line":91,"column":91}},{"start":{"line":91,"column":95},"end":{"line":91,"column":169}}],"line":91},"10":{"loc":{"start":{"line":95,"column":16},"end":{"line":97,"column":17}},"type":"if","locations":[{"start":{"line":95,"column":16},"end":{"line":97,"column":17}},{"start":{},"end":{}}],"line":95},"11":{"loc":{"start":{"line":95,"column":19},"end":{"line":95,"column":171}},"type":"binary-expr","locations":[{"start":{"line":95,"column":19},"end":{"line":95,"column":92}},{"start":{"line":95,"column":96},"end":{"line":95,"column":171}}],"line":95},"12":{"loc":{"start":{"line":99,"column":16},"end":{"line":106,"column":17}},"type":"if","locations":[{"start":{"line":99,"column":16},"end":{"line":106,"column":17}},{"start":{},"end":{}}],"line":99},"13":{"loc":{"start":{"line":100,"column":20},"end":{"line":102,"column":21}},"type":"if","locations":[{"start":{"line":100,"column":20},"end":{"line":102,"column":21}},{"start":{},"end":{}}],"line":100},"14":{"loc":{"start":{"line":103,"column":20},"end":{"line":105,"column":21}},"type":"if","locations":[{"start":{"line":103,"column":20},"end":{"line":105,"column":21}},{"start":{},"end":{}}],"line":103},"15":{"loc":{"start":{"line":109,"column":12},"end":{"line":117,"column":13}},"type":"if","locations":[{"start":{"line":109,"column":12},"end":{"line":117,"column":13}},{"start":{},"end":{}}],"line":109},"16":{"loc":{"start":{"line":111,"column":16},"end":{"line":116,"column":17}},"type":"if","locations":[{"start":{"line":111,"column":16},"end":{"line":116,"column":17}},{"start":{},"end":{}}],"line":111},"17":{"loc":{"start":{"line":111,"column":19},"end":{"line":111,"column":145}},"type":"binary-expr","locations":[{"start":{"line":111,"column":19},"end":{"line":111,"column":80}},{"start":{"line":111,"column":84},"end":{"line":111,"column":145}}],"line":111},"18":{"loc":{"start":{"line":113,"column":20},"end":{"line":115,"column":21}},"type":"if","locations":[{"start":{"line":113,"column":20},"end":{"line":115,"column":21}},{"start":{},"end":{}}],"line":113},"19":{"loc":{"start":{"line":113,"column":23},"end":{"line":113,"column":211}},"type":"binary-expr","locations":[{"start":{"line":113,"column":23},"end":{"line":113,"column":115}},{"start":{"line":113,"column":119},"end":{"line":113,"column":211}}],"line":113},"20":{"loc":{"start":{"line":118,"column":12},"end":{"line":128,"column":13}},"type":"if","locations":[{"start":{"line":118,"column":12},"end":{"line":128,"column":13}},{"start":{},"end":{}}],"line":118},"21":{"loc":{"start":{"line":120,"column":16},"end":{"line":127,"column":17}},"type":"if","locations":[{"start":{"line":120,"column":16},"end":{"line":127,"column":17}},{"start":{},"end":{}}],"line":120},"22":{"loc":{"start":{"line":120,"column":19},"end":{"line":121,"column":84}},"type":"binary-expr","locations":[{"start":{"line":120,"column":19},"end":{"line":120,"column":80}},{"start":{"line":120,"column":84},"end":{"line":120,"column":145}},{"start":{"line":121,"column":23},"end":{"line":121,"column":84}}],"line":120},"23":{"loc":{"start":{"line":124,"column":20},"end":{"line":126,"column":21}},"type":"if","locations":[{"start":{"line":124,"column":20},"end":{"line":126,"column":21}},{"start":{},"end":{}}],"line":124},"24":{"loc":{"start":{"line":124,"column":23},"end":{"line":124,"column":211}},"type":"binary-expr","locations":[{"start":{"line":124,"column":23},"end":{"line":124,"column":115}},{"start":{"line":124,"column":119},"end":{"line":124,"column":211}}],"line":124},"25":{"loc":{"start":{"line":136,"column":16},"end":{"line":141,"column":17}},"type":"if","locations":[{"start":{"line":136,"column":16},"end":{"line":141,"column":17}},{"start":{},"end":{}}],"line":136},"26":{"loc":{"start":{"line":138,"column":20},"end":{"line":140,"column":21}},"type":"if","locations":[{"start":{"line":138,"column":20},"end":{"line":140,"column":21}},{"start":{},"end":{}}],"line":138},"27":{"loc":{"start":{"line":138,"column":23},"end":{"line":138,"column":159}},"type":"binary-expr","locations":[{"start":{"line":138,"column":23},"end":{"line":138,"column":78}},{"start":{"line":138,"column":82},"end":{"line":138,"column":159}}],"line":138},"28":{"loc":{"start":{"line":144,"column":16},"end":{"line":146,"column":17}},"type":"if","locations":[{"start":{"line":144,"column":16},"end":{"line":146,"column":17}},{"start":{},"end":{}}],"line":144},"29":{"loc":{"start":{"line":144,"column":19},"end":{"line":144,"column":169}},"type":"binary-expr","locations":[{"start":{"line":144,"column":19},"end":{"line":144,"column":91}},{"start":{"line":144,"column":95},"end":{"line":144,"column":169}}],"line":144},"30":{"loc":{"start":{"line":148,"column":16},"end":{"line":150,"column":17}},"type":"if","locations":[{"start":{"line":148,"column":16},"end":{"line":150,"column":17}},{"start":{},"end":{}}],"line":148},"31":{"loc":{"start":{"line":148,"column":19},"end":{"line":148,"column":171}},"type":"binary-expr","locations":[{"start":{"line":148,"column":19},"end":{"line":148,"column":92}},{"start":{"line":148,"column":96},"end":{"line":148,"column":171}}],"line":148},"32":{"loc":{"start":{"line":152,"column":16},"end":{"line":159,"column":17}},"type":"if","locations":[{"start":{"line":152,"column":16},"end":{"line":159,"column":17}},{"start":{},"end":{}}],"line":152},"33":{"loc":{"start":{"line":153,"column":20},"end":{"line":155,"column":21}},"type":"if","locations":[{"start":{"line":153,"column":20},"end":{"line":155,"column":21}},{"start":{},"end":{}}],"line":153},"34":{"loc":{"start":{"line":156,"column":20},"end":{"line":158,"column":21}},"type":"if","locations":[{"start":{"line":156,"column":20},"end":{"line":158,"column":21}},{"start":{},"end":{}}],"line":156},"35":{"loc":{"start":{"line":162,"column":12},"end":{"line":170,"column":13}},"type":"if","locations":[{"start":{"line":162,"column":12},"end":{"line":170,"column":13}},{"start":{},"end":{}}],"line":162},"36":{"loc":{"start":{"line":164,"column":16},"end":{"line":169,"column":17}},"type":"if","locations":[{"start":{"line":164,"column":16},"end":{"line":169,"column":17}},{"start":{},"end":{}}],"line":164},"37":{"loc":{"start":{"line":164,"column":19},"end":{"line":164,"column":145}},"type":"binary-expr","locations":[{"start":{"line":164,"column":19},"end":{"line":164,"column":80}},{"start":{"line":164,"column":84},"end":{"line":164,"column":145}}],"line":164},"38":{"loc":{"start":{"line":166,"column":20},"end":{"line":168,"column":21}},"type":"if","locations":[{"start":{"line":166,"column":20},"end":{"line":168,"column":21}},{"start":{},"end":{}}],"line":166},"39":{"loc":{"start":{"line":166,"column":23},"end":{"line":166,"column":211}},"type":"binary-expr","locations":[{"start":{"line":166,"column":23},"end":{"line":166,"column":115}},{"start":{"line":166,"column":119},"end":{"line":166,"column":211}}],"line":166},"40":{"loc":{"start":{"line":171,"column":12},"end":{"line":181,"column":13}},"type":"if","locations":[{"start":{"line":171,"column":12},"end":{"line":181,"column":13}},{"start":{},"end":{}}],"line":171},"41":{"loc":{"start":{"line":173,"column":16},"end":{"line":180,"column":17}},"type":"if","locations":[{"start":{"line":173,"column":16},"end":{"line":180,"column":17}},{"start":{},"end":{}}],"line":173},"42":{"loc":{"start":{"line":173,"column":19},"end":{"line":174,"column":84}},"type":"binary-expr","locations":[{"start":{"line":173,"column":19},"end":{"line":173,"column":80}},{"start":{"line":173,"column":84},"end":{"line":173,"column":145}},{"start":{"line":174,"column":23},"end":{"line":174,"column":84}}],"line":173},"43":{"loc":{"start":{"line":177,"column":20},"end":{"line":179,"column":21}},"type":"if","locations":[{"start":{"line":177,"column":20},"end":{"line":179,"column":21}},{"start":{},"end":{}}],"line":177},"44":{"loc":{"start":{"line":177,"column":23},"end":{"line":177,"column":211}},"type":"binary-expr","locations":[{"start":{"line":177,"column":23},"end":{"line":177,"column":115}},{"start":{"line":177,"column":119},"end":{"line":177,"column":211}}],"line":177},"45":{"loc":{"start":{"line":192,"column":20},"end":{"line":194,"column":21}},"type":"if","locations":[{"start":{"line":192,"column":20},"end":{"line":194,"column":21}},{"start":{},"end":{}}],"line":192},"46":{"loc":{"start":{"line":195,"column":20},"end":{"line":202,"column":21}},"type":"if","locations":[{"start":{"line":195,"column":20},"end":{"line":202,"column":21}},{"start":{"line":200,"column":24},"end":{"line":202,"column":21}}],"line":195},"47":{"loc":{"start":{"line":196,"column":24},"end":{"line":198,"column":25}},"type":"if","locations":[{"start":{"line":196,"column":24},"end":{"line":198,"column":25}},{"start":{},"end":{}}],"line":196},"48":{"loc":{"start":{"line":217,"column":24},"end":{"line":222,"column":25}},"type":"if","locations":[{"start":{"line":217,"column":24},"end":{"line":222,"column":25}},{"start":{},"end":{}}],"line":217},"49":{"loc":{"start":{"line":218,"column":28},"end":{"line":220,"column":29}},"type":"if","locations":[{"start":{"line":218,"column":28},"end":{"line":220,"column":29}},{"start":{},"end":{}}],"line":218}},"s":{"0":1,"1":425674983,"2":46269091,"3":46269091,"4":379330246,"5":379330246,"6":75646,"7":75646,"8":8874037,"9":196291,"10":196291,"11":196291,"12":196291,"13":8677746,"14":490791,"15":197640,"16":197640,"17":197640,"18":197640,"19":293151,"20":19596870,"21":377135,"22":377135,"23":377135,"24":377135,"25":19219735,"26":881860,"27":377515,"28":377515,"29":377515,"30":377515,"31":504345,"32":12734382,"33":12734382,"34":8498950,"35":8498950,"36":8498950,"37":33956645,"38":33956645,"39":19596870,"40":19596870,"41":9638510,"42":33956645,"43":33956645,"44":1303833,"45":33956645,"46":33956645,"47":7570204,"48":33956645,"49":1402229,"50":73531,"51":1402229,"52":169,"53":8498950,"54":3731253,"55":3376559,"56":2943800,"57":8498950,"58":3480067,"59":2741440,"60":2597696,"61":4235432,"62":4235432,"63":4235432,"64":1494514,"65":1494514,"66":881860,"67":881860,"68":184184,"69":1494514,"70":1494514,"71":219589,"72":1494514,"73":1494514,"74":271202,"75":1494514,"76":56660,"77":162,"78":56660,"79":1784,"80":4235432,"81":465843,"82":446305,"83":377704,"84":4235432,"85":355623,"86":335057,"87":288324,"88":12734382,"89":12734382,"90":12734382,"91":25468764,"92":25468764,"93":22841301,"94":22841301,"95":22841301,"96":182730408,"97":182730408,"98":182730408,"99":38539158,"100":144191250,"101":45621203,"102":14090750,"103":98570047,"104":25468764,"105":12734382,"106":12734382,"107":12734382,"108":38203146,"109":38203146,"110":35695178,"111":35695178,"112":35695178,"113":160701600,"114":160701600,"115":160701600,"116":319392015,"117":77404714,"118":21631720,"119":77404714,"120":241987301,"121":241987301,"122":38203146},"f":{"0":1,"1":425674983,"2":46269091,"3":379330246,"4":75646,"5":8874037,"6":490791,"7":19596870,"8":881860,"9":12734382},"b":{"0":[196291,8677746],"1":[197640,293151],"2":[377135,19219735],"3":[377515,504345],"4":[8498950,4235432],"5":[19596870,14359775],"6":[9638510,9958360],"7":[19596870,14180886],"8":[1303833,32652812],"9":[33956645,29464312],"10":[7570204,26386441],"11":[33956645,29517859],"12":[1402229,32554416],"13":[73531,1328698],"14":[169,1402060],"15":[3731253,4767697],"16":[3376559,354694],"17":[3731253,3391039],"18":[2943800,432759],"19":[3376559,2969358],"20":[3480067,5018883],"21":[2741440,738627],"22":[3480067,3017283,2876334],"23":[2597696,143744],"24":[2741440,2621452],"25":[881860,612654],"26":[184184,697676],"27":[881860,270003],"28":[219589,1274925],"29":[1494514,1165825],"30":[271202,1223312],"31":[1494514,1385444],"32":[56660,1437854],"33":[162,56498],"34":[1784,54876],"35":[465843,3769589],"36":[446305,19538],"37":[465843,451031],"38":[377704,68601],"39":[446305,399570],"40":[355623,3879809],"41":[335057,20566],"42":[355623,343553,337027],"43":[288324,46733],"44":[335057,303510],"45":[38539158,144191250],"46":[45621203,98570047],"47":[14090750,31530453],"48":[77404714,241987301],"49":[21631720,55772994]},"_coverageSchema":"1a1c01bbd47fc00a2c39e90264f33305004495a9","hash":"eee5ede7a84c5d67d05abba55d3fc8083fb3a45b"}
,"/Users/longzheng/Documents/Code/JSChess/js/perft.js": {"path":"/Users/longzheng/Documents/Code/JSChess/js/perft.js","statementMap":{"0":{"start":{"line":3,"column":8},"end":{"line":3,"column":25}},"1":{"start":{"line":4,"column":8},"end":{"line":4,"column":27}},"2":{"start":{"line":5,"column":8},"end":{"line":5,"column":29}},"3":{"start":{"line":6,"column":8},"end":{"line":6,"column":33}},"4":{"start":{"line":7,"column":8},"end":{"line":7,"column":31}},"5":{"start":{"line":8,"column":8},"end":{"line":8,"column":24}},"6":{"start":{"line":12,"column":8},"end":{"line":15,"column":9}},"7":{"start":{"line":13,"column":12},"end":{"line":13,"column":35}},"8":{"start":{"line":14,"column":12},"end":{"line":14,"column":19}},"9":{"start":{"line":16,"column":8},"end":{"line":16,"column":47}},"10":{"start":{"line":18,"column":8},"end":{"line":25,"column":9}},"11":{"start":{"line":18,"column":20},"end":{"line":18,"column":60}},"12":{"start":{"line":19,"column":12},"end":{"line":19,"column":42}},"13":{"start":{"line":20,"column":12},"end":{"line":22,"column":13}},"14":{"start":{"line":21,"column":16},"end":{"line":21,"column":25}},"15":{"start":{"line":23,"column":12},"end":{"line":23,"column":34}},"16":{"start":{"line":24,"column":12},"end":{"line":24,"column":47}},"17":{"start":{"line":26,"column":8},"end":{"line":26,"column":15}},"18":{"start":{"line":30,"column":8},"end":{"line":30,"column":32}},"19":{"start":{"line":31,"column":8},"end":{"line":31,"column":57}},"20":{"start":{"line":32,"column":8},"end":{"line":32,"column":33}},"21":{"start":{"line":33,"column":8},"end":{"line":33,"column":47}},"22":{"start":{"line":35,"column":22},"end":{"line":35,"column":23}},"23":{"start":{"line":36,"column":8},"end":{"line":47,"column":9}},"24":{"start":{"line":36,"column":20},"end":{"line":36,"column":60}},"25":{"start":{"line":37,"column":12},"end":{"line":37,"column":42}},"26":{"start":{"line":38,"column":12},"end":{"line":40,"column":13}},"27":{"start":{"line":39,"column":16},"end":{"line":39,"column":25}},"28":{"start":{"line":41,"column":12},"end":{"line":41,"column":22}},"29":{"start":{"line":42,"column":35},"end":{"line":42,"column":55}},"30":{"start":{"line":43,"column":12},"end":{"line":43,"column":34}},"31":{"start":{"line":44,"column":12},"end":{"line":44,"column":47}},"32":{"start":{"line":45,"column":27},"end":{"line":45,"column":66}},"33":{"start":{"line":46,"column":12},"end":{"line":46,"column":93}},"34":{"start":{"line":49,"column":8},"end":{"line":49,"column":87}},"35":{"start":{"line":50,"column":8},"end":{"line":50,"column":36}}},"fnMap":{"0":{"name":"(anonymous_0)","decl":{"start":{"line":2,"column":4},"end":{"line":2,"column":5}},"loc":{"start":{"line":2,"column":54},"end":{"line":9,"column":5}},"line":2},"1":{"name":"(anonymous_1)","decl":{"start":{"line":11,"column":4},"end":{"line":11,"column":5}},"loc":{"start":{"line":11,"column":16},"end":{"line":27,"column":5}},"line":11},"2":{"name":"(anonymous_2)","decl":{"start":{"line":29,"column":4},"end":{"line":29,"column":5}},"loc":{"start":{"line":29,"column":20},"end":{"line":51,"column":5}},"line":29}},"branchMap":{"0":{"loc":{"start":{"line":12,"column":8},"end":{"line":15,"column":9}},"type":"if","locations":[{"start":{"line":12,"column":8},"end":{"line":15,"column":9}},{"start":{},"end":{}}],"line":12},"1":{"loc":{"start":{"line":20,"column":12},"end":{"line":22,"column":13}},"type":"if","locations":[{"start":{"line":20,"column":12},"end":{"line":22,"column":13}},{"start":{},"end":{}}],"line":20},"2":{"loc":{"start":{"line":38,"column":12},"end":{"line":40,"column":13}},"type":"if","locations":[{"start":{"line":38,"column":12},"end":{"line":40,"column":13}},{"start":{},"end":{}}],"line":38}},"s":{"0":1,"1":1,"2":1,"3":1,"4":1,"5":1,"6":395673136,"7":382938880,"8":382938880,"9":12734256,"10":12734256,"11":12734256,"12":425673414,"13":425673414,"14":30001686,"15":395671728,"16":395671728,"17":12734256,"18":126,"19":126,"20":126,"21":126,"22":126,"23":126,"24":126,"25":1569,"26":1569,"27":161,"28":1408,"29":1408,"30":1408,"31":1408,"32":1408,"33":1408,"34":126,"35":126},"f":{"0":1,"1":395673136,"2":126},"b":{"0":[382938880,12734256],"1":[30001686,395671728],"2":[161,1408]},"_coverageSchema":"1a1c01bbd47fc00a2c39e90264f33305004495a9","hash":"14f5b87fd87bea640c5c4068498fef8dd34d2728"}
}
