TN:
SF:src/board.js
FN:79,CheckBoard
FN:134,PrintBoard
FN:173,GeneratePosKey
FN:192,PrintPieceList
FN:200,UpdateListsMaterial
FN:220,ResetBoard
FN:258,ParseFen
FN:268,(anonymous_7)
FN:270,(anonymous_8)
FN:290,(anonymous_9)
FN:315,SquareAttacked
FN:382,PrintSquareAttacked
FN:402,InitBoardVariables
FN:414,IsSquareOffBoard
FN:421,HashPiece
FN:425,HashCastle
FN:429,HashSide
FN:433,HashEnPassant
FNF:18
FNH:17
FNDA:0,CheckBoard
FNDA:126,PrintBoard
FNDA:127,GeneratePosKey
FNDA:127,PrintPieceList
FNDA:127,UpdateListsMaterial
FNDA:127,ResetBoard
FNDA:127,ParseFen
FNDA:1016,(anonymous_7)
FNDA:1924,(anonymous_8)
FNDA:170,(anonymous_9)
FNDA:438876362,SquareAttacked
FNDA:127,PrintSquareAttacked
FNDA:2,InitBoardVariables
FNDA:656321747,IsSquareOffBoard
FNDA:1838596798,HashPiece
FNDA:1702699932,HashCastle
FNDA:851349966,HashSide
FNDA:34456400,HashEnPassant
DA:33,2
DA:35,2
DA:37,2
DA:39,2
DA:40,2
DA:42,2
DA:44,2
DA:45,2
DA:46,2
DA:48,2
DA:54,2
DA:57,2
DA:59,2
DA:64,2
DA:70,2
DA:72,2
DA:75,2
DA:76,2
DA:77,2
DA:80,0
DA:81,0
DA:82,0
DA:84,0
DA:85,0
DA:86,0
DA:91,0
DA:92,0
DA:93,0
DA:94,0
DA:95,0
DA:96,0
DA:101,0
DA:102,0
DA:103,0
DA:104,0
DA:105,0
DA:108,0
DA:109,0
DA:110,0
DA:111,0
DA:115,0
DA:118,0
DA:119,0
DA:122,0
DA:123,0
DA:124,0
DA:127,0
DA:128,0
DA:129,0
DA:131,0
DA:136,126
DA:137,126
DA:138,1008
DA:139,1008
DA:140,8064
DA:141,8064
DA:142,8064
DA:144,1008
DA:146,126
DA:147,126
DA:148,1008
DA:151,126
DA:152,126
DA:153,126
DA:154,126
DA:156,126
DA:157,20
DA:159,126
DA:160,18
DA:162,126
DA:163,20
DA:165,126
DA:166,18
DA:169,126
DA:170,126
DA:174,127
DA:176,127
DA:177,15240
DA:178,15240
DA:179,666
DA:182,127
DA:183,64
DA:185,127
DA:186,0
DA:188,127
DA:189,127
DA:193,127
DA:194,1524
DA:195,666
DA:202,127
DA:203,127
DA:204,127
DA:207,127
DA:208,8128
DA:209,8128
DA:210,8128
DA:211,666
DA:212,666
DA:213,666
DA:214,666
DA:217,127
DA:222,127
DA:229,127
DA:230,8128
DA:232,127
DA:233,127
DA:234,127
DA:235,127
DA:236,127
DA:237,127
DA:238,127
DA:239,127
DA:259,127
DA:260,127
DA:261,127
DA:262,127
DA:263,127
DA:264,127
DA:265,127
DA:268,127
DA:269,1016
DA:270,1016
DA:271,1924
DA:272,1924
DA:273,0
DA:274,0
DA:276,1924
DA:278,666
DA:282,1258
DA:285,1016
DA:288,127
DA:290,127
DA:291,170
DA:292,170
DA:293,0
DA:294,0
DA:296,170
DA:297,80
DA:301,127
DA:302,0
DA:303,0
DA:304,0
DA:305,0
DA:307,127
DA:308,127
DA:309,127
DA:317,438876362
DA:318,115088884
DA:319,223498
DA:323,323787478
DA:324,736979
DA:329,437915885
DA:330,3498080588
DA:331,3498080588
DA:332,1504319
DA:337,436411566
DA:338,1708395621
DA:339,1708395621
DA:340,1708395621
DA:341,1708395621
DA:342,4282717934
DA:343,841475812
DA:344,23698808
DA:346,817777004
DA:348,3441242122
DA:349,3441242122
DA:354,412712758
DA:355,1647368930
DA:356,1647368930
DA:357,1647368930
DA:358,1647368930
DA:359,2147907444
DA:360,513054709
DA:361,3677439
DA:363,509377270
DA:365,1634852735
DA:366,1634852735
DA:371,409035319
DA:372,3269571664
DA:373,3269571664
DA:374,854141
DA:378,408181178
DA:384,127
DA:385,127
DA:386,1016
DA:387,1016
DA:388,8128
DA:389,8128
DA:390,1500
DA:393,6628
DA:395,8128
DA:397,1016
DA:399,127
DA:403,2
DA:404,4096
DA:415,656321747
DA:416,131204978
DA:418,525116769
DA:422,1838596798
DA:426,1702699932
DA:430,851349966
DA:434,34456400
DA:437,2
LF:203
LH:163
BRDA:94,0,0,0
BRDA:94,0,1,0
BRDA:109,1,0,0
BRDA:109,1,1,0
BRDA:115,2,0,0
BRDA:115,2,1,0
BRDA:115,3,0,0
BRDA:115,3,1,0
BRDA:122,4,0,0
BRDA:122,4,1,0
BRDA:122,5,0,0
BRDA:122,5,1,0
BRDA:127,6,0,0
BRDA:127,6,1,0
BRDA:156,7,0,20
BRDA:156,7,1,106
BRDA:159,8,0,18
BRDA:159,8,1,108
BRDA:162,9,0,20
BRDA:162,9,1,106
BRDA:165,10,0,18
BRDA:165,10,1,108
BRDA:178,11,0,666
BRDA:178,11,1,14574
BRDA:178,12,0,15240
BRDA:178,12,1,7778
BRDA:182,13,0,64
BRDA:182,13,1,63
BRDA:185,14,0,0
BRDA:185,14,1,127
BRDA:210,15,0,666
BRDA:210,15,1,7462
BRDA:272,16,0,0
BRDA:272,16,1,1924
BRDA:276,17,0,666
BRDA:276,17,1,1258
BRDA:288,18,0,64
BRDA:288,18,1,63
BRDA:292,19,0,0
BRDA:292,19,1,170
BRDA:296,20,0,80
BRDA:296,20,1,90
BRDA:301,21,0,0
BRDA:301,21,1,127
BRDA:317,22,0,115088884
BRDA:317,22,1,323787478
BRDA:318,23,0,223498
BRDA:318,23,1,114865386
BRDA:318,24,0,115088884
BRDA:318,24,1,114871431
BRDA:323,25,0,736979
BRDA:323,25,1,323050499
BRDA:323,26,0,323787478
BRDA:323,26,1,323167390
BRDA:331,27,0,1504319
BRDA:331,27,1,3496576269
BRDA:331,28,0,3498080588
BRDA:331,28,1,2045299349
BRDA:331,28,2,50600528
BRDA:342,29,0,841475812
BRDA:342,29,1,3441242122
BRDA:343,30,0,23698808
BRDA:343,30,1,817777004
BRDA:343,31,0,841475812
BRDA:343,31,1,470489896
BRDA:359,32,0,513054709
BRDA:359,32,1,1634852735
BRDA:360,33,0,3677439
BRDA:360,33,1,509377270
BRDA:360,34,0,513054709
BRDA:360,34,1,157103232
BRDA:373,35,0,854141
BRDA:373,35,1,3268717523
BRDA:373,36,0,3269571664
BRDA:373,36,1,2336497473
BRDA:373,36,2,21777969
BRDA:389,37,0,1500
BRDA:389,37,1,6628
BRDA:415,38,0,131204978
BRDA:415,38,1,525116769
BRF:80
BRH:62
end_of_record
TN:
SF:src/defs.js
FN:112,RAND_31
FN:123,square64
FN:133,square120
FN:140,pieceIndex
FN:144,InitFilesRanksBoard
FN:157,InitHashKeys
FN:170,InitSquare120ToSquare64
FN:188,FileRankToSquare
FN:222,getFromSquare
FN:225,getToSquare
FN:228,getCapturedPiece
FN:231,getPromotion
FNF:12
FNH:11
FNDA:4731,RAND_31
FNDA:0,square64
FNDA:16256,square120
FNDA:3136170222,pieceIndex
FNDA:4,InitFilesRanksBoard
FNDA:3,InitHashKeys
FNDA:4,InitSquare120ToSquare64
FNDA:17434,FileRankToSquare
FNDA:851351374,getFromSquare
FNDA:851351374,getToSquare
FNDA:851349966,getCapturedPiece
FNDA:851351374,getPromotion
DA:1,3
DA:4,3
DA:5,3
DA:7,3
DA:9,3
DA:12,3
DA:14,3
DA:17,3
DA:23,3
DA:25,3
DA:26,3
DA:27,3
DA:28,3
DA:29,3
DA:31,3
DA:32,3
DA:33,3
DA:35,3
DA:37,3
DA:38,3
DA:39,3
DA:40,3
DA:43,3
DA:44,3
DA:45,3
DA:46,3
DA:47,3
DA:51,3
DA:52,3
DA:53,3
DA:54,3
DA:55,3
DA:57,3
DA:59,3
DA:60,3
DA:61,3
DA:62,3
DA:64,3
DA:65,3
DA:67,3
DA:68,3
DA:69,3
DA:70,3
DA:77,3
DA:80,3
DA:81,3
DA:84,3
DA:85,3
DA:87,3
DA:89,3
DA:95,3
DA:113,4731
DA:124,0
DA:134,16256
DA:141,3136170222
DA:145,4
DA:146,4
DA:148,4
DA:149,32
DA:150,256
DA:151,256
DA:152,256
DA:160,3
DA:161,4680
DA:163,3
DA:164,3
DA:165,48
DA:171,4
DA:172,4
DA:174,4
DA:175,4
DA:176,4
DA:177,32
DA:178,256
DA:179,256
DA:180,256
DA:189,17434
DA:190,17434
DA:191,17434
DA:223,851351374
DA:226,851351374
DA:229,851349966
DA:232,851351374
DA:235,3
DA:236,3
DA:237,3
DA:239,3
DA:240,3
DA:242,3
DA:244,3
DA:246,3
LF:91
LH:90
BRF:0
BRH:0
end_of_record
TN:
SF:src/io.js
FN:7,PrintSquare
FN:11,PrintMove
FN:41,PrintMoveList
FNF:3
FNH:2
FNDA:666,PrintSquare
FNDA:1408,PrintMove
FNDA:0,PrintMoveList
DA:1,2
DA:5,2
DA:8,666
DA:12,1408
DA:13,1408
DA:14,1408
DA:15,1408
DA:16,1408
DA:17,1408
DA:19,1408
DA:20,1408
DA:22,1408
DA:23,1408
DA:24,80
DA:25,80
DA:26,20
DA:28,60
DA:30,20
DA:32,40
DA:34,20
DA:36,80
DA:38,1408
DA:43,0
DA:44,0
DA:45,0
DA:46,0
DA:47,0
DA:51,2
LF:28
LH:23
BRDA:23,0,0,80
BRDA:23,0,1,1328
BRDA:25,1,0,20
BRDA:25,1,1,60
BRDA:28,2,0,20
BRDA:28,2,1,40
BRDA:28,3,0,60
BRDA:28,3,1,40
BRDA:32,4,0,20
BRDA:32,4,1,20
BRDA:32,5,0,40
BRDA:32,5,1,20
BRF:12
BRH:12
end_of_record
TN:
SF:src/makemove.js
FN:27,ClearPiece
FN:46,AddPiece
FN:54,MovePiece
FN:70,MakeMove
FN:161,UndoMove
FNF:5
FNH:5
FNDA:55533385,ClearPiece
FNDA:55533385,AddPiece
FNDA:863765014,MovePiece
FNDA:425674983,MakeMove
FNDA:425674983,UndoMove
DA:6,1
DA:25,1
DA:28,55533385
DA:29,55533385
DA:30,55533385
DA:32,55533385
DA:33,55533385
DA:34,55533385
DA:36,55533385
DA:37,159540508
DA:38,55533385
DA:39,55533385
DA:43,55533385
DA:47,55533385
DA:48,55533385
DA:49,55533385
DA:50,55533385
DA:51,55533385
DA:55,863765014
DA:56,863765014
DA:57,863765014
DA:59,863765014
DA:60,863765014
DA:62,863765014
DA:63,1426600592
DA:64,863765014
DA:65,863765014
DA:71,425674983
DA:72,425674983
DA:73,425674983
DA:75,425674983
DA:76,425674983
DA:78,75646
DA:79,73700
DA:82,1946
DA:85,425599337
DA:87,6207524
DA:89,2597696
DA:90,2597696
DA:92,288324
DA:93,288324
DA:95,2943800
DA:96,2943800
DA:98,377704
DA:99,377704
DA:101,0
DA:102,0
DA:106,425674983
DA:107,7405506
DA:109,425674983
DA:110,425674983
DA:111,425674983
DA:112,425674983
DA:113,425674983
DA:115,425674983
DA:116,425674983
DA:117,425674983
DA:118,425674983
DA:120,425674983
DA:121,425674983
DA:122,425674983
DA:123,46269091
DA:124,46269091
DA:126,425674983
DA:127,425674983
DA:129,425674983
DA:130,43187641
DA:131,43187641
DA:132,9822694
DA:133,9638510
DA:136,184184
DA:138,9822694
DA:142,425674983
DA:143,425674983
DA:144,425674983
DA:145,4594324
DA:146,4594324
DA:149,425674983
DA:150,425674983
DA:153,425674983
DA:154,30001847
DA:155,30001847
DA:157,395673136
DA:162,425674983
DA:163,425674983
DA:165,425674983
DA:166,425674983
DA:167,425674983
DA:168,425674983
DA:170,425674983
DA:171,9822694
DA:173,425674983
DA:175,425674983
DA:176,425674983
DA:177,425674983
DA:179,425674983
DA:180,7405506
DA:182,425674983
DA:184,425674983
DA:185,425674983
DA:187,425674983
DA:188,75646
DA:189,73700
DA:192,1946
DA:195,425599337
DA:196,6207524
DA:198,2597696
DA:199,2597696
DA:201,288324
DA:202,288324
DA:204,2943800
DA:205,2943800
DA:207,377704
DA:208,377704
DA:210,0
DA:211,0
DA:215,425674983
DA:216,425674983
DA:217,425674983
DA:218,46269091
DA:221,425674983
DA:222,425674983
DA:223,4594324
DA:224,4594324
DA:228,1
LF:125
LH:121
BRDA:37,0,0,55533385
BRDA:37,0,1,104007123
BRDA:63,1,0,863765014
BRDA:63,1,1,562835578
BRDA:76,2,0,75646
BRDA:76,2,1,425599337
BRDA:78,3,0,73700
BRDA:78,3,1,1946
BRDA:85,4,0,6207524
BRDA:85,4,1,419391813
BRDA:87,5,0,2597696
BRDA:87,5,1,288324
BRDA:87,5,2,2943800
BRDA:87,5,3,377704
BRDA:87,5,4,0
BRDA:106,6,0,7405506
BRDA:106,6,1,418269477
BRDA:122,7,0,46269091
BRDA:122,7,1,379405892
BRDA:129,8,0,43187641
BRDA:129,8,1,382487342
BRDA:131,9,0,9822694
BRDA:131,9,1,33364947
BRDA:132,10,0,9638510
BRDA:132,10,1,184184
BRDA:144,11,0,4594324
BRDA:144,11,1,421080659
BRDA:153,12,0,30001847
BRDA:153,12,1,395673136
BRDA:170,13,0,9822694
BRDA:170,13,1,415852289
BRDA:179,14,0,7405506
BRDA:179,14,1,418269477
BRDA:187,15,0,75646
BRDA:187,15,1,425599337
BRDA:188,16,0,73700
BRDA:188,16,1,1946
BRDA:195,17,0,6207524
BRDA:195,17,1,419391813
BRDA:196,18,0,2597696
BRDA:196,18,1,288324
BRDA:196,18,2,2943800
BRDA:196,18,3,377704
BRDA:196,18,4,0
BRDA:217,19,0,46269091
BRDA:217,19,1,379405892
BRDA:222,20,0,4594324
BRDA:222,20,1,421080659
BRDA:224,21,0,2293704
BRDA:224,21,1,2300620
BRF:50
BRH:48
end_of_record
TN:
SF:src/movegen.js
FN:25,MOVE
FN:29,AddCaptureMove
FN:35,AddQuietMove
FN:40,AddEnPassantMove
FN:45,AddWhitePawnCaptureMove
FN:57,AddBlackPawnCaptureMove
FN:69,AddWhitePawnQuietMove
FN:81,AddBlackPawnQuietMove
FN:97,GenerateMoves
FNF:9
FNH:9
FNDA:425674983,MOVE
FNDA:46269091,AddCaptureMove
FNDA:379330246,AddQuietMove
FNDA:75646,AddEnPassantMove
FNDA:8874037,AddWhitePawnCaptureMove
FNDA:490791,AddBlackPawnCaptureMove
FNDA:19596870,AddWhitePawnQuietMove
FNDA:881860,AddBlackPawnQuietMove
FNDA:12734382,GenerateMoves
DA:3,1
DA:23,1
DA:26,425674983
DA:30,46269091
DA:31,46269091
DA:36,379330246
DA:37,379330246
DA:41,75646
DA:42,75646
DA:46,8874037
DA:47,196291
DA:48,196291
DA:49,196291
DA:50,196291
DA:53,8677746
DA:58,490791
DA:59,197640
DA:60,197640
DA:61,197640
DA:62,197640
DA:65,293151
DA:70,19596870
DA:71,377135
DA:72,377135
DA:73,377135
DA:74,377135
DA:77,19219735
DA:82,881860
DA:83,377515
DA:84,377515
DA:85,377515
DA:86,377515
DA:89,504345
DA:98,12734382
DA:100,12734382
DA:101,8498950
DA:103,8498950
DA:104,33956645
DA:106,33956645
DA:107,19596870
DA:108,19596870
DA:109,9638510
DA:113,33956645
DA:114,33956645
DA:115,1303833
DA:117,33956645
DA:118,33956645
DA:119,7570204
DA:122,33956645
DA:123,1402229
DA:124,73531
DA:126,1402229
DA:127,169
DA:132,8498950
DA:134,3731253
DA:136,3376559
DA:137,2943800
DA:141,8498950
DA:143,3480067
DA:147,2741440
DA:148,2597696
DA:154,4235432
DA:156,4235432
DA:157,1494514
DA:159,1494514
DA:160,881860
DA:161,881860
DA:162,184184
DA:166,1494514
DA:167,1494514
DA:168,219589
DA:170,1494514
DA:171,1494514
DA:172,271202
DA:175,1494514
DA:176,56660
DA:177,162
DA:179,56660
DA:180,1784
DA:185,4235432
DA:187,465843
DA:189,446305
DA:190,377704
DA:194,4235432
DA:196,355623
DA:200,335057
DA:201,288324
DA:207,12734382
DA:208,12734382
DA:209,12734382
DA:210,25468764
DA:211,22841301
DA:212,22841301
DA:213,182730408
DA:214,182730408
DA:215,182730408
DA:216,38539158
DA:218,144191250
DA:219,45621203
DA:220,14090750
DA:224,98570047
DA:228,25468764
DA:231,12734382
DA:232,12734382
DA:233,12734382
DA:234,38203146
DA:235,35695178
DA:236,35695178
DA:237,160701600
DA:238,160701600
DA:239,160701600
DA:240,319392015
DA:241,77404714
DA:242,21631720
DA:244,77404714
DA:246,241987301
DA:247,241987301
DA:251,38203146
DA:255,1
LF:119
LH:119
BRDA:46,0,0,196291
BRDA:46,0,1,8677746
BRDA:58,1,0,197640
BRDA:58,1,1,293151
BRDA:70,2,0,377135
BRDA:70,2,1,19219735
BRDA:82,3,0,377515
BRDA:82,3,1,504345
BRDA:100,4,0,8498950
BRDA:100,4,1,4235432
BRDA:106,5,0,19596870
BRDA:106,5,1,14359775
BRDA:108,6,0,9638510
BRDA:108,6,1,9958360
BRDA:108,7,0,19596870
BRDA:108,7,1,14180886
BRDA:114,8,0,1303833
BRDA:114,8,1,32652812
BRDA:114,9,0,33956645
BRDA:114,9,1,29464312
BRDA:118,10,0,7570204
BRDA:118,10,1,26386441
BRDA:118,11,0,33956645
BRDA:118,11,1,29517859
BRDA:122,12,0,1402229
BRDA:122,12,1,32554416
BRDA:123,13,0,73531
BRDA:123,13,1,1328698
BRDA:126,14,0,169
BRDA:126,14,1,1402060
BRDA:132,15,0,3731253
BRDA:132,15,1,4767697
BRDA:134,16,0,3376559
BRDA:134,16,1,354694
BRDA:134,17,0,3731253
BRDA:134,17,1,3391039
BRDA:136,18,0,2943800
BRDA:136,18,1,432759
BRDA:136,19,0,3376559
BRDA:136,19,1,2969358
BRDA:141,20,0,3480067
BRDA:141,20,1,5018883
BRDA:143,21,0,2741440
BRDA:143,21,1,738627
BRDA:143,22,0,3480067
BRDA:143,22,1,3017283
BRDA:143,22,2,2876334
BRDA:147,23,0,2597696
BRDA:147,23,1,143744
BRDA:147,24,0,2741440
BRDA:147,24,1,2621452
BRDA:159,25,0,881860
BRDA:159,25,1,612654
BRDA:161,26,0,184184
BRDA:161,26,1,697676
BRDA:161,27,0,881860
BRDA:161,27,1,270003
BRDA:167,28,0,219589
BRDA:167,28,1,1274925
BRDA:167,29,0,1494514
BRDA:167,29,1,1165825
BRDA:171,30,0,271202
BRDA:171,30,1,1223312
BRDA:171,31,0,1494514
BRDA:171,31,1,1385444
BRDA:175,32,0,56660
BRDA:175,32,1,1437854
BRDA:176,33,0,162
BRDA:176,33,1,56498
BRDA:179,34,0,1784
BRDA:179,34,1,54876
BRDA:185,35,0,465843
BRDA:185,35,1,3769589
BRDA:187,36,0,446305
BRDA:187,36,1,19538
BRDA:187,37,0,465843
BRDA:187,37,1,451031
BRDA:189,38,0,377704
BRDA:189,38,1,68601
BRDA:189,39,0,446305
BRDA:189,39,1,399570
BRDA:194,40,0,355623
BRDA:194,40,1,3879809
BRDA:196,41,0,335057
BRDA:196,41,1,20566
BRDA:196,42,0,355623
BRDA:196,42,1,343553
BRDA:196,42,2,337027
BRDA:200,43,0,288324
BRDA:200,43,1,46733
BRDA:200,44,0,335057
BRDA:200,44,1,303510
BRDA:215,45,0,38539158
BRDA:215,45,1,144191250
BRDA:218,46,0,45621203
BRDA:218,46,1,98570047
BRDA:219,47,0,14090750
BRDA:219,47,1,31530453
BRDA:240,48,0,77404714
BRDA:240,48,1,241987301
BRDA:241,49,0,21631720
BRDA:241,49,1,55772994
BRF:102
BRH:102
end_of_record
TN:
SF:src/perft.js
FN:13,Perft
FN:31,PerftTest
FNF:2
FNH:2
FNDA:395673136,Perft
FNDA:126,PerftTest
DA:1,1
DA:3,1
DA:5,1
DA:7,1
DA:9,1
DA:14,395673136
DA:15,382938880
DA:16,382938880
DA:18,12734256
DA:20,12734256
DA:21,425673414
DA:22,425673414
DA:23,30001686
DA:25,395671728
DA:26,395671728
DA:28,12734256
DA:32,126
DA:33,126
DA:34,126
DA:35,126
DA:37,126
DA:38,126
DA:39,1569
DA:40,1569
DA:41,161
DA:43,1408
DA:44,1408
DA:45,1408
DA:46,1408
DA:47,1408
DA:48,1408
DA:51,126
DA:52,126
DA:55,1
LF:34
LH:34
BRDA:14,0,0,382938880
BRDA:14,0,1,12734256
BRDA:22,1,0,30001686
BRDA:22,1,1,395671728
BRDA:40,2,0,161
BRDA:40,2,1,1408
BRF:6
BRH:6
end_of_record
