TN:
SF:js/board.js
FN:2,(anonymous_0)
FN:46,(anonymous_1)
FN:58,(anonymous_2)
FN:113,(anonymous_3)
FN:152,(anonymous_4)
FN:171,(anonymous_5)
FN:179,(anonymous_6)
FN:199,(anonymous_7)
FN:221,(anonymous_8)
FN:231,(anonymous_9)
FN:233,(anonymous_10)
FN:253,(anonymous_11)
FN:275,(anonymous_12)
FN:345,(anonymous_13)
FNF:14
FNH:13
FNDA:2,(anonymous_0)
FNDA:2,(anonymous_1)
FNDA:0,(anonymous_2)
FNDA:126,(anonymous_3)
FNDA:127,(anonymous_4)
FNDA:127,(anonymous_5)
FNDA:127,(anonymous_6)
FNDA:127,(anonymous_7)
FNDA:127,(anonymous_8)
FNDA:1016,(anonymous_9)
FNDA:1924,(anonymous_10)
FNDA:170,(anonymous_11)
FNDA:438876362,(anonymous_12)
FNDA:127,(anonymous_13)
DA:3,2
DA:4,2
DA:5,2
DA:6,2
DA:8,2
DA:10,2
DA:11,2
DA:12,2
DA:14,2
DA:20,2
DA:23,2
DA:25,2
DA:30,2
DA:36,2
DA:38,2
DA:41,2
DA:42,2
DA:43,2
DA:47,2
DA:48,4096
DA:59,0
DA:60,0
DA:61,0
DA:63,0
DA:64,0
DA:65,0
DA:70,0
DA:71,0
DA:72,0
DA:73,0
DA:74,0
DA:75,0
DA:80,0
DA:81,0
DA:82,0
DA:83,0
DA:84,0
DA:87,0
DA:88,0
DA:89,0
DA:90,0
DA:94,0
DA:97,0
DA:98,0
DA:101,0
DA:102,0
DA:103,0
DA:106,0
DA:107,0
DA:108,0
DA:110,0
DA:115,126
DA:116,126
DA:117,1008
DA:118,1008
DA:119,8064
DA:120,8064
DA:121,8064
DA:123,1008
DA:125,126
DA:126,126
DA:127,1008
DA:130,126
DA:131,126
DA:132,126
DA:133,126
DA:135,126
DA:136,20
DA:138,126
DA:139,18
DA:141,126
DA:142,20
DA:144,126
DA:145,18
DA:148,126
DA:149,126
DA:153,127
DA:155,127
DA:156,15240
DA:157,15240
DA:158,666
DA:161,127
DA:162,64
DA:164,127
DA:165,0
DA:167,127
DA:168,127
DA:172,127
DA:173,1524
DA:174,666
DA:181,127
DA:182,127
DA:183,127
DA:186,127
DA:187,8128
DA:188,8128
DA:189,8128
DA:190,666
DA:191,666
DA:192,666
DA:193,666
DA:196,127
DA:201,127
DA:208,127
DA:209,8128
DA:211,127
DA:212,127
DA:213,127
DA:214,127
DA:215,127
DA:216,127
DA:217,127
DA:218,127
DA:222,127
DA:223,127
DA:224,127
DA:225,127
DA:226,127
DA:227,127
DA:228,127
DA:231,127
DA:232,1016
DA:233,1016
DA:234,1924
DA:235,1924
DA:236,0
DA:237,0
DA:239,1924
DA:241,666
DA:245,1258
DA:248,1016
DA:251,127
DA:253,127
DA:254,170
DA:255,170
DA:256,90
DA:257,90
DA:259,80
DA:261,127
DA:262,0
DA:263,0
DA:264,0
DA:265,0
DA:267,127
DA:268,127
DA:269,127
DA:277,438876362
DA:278,115088884
DA:279,223498
DA:283,323787478
DA:284,736979
DA:289,437915885
DA:290,3498080588
DA:291,3498080588
DA:293,1504319
DA:298,436411566
DA:299,1708395621
DA:300,1708395621
DA:301,1708395621
DA:302,1708395621
DA:303,4282717934
DA:304,841475812
DA:306,23698808
DA:308,817777004
DA:310,3441242122
DA:311,3441242122
DA:316,412712758
DA:317,1647368930
DA:318,1647368930
DA:319,1647368930
DA:320,1647368930
DA:321,2147907444
DA:322,513054709
DA:324,3677439
DA:326,509377270
DA:328,1634852735
DA:329,1634852735
DA:334,409035319
DA:335,3269571664
DA:336,3269571664
DA:338,854141
DA:342,408181178
DA:348,127
DA:349,127
DA:350,1016
DA:351,1016
DA:352,8128
DA:353,8128
DA:354,1500
DA:357,6628
DA:359,8128
DA:361,1016
DA:363,127
LF:193
LH:155
BRDA:73,0,0,0
BRDA:73,0,1,0
BRDA:88,1,0,0
BRDA:88,1,1,0
BRDA:94,2,0,0
BRDA:94,2,1,0
BRDA:94,3,0,0
BRDA:94,3,1,0
BRDA:101,4,0,0
BRDA:101,4,1,0
BRDA:101,5,0,0
BRDA:101,5,1,0
BRDA:106,6,0,0
BRDA:106,6,1,0
BRDA:135,7,0,20
BRDA:135,7,1,106
BRDA:138,8,0,18
BRDA:138,8,1,108
BRDA:141,9,0,20
BRDA:141,9,1,106
BRDA:144,10,0,18
BRDA:144,10,1,108
BRDA:157,11,0,666
BRDA:157,11,1,14574
BRDA:157,12,0,15240
BRDA:157,12,1,7778
BRDA:161,13,0,64
BRDA:161,13,1,63
BRDA:164,14,0,0
BRDA:164,14,1,127
BRDA:189,15,0,666
BRDA:189,15,1,7462
BRDA:235,16,0,0
BRDA:235,16,1,1924
BRDA:239,17,0,666
BRDA:239,17,1,1258
BRDA:251,18,0,64
BRDA:251,18,1,63
BRDA:255,19,0,90
BRDA:255,19,1,80
BRDA:261,20,0,0
BRDA:261,20,1,127
BRDA:277,21,0,115088884
BRDA:277,21,1,323787478
BRDA:278,22,0,223498
BRDA:278,22,1,114865386
BRDA:278,23,0,115088884
BRDA:278,23,1,114871431
BRDA:283,24,0,736979
BRDA:283,24,1,323050499
BRDA:283,25,0,323787478
BRDA:283,25,1,323167390
BRDA:291,26,0,1504319
BRDA:291,26,1,3496576269
BRDA:291,27,0,3498080588
BRDA:291,27,1,2045299349
BRDA:291,27,2,50600528
BRDA:303,28,0,841475812
BRDA:303,28,1,3441242122
BRDA:304,29,0,23698808
BRDA:304,29,1,817777004
BRDA:304,30,0,841475812
BRDA:304,30,1,470489896
BRDA:321,31,0,513054709
BRDA:321,31,1,1634852735
BRDA:322,32,0,3677439
BRDA:322,32,1,509377270
BRDA:322,33,0,513054709
BRDA:322,33,1,157103232
BRDA:336,34,0,854141
BRDA:336,34,1,3268717523
BRDA:336,35,0,3269571664
BRDA:336,35,1,2336497473
BRDA:336,35,2,21777969
BRDA:353,36,0,1500
BRDA:353,36,1,6628
BRF:76
BRH:59
end_of_record
TN:
SF:js/defs.js
FN:2,(anonymous_0)
FN:150,(anonymous_1)
FN:167,(anonymous_2)
FN:173,(anonymous_3)
FN:185,(anonymous_4)
FN:190,(anonymous_5)
FN:211,(anonymous_6)
FN:221,(anonymous_7)
FN:228,(anonymous_8)
FN:232,(anonymous_9)
FN:235,(anonymous_10)
FN:238,(anonymous_11)
FN:241,(anonymous_12)
FN:245,(anonymous_13)
FN:249,(anonymous_14)
FN:253,(anonymous_15)
FN:257,(anonymous_16)
FN:261,(anonymous_17)
FNF:18
FNH:17
FNDA:3,(anonymous_0)
FNDA:3,(anonymous_1)
FNDA:17306,(anonymous_2)
FNDA:3,(anonymous_3)
FNDA:5091,(anonymous_4)
FNDA:3,(anonymous_5)
FNDA:0,(anonymous_6)
FNDA:16256,(anonymous_7)
FNDA:3136170222,(anonymous_8)
FNDA:851351374,(anonymous_9)
FNDA:851351374,(anonymous_10)
FNDA:851349966,(anonymous_11)
FNDA:851351374,(anonymous_12)
FNDA:1838596798,(anonymous_13)
FNDA:1702699932,(anonymous_14)
FNDA:851349966,(anonymous_15)
FNDA:34456400,(anonymous_16)
FNDA:656321747,(anonymous_17)
DA:3,3
DA:6,3
DA:7,3
DA:9,3
DA:12,3
DA:15,3
DA:17,3
DA:20,3
DA:26,3
DA:28,3
DA:29,3
DA:30,3
DA:33,3
DA:35,3
DA:36,3
DA:38,3
DA:40,3
DA:41,3
DA:42,3
DA:43,3
DA:46,3
DA:47,3
DA:48,3
DA:49,3
DA:50,3
DA:54,3
DA:55,3
DA:56,3
DA:57,3
DA:58,3
DA:60,3
DA:62,3
DA:63,3
DA:64,3
DA:65,3
DA:67,3
DA:68,3
DA:70,3
DA:71,3
DA:72,3
DA:73,3
DA:80,3
DA:81,3
DA:83,3
DA:84,3
DA:86,3
DA:87,3
DA:88,3
DA:90,3
DA:96,3
DA:139,3
DA:140,3
DA:141,3
DA:143,3
DA:144,3
DA:146,3
DA:147,3
DA:151,3
DA:152,3
DA:154,3
DA:155,24
DA:156,192
DA:157,192
DA:158,192
DA:168,17306
DA:169,17306
DA:170,17306
DA:176,3
DA:177,5040
DA:179,3
DA:180,3
DA:181,48
DA:186,5091
DA:191,3
DA:192,3
DA:194,3
DA:195,3
DA:196,3
DA:197,24
DA:198,192
DA:199,192
DA:200,192
DA:212,0
DA:222,16256
DA:229,3136170222
DA:233,851351374
DA:236,851351374
DA:239,851349966
DA:242,851351374
DA:246,1838596798
DA:250,1702699932
DA:254,851349966
DA:258,34456400
DA:262,656321747
DA:263,131204978
DA:265,525116769
LF:96
LH:95
BRDA:262,0,0,131204978
BRDA:262,0,1,525116769
BRF:2
BRH:2
end_of_record
TN:
SF:js/io.js
FN:2,(anonymous_0)
FN:6,(anonymous_1)
FN:11,(anonymous_2)
FN:41,(anonymous_3)
FNF:4
FNH:3
FNDA:2,(anonymous_0)
FNDA:666,(anonymous_1)
FNDA:1408,(anonymous_2)
FNDA:0,(anonymous_3)
DA:3,2
DA:7,666
DA:12,1408
DA:13,1408
DA:14,1408
DA:15,1408
DA:16,1408
DA:17,1408
DA:19,1408
DA:20,1408
DA:22,1408
DA:23,1408
DA:24,80
DA:25,80
DA:26,20
DA:28,60
DA:30,20
DA:32,40
DA:34,20
DA:36,80
DA:38,1408
DA:43,0
DA:44,0
DA:45,0
DA:46,0
DA:47,0
LF:26
LH:21
BRDA:23,0,0,80
BRDA:23,0,1,1328
BRDA:25,1,0,20
BRDA:25,1,1,60
BRDA:28,2,0,20
BRDA:28,2,1,40
BRDA:28,3,0,60
BRDA:28,3,1,40
BRDA:32,4,0,20
BRDA:32,4,1,20
BRDA:32,5,0,40
BRDA:32,5,1,20
BRF:12
BRH:12
end_of_record
TN:
SF:js/makemove.js
FN:2,(anonymous_0)
FN:6,(anonymous_1)
FN:26,(anonymous_2)
FN:34,(anonymous_3)
FN:50,(anonymous_4)
FN:143,(anonymous_5)
FNF:6
FNH:6
FNDA:1,(anonymous_0)
FNDA:55533385,(anonymous_1)
FNDA:55533385,(anonymous_2)
FNDA:863765014,(anonymous_3)
FNDA:425674983,(anonymous_4)
FNDA:425674983,(anonymous_5)
DA:3,1
DA:7,55533385
DA:8,55533385
DA:9,55533385
DA:11,55533385
DA:12,55533385
DA:13,55533385
DA:15,55533385
DA:16,159540508
DA:17,55533385
DA:18,55533385
DA:22,55533385
DA:27,55533385
DA:28,55533385
DA:29,55533385
DA:30,55533385
DA:31,55533385
DA:35,863765014
DA:36,863765014
DA:37,863765014
DA:39,863765014
DA:40,863765014
DA:42,863765014
DA:43,1426600592
DA:44,863765014
DA:45,863765014
DA:51,425674983
DA:52,425674983
DA:53,425674983
DA:55,425674983
DA:56,425674983
DA:58,75646
DA:59,73700
DA:62,1946
DA:65,425599337
DA:67,6207524
DA:69,2597696
DA:70,2597696
DA:72,288324
DA:73,288324
DA:75,2943800
DA:76,2943800
DA:78,377704
DA:79,377704
DA:81,0
DA:82,0
DA:86,425674983
DA:87,7405506
DA:89,425674983
DA:90,425674983
DA:91,425674983
DA:92,425674983
DA:93,425674983
DA:95,425674983
DA:96,425674983
DA:97,425674983
DA:98,425674983
DA:100,425674983
DA:101,425674983
DA:102,425674983
DA:103,46269091
DA:104,46269091
DA:106,425674983
DA:107,425674983
DA:109,425674983
DA:110,43187641
DA:111,43187641
DA:112,9822694
DA:113,9638510
DA:116,184184
DA:118,9822694
DA:122,425674983
DA:123,425674983
DA:124,425674983
DA:125,4594324
DA:126,4594324
DA:129,425674983
DA:130,425674983
DA:133,425674983
DA:134,30001847
DA:135,30001847
DA:137,395673136
DA:144,425674983
DA:145,425674983
DA:147,425674983
DA:148,425674983
DA:149,425674983
DA:150,425674983
DA:152,425674983
DA:153,9822694
DA:155,425674983
DA:157,425674983
DA:158,425674983
DA:159,425674983
DA:161,425674983
DA:162,7405506
DA:164,425674983
DA:166,425674983
DA:167,425674983
DA:169,425674983
DA:170,75646
DA:171,73700
DA:174,1946
DA:177,425599337
DA:178,6207524
DA:180,2597696
DA:181,2597696
DA:183,288324
DA:184,288324
DA:186,2943800
DA:187,2943800
DA:189,377704
DA:190,377704
DA:192,0
DA:193,0
DA:197,425674983
DA:198,425674983
DA:199,425674983
DA:200,46269091
DA:203,425674983
DA:204,425674983
DA:205,4594324
DA:206,4594324
LF:123
LH:119
BRDA:16,0,0,55533385
BRDA:16,0,1,104007123
BRDA:43,1,0,863765014
BRDA:43,1,1,562835578
BRDA:56,2,0,75646
BRDA:56,2,1,425599337
BRDA:58,3,0,73700
BRDA:58,3,1,1946
BRDA:65,4,0,6207524
BRDA:65,4,1,419391813
BRDA:67,5,0,2597696
BRDA:67,5,1,288324
BRDA:67,5,2,2943800
BRDA:67,5,3,377704
BRDA:67,5,4,0
BRDA:86,6,0,7405506
BRDA:86,6,1,418269477
BRDA:102,7,0,46269091
BRDA:102,7,1,379405892
BRDA:109,8,0,43187641
BRDA:109,8,1,382487342
BRDA:111,9,0,9822694
BRDA:111,9,1,33364947
BRDA:112,10,0,9638510
BRDA:112,10,1,184184
BRDA:124,11,0,4594324
BRDA:124,11,1,421080659
BRDA:133,12,0,30001847
BRDA:133,12,1,395673136
BRDA:152,13,0,9822694
BRDA:152,13,1,415852289
BRDA:161,14,0,7405506
BRDA:161,14,1,418269477
BRDA:169,15,0,75646
BRDA:169,15,1,425599337
BRDA:170,16,0,73700
BRDA:170,16,1,1946
BRDA:177,17,0,6207524
BRDA:177,17,1,419391813
BRDA:178,18,0,2597696
BRDA:178,18,1,288324
BRDA:178,18,2,2943800
BRDA:178,18,3,377704
BRDA:178,18,4,0
BRDA:199,19,0,46269091
BRDA:199,19,1,379405892
BRDA:204,20,0,4594324
BRDA:204,20,1,421080659
BRDA:207,21,0,2293704
BRDA:207,21,1,2300620
BRF:50
BRH:48
end_of_record
TN:
SF:js/movegen.js
FN:2,(anonymous_0)
FN:6,(anonymous_1)
FN:10,(anonymous_2)
FN:16,(anonymous_3)
FN:21,(anonymous_4)
FN:26,(anonymous_5)
FN:38,(anonymous_6)
FN:50,(anonymous_7)
FN:62,(anonymous_8)
FN:74,(anonymous_9)
FNF:10
FNH:10
FNDA:1,(anonymous_0)
FNDA:425674983,(anonymous_1)
FNDA:46269091,(anonymous_2)
FNDA:379330246,(anonymous_3)
FNDA:75646,(anonymous_4)
FNDA:8874037,(anonymous_5)
FNDA:490791,(anonymous_6)
FNDA:19596870,(anonymous_7)
FNDA:881860,(anonymous_8)
FNDA:12734382,(anonymous_9)
DA:3,1
DA:7,425674983
DA:11,46269091
DA:12,46269091
DA:17,379330246
DA:18,379330246
DA:22,75646
DA:23,75646
DA:27,8874037
DA:28,196291
DA:29,196291
DA:30,196291
DA:31,196291
DA:34,8677746
DA:39,490791
DA:40,197640
DA:41,197640
DA:42,197640
DA:43,197640
DA:46,293151
DA:51,19596870
DA:52,377135
DA:53,377135
DA:54,377135
DA:55,377135
DA:58,19219735
DA:63,881860
DA:64,377515
DA:65,377515
DA:66,377515
DA:67,377515
DA:70,504345
DA:75,12734382
DA:77,12734382
DA:78,8498950
DA:80,8498950
DA:81,33956645
DA:83,33956645
DA:84,19596870
DA:85,19596870
DA:86,9638510
DA:90,33956645
DA:91,33956645
DA:92,1303833
DA:94,33956645
DA:95,33956645
DA:96,7570204
DA:99,33956645
DA:100,1402229
DA:101,73531
DA:103,1402229
DA:104,169
DA:109,8498950
DA:111,3731253
DA:113,3376559
DA:114,2943800
DA:118,8498950
DA:120,3480067
DA:124,2741440
DA:125,2597696
DA:131,4235432
DA:133,4235432
DA:134,1494514
DA:136,1494514
DA:137,881860
DA:138,881860
DA:139,184184
DA:143,1494514
DA:144,1494514
DA:145,219589
DA:147,1494514
DA:148,1494514
DA:149,271202
DA:152,1494514
DA:153,56660
DA:154,162
DA:156,56660
DA:157,1784
DA:162,4235432
DA:164,465843
DA:166,446305
DA:167,377704
DA:171,4235432
DA:173,355623
DA:177,335057
DA:178,288324
DA:184,12734382
DA:185,12734382
DA:186,12734382
DA:187,25468764
DA:188,22841301
DA:189,22841301
DA:190,182730408
DA:191,182730408
DA:192,182730408
DA:193,38539158
DA:195,144191250
DA:196,45621203
DA:197,14090750
DA:201,98570047
DA:205,25468764
DA:208,12734382
DA:209,12734382
DA:210,12734382
DA:211,38203146
DA:212,35695178
DA:213,35695178
DA:214,160701600
DA:215,160701600
DA:216,160701600
DA:217,319392015
DA:218,77404714
DA:219,21631720
DA:221,77404714
DA:223,241987301
DA:224,241987301
DA:228,38203146
LF:117
LH:117
BRDA:27,0,0,196291
BRDA:27,0,1,8677746
BRDA:39,1,0,197640
BRDA:39,1,1,293151
BRDA:51,2,0,377135
BRDA:51,2,1,19219735
BRDA:63,3,0,377515
BRDA:63,3,1,504345
BRDA:77,4,0,8498950
BRDA:77,4,1,4235432
BRDA:83,5,0,19596870
BRDA:83,5,1,14359775
BRDA:85,6,0,9638510
BRDA:85,6,1,9958360
BRDA:85,7,0,19596870
BRDA:85,7,1,14180886
BRDA:91,8,0,1303833
BRDA:91,8,1,32652812
BRDA:91,9,0,33956645
BRDA:91,9,1,29464312
BRDA:95,10,0,7570204
BRDA:95,10,1,26386441
BRDA:95,11,0,33956645
BRDA:95,11,1,29517859
BRDA:99,12,0,1402229
BRDA:99,12,1,32554416
BRDA:100,13,0,73531
BRDA:100,13,1,1328698
BRDA:103,14,0,169
BRDA:103,14,1,1402060
BRDA:109,15,0,3731253
BRDA:109,15,1,4767697
BRDA:111,16,0,3376559
BRDA:111,16,1,354694
BRDA:111,17,0,3731253
BRDA:111,17,1,3391039
BRDA:113,18,0,2943800
BRDA:113,18,1,432759
BRDA:113,19,0,3376559
BRDA:113,19,1,2969358
BRDA:118,20,0,3480067
BRDA:118,20,1,5018883
BRDA:120,21,0,2741440
BRDA:120,21,1,738627
BRDA:120,22,0,3480067
BRDA:120,22,1,3017283
BRDA:120,22,2,2876334
BRDA:124,23,0,2597696
BRDA:124,23,1,143744
BRDA:124,24,0,2741440
BRDA:124,24,1,2621452
BRDA:136,25,0,881860
BRDA:136,25,1,612654
BRDA:138,26,0,184184
BRDA:138,26,1,697676
BRDA:138,27,0,881860
BRDA:138,27,1,270003
BRDA:144,28,0,219589
BRDA:144,28,1,1274925
BRDA:144,29,0,1494514
BRDA:144,29,1,1165825
BRDA:148,30,0,271202
BRDA:148,30,1,1223312
BRDA:148,31,0,1494514
BRDA:148,31,1,1385444
BRDA:152,32,0,56660
BRDA:152,32,1,1437854
BRDA:153,33,0,162
BRDA:153,33,1,56498
BRDA:156,34,0,1784
BRDA:156,34,1,54876
BRDA:162,35,0,465843
BRDA:162,35,1,3769589
BRDA:164,36,0,446305
BRDA:164,36,1,19538
BRDA:164,37,0,465843
BRDA:164,37,1,451031
BRDA:166,38,0,377704
BRDA:166,38,1,68601
BRDA:166,39,0,446305
BRDA:166,39,1,399570
BRDA:171,40,0,355623
BRDA:171,40,1,3879809
BRDA:173,41,0,335057
BRDA:173,41,1,20566
BRDA:173,42,0,355623
BRDA:173,42,1,343553
BRDA:173,42,2,337027
BRDA:177,43,0,288324
BRDA:177,43,1,46733
BRDA:177,44,0,335057
BRDA:177,44,1,303510
BRDA:192,45,0,38539158
BRDA:192,45,1,144191250
BRDA:195,46,0,45621203
BRDA:195,46,1,98570047
BRDA:196,47,0,14090750
BRDA:196,47,1,31530453
BRDA:217,48,0,77404714
BRDA:217,48,1,241987301
BRDA:218,49,0,21631720
BRDA:218,49,1,55772994
BRF:102
BRH:102
end_of_record
TN:
SF:js/perft.js
FN:2,(anonymous_0)
FN:11,(anonymous_1)
FN:29,(anonymous_2)
FNF:3
FNH:3
FNDA:1,(anonymous_0)
FNDA:395673136,(anonymous_1)
FNDA:126,(anonymous_2)
DA:3,1
DA:4,1
DA:5,1
DA:6,1
DA:7,1
DA:8,1
DA:12,395673136
DA:13,382938880
DA:14,382938880
DA:16,12734256
DA:18,12734256
DA:19,425673414
DA:20,425673414
DA:21,30001686
DA:23,395671728
DA:24,395671728
DA:26,12734256
DA:30,126
DA:31,126
DA:32,126
DA:33,126
DA:35,126
DA:36,126
DA:37,1569
DA:38,1569
DA:39,161
DA:41,1408
DA:42,1408
DA:43,1408
DA:44,1408
DA:45,1408
DA:46,1408
DA:49,126
DA:50,126
LF:34
LH:34
BRDA:12,0,0,382938880
BRDA:12,0,1,12734256
BRDA:20,1,0,30001686
BRDA:20,1,1,395671728
BRDA:38,2,0,161
BRDA:38,2,1,1408
BRF:6
BRH:6
end_of_record
